TN:
SF:src\App.js
FN:24,App
FN:30,(anonymous_1)
FN:35,(anonymous_2)
FN:36,(anonymous_3)
FN:46,(anonymous_4)
FN:61,(anonymous_5)
FN:63,(anonymous_6)
FN:101,(anonymous_7)
FN:145,(anonymous_8)
FN:152,(anonymous_9)
FN:165,(anonymous_10)
FN:179,(anonymous_11)
FNF:12
FNH:0
FNDA:0,App
FNDA:0,(anonymous_1)
FNDA:0,(anonymous_2)
FNDA:0,(anonymous_3)
FNDA:0,(anonymous_4)
FNDA:0,(anonymous_5)
FNDA:0,(anonymous_6)
FNDA:0,(anonymous_7)
FNDA:0,(anonymous_8)
FNDA:0,(anonymous_9)
FNDA:0,(anonymous_10)
FNDA:0,(anonymous_11)
DA:25,0
DA:26,0
DA:27,0
DA:28,0
DA:30,0
DA:31,0
DA:35,0
DA:36,0
DA:37,0
DA:38,0
DA:43,0
DA:45,0
DA:46,0
DA:61,0
DA:63,0
DA:64,0
DA:65,0
DA:67,0
DA:68,0
DA:70,0
DA:73,0
DA:75,0
DA:76,0
DA:78,0
DA:79,0
DA:81,0
DA:83,0
DA:84,0
DA:85,0
DA:86,0
DA:89,0
DA:90,0
DA:94,0
DA:97,0
DA:101,0
DA:102,0
DA:103,0
DA:130,0
DA:131,0
DA:132,0
DA:133,0
DA:139,0
DA:142,0
DA:145,0
DA:146,0
DA:147,0
DA:152,0
DA:154,0
DA:155,0
DA:157,0
DA:158,0
DA:159,0
DA:160,0
DA:161,0
DA:165,0
DA:166,0
DA:168,0
DA:170,0
DA:173,0
DA:174,0
DA:179,0
DA:180,0
DA:182,0
DA:188,0
DA:189,0
DA:191,0
DA:195,0
DA:196,0
DA:206,0
LF:69
LH:0
BRDA:37,0,0,0
BRDA:37,0,1,0
BRDA:67,1,0,0
BRDA:67,1,1,0
BRDA:67,2,0,0
BRDA:67,2,1,0
BRDA:75,3,0,0
BRDA:75,3,1,0
BRDA:89,4,0,0
BRDA:89,4,1,0
BRDA:89,5,0,0
BRDA:89,5,1,0
BRDA:130,6,0,0
BRDA:130,6,1,0
BRDA:146,7,0,0
BRDA:146,7,1,0
BRDA:154,8,0,0
BRDA:154,8,1,0
BRDA:160,9,0,0
BRDA:160,9,1,0
BRDA:180,10,0,0
BRDA:180,10,1,0
BRDA:188,11,0,0
BRDA:188,11,1,0
BRDA:189,12,0,0
BRDA:189,12,1,0
BRDA:195,13,0,0
BRDA:195,13,1,0
BRDA:210,14,0,0
BRDA:210,14,1,0
BRDA:214,15,0,0
BRDA:214,15,1,0
BRDA:216,16,0,0
BRDA:216,16,1,0
BRDA:218,17,0,0
BRDA:218,17,1,0
BRDA:219,18,0,0
BRDA:219,18,1,0
BRDA:224,19,0,0
BRDA:224,19,1,0
BRDA:232,20,0,0
BRDA:232,20,1,0
BRDA:240,21,0,0
BRDA:240,21,1,0
BRDA:255,22,0,0
BRDA:255,22,1,0
BRDA:263,23,0,0
BRDA:263,23,1,0
BRDA:271,24,0,0
BRDA:271,24,1,0
BRDA:279,25,0,0
BRDA:279,25,1,0
BRDA:288,26,0,0
BRDA:288,26,1,0
BRDA:298,27,0,0
BRDA:298,27,1,0
BRDA:298,28,0,0
BRDA:298,28,1,0
BRDA:306,29,0,0
BRDA:306,29,1,0
BRDA:311,30,0,0
BRDA:311,30,1,0
BRF:62
BRH:0
end_of_record
TN:
SF:src\components\AdminPanel.js
FN:11,(anonymous_0)
FN:46,(anonymous_1)
FN:47,(anonymous_2)
FN:55,(anonymous_3)
FN:59,(anonymous_4)
FN:63,(anonymous_5)
FN:89,(anonymous_6)
FN:99,(anonymous_7)
FN:109,(anonymous_8)
FN:113,(anonymous_9)
FN:118,(anonymous_10)
FN:119,(anonymous_11)
FN:121,(anonymous_12)
FN:128,(anonymous_13)
FN:138,(anonymous_14)
FN:144,(anonymous_15)
FN:149,(anonymous_16)
FN:154,(anonymous_17)
FN:176,(anonymous_18)
FN:179,(anonymous_19)
FN:184,(anonymous_20)
FN:184,(anonymous_21)
FN:198,(anonymous_22)
FN:201,(anonymous_23)
FN:213,(anonymous_24)
FN:213,(anonymous_25)
FN:245,(anonymous_26)
FN:249,(anonymous_27)
FN:254,(anonymous_28)
FN:255,(anonymous_29)
FN:257,(anonymous_30)
FN:264,(anonymous_31)
FN:273,(anonymous_32)
FN:274,(anonymous_33)
FN:287,(anonymous_34)
FN:287,(anonymous_35)
FN:313,(anonymous_36)
FN:336,(anonymous_37)
FN:344,(anonymous_38)
FN:359,(anonymous_39)
FN:359,(anonymous_40)
FN:377,(anonymous_41)
FN:387,(anonymous_42)
FN:396,(anonymous_43)
FN:401,(anonymous_44)
FN:415,(anonymous_45)
FN:465,(anonymous_46)
FN:466,(anonymous_47)
FN:470,(anonymous_48)
FN:474,(anonymous_49)
FN:483,(anonymous_50)
FN:502,(anonymous_51)
FN:509,(anonymous_52)
FN:532,(anonymous_53)
FN:545,(anonymous_54)
FN:556,(anonymous_55)
FN:565,(anonymous_56)
FN:583,(anonymous_57)
FN:591,(anonymous_58)
FN:599,(anonymous_59)
FN:632,(anonymous_60)
FN:638,(anonymous_61)
FN:674,(anonymous_62)
FN:682,(anonymous_63)
FN:690,(anonymous_64)
FN:704,(anonymous_65)
FN:710,(anonymous_66)
FN:760,(anonymous_67)
FN:768,(anonymous_68)
FN:776,(anonymous_69)
FN:815,(anonymous_70)
FN:828,(anonymous_71)
FN:839,(anonymous_72)
FN:848,(anonymous_73)
FN:866,(anonymous_74)
FN:872,(anonymous_75)
FN:880,(anonymous_76)
FN:912,(anonymous_77)
FN:919,(anonymous_78)
FN:938,(anonymous_79)
FN:945,(anonymous_80)
FN:977,(anonymous_81)
FN:1000,(anonymous_82)
FN:1025,(anonymous_83)
FN:1051,(anonymous_84)
FN:1065,(anonymous_85)
FN:1074,(anonymous_86)
FN:1099,(anonymous_87)
FN:1108,(anonymous_88)
FN:1115,(anonymous_89)
FNF:90
FNH:0
FNDA:0,(anonymous_0)
FNDA:0,(anonymous_1)
FNDA:0,(anonymous_2)
FNDA:0,(anonymous_3)
FNDA:0,(anonymous_4)
FNDA:0,(anonymous_5)
FNDA:0,(anonymous_6)
FNDA:0,(anonymous_7)
FNDA:0,(anonymous_8)
FNDA:0,(anonymous_9)
FNDA:0,(anonymous_10)
FNDA:0,(anonymous_11)
FNDA:0,(anonymous_12)
FNDA:0,(anonymous_13)
FNDA:0,(anonymous_14)
FNDA:0,(anonymous_15)
FNDA:0,(anonymous_16)
FNDA:0,(anonymous_17)
FNDA:0,(anonymous_18)
FNDA:0,(anonymous_19)
FNDA:0,(anonymous_20)
FNDA:0,(anonymous_21)
FNDA:0,(anonymous_22)
FNDA:0,(anonymous_23)
FNDA:0,(anonymous_24)
FNDA:0,(anonymous_25)
FNDA:0,(anonymous_26)
FNDA:0,(anonymous_27)
FNDA:0,(anonymous_28)
FNDA:0,(anonymous_29)
FNDA:0,(anonymous_30)
FNDA:0,(anonymous_31)
FNDA:0,(anonymous_32)
FNDA:0,(anonymous_33)
FNDA:0,(anonymous_34)
FNDA:0,(anonymous_35)
FNDA:0,(anonymous_36)
FNDA:0,(anonymous_37)
FNDA:0,(anonymous_38)
FNDA:0,(anonymous_39)
FNDA:0,(anonymous_40)
FNDA:0,(anonymous_41)
FNDA:0,(anonymous_42)
FNDA:0,(anonymous_43)
FNDA:0,(anonymous_44)
FNDA:0,(anonymous_45)
FNDA:0,(anonymous_46)
FNDA:0,(anonymous_47)
FNDA:0,(anonymous_48)
FNDA:0,(anonymous_49)
FNDA:0,(anonymous_50)
FNDA:0,(anonymous_51)
FNDA:0,(anonymous_52)
FNDA:0,(anonymous_53)
FNDA:0,(anonymous_54)
FNDA:0,(anonymous_55)
FNDA:0,(anonymous_56)
FNDA:0,(anonymous_57)
FNDA:0,(anonymous_58)
FNDA:0,(anonymous_59)
FNDA:0,(anonymous_60)
FNDA:0,(anonymous_61)
FNDA:0,(anonymous_62)
FNDA:0,(anonymous_63)
FNDA:0,(anonymous_64)
FNDA:0,(anonymous_65)
FNDA:0,(anonymous_66)
FNDA:0,(anonymous_67)
FNDA:0,(anonymous_68)
FNDA:0,(anonymous_69)
FNDA:0,(anonymous_70)
FNDA:0,(anonymous_71)
FNDA:0,(anonymous_72)
FNDA:0,(anonymous_73)
FNDA:0,(anonymous_74)
FNDA:0,(anonymous_75)
FNDA:0,(anonymous_76)
FNDA:0,(anonymous_77)
FNDA:0,(anonymous_78)
FNDA:0,(anonymous_79)
FNDA:0,(anonymous_80)
FNDA:0,(anonymous_81)
FNDA:0,(anonymous_82)
FNDA:0,(anonymous_83)
FNDA:0,(anonymous_84)
FNDA:0,(anonymous_85)
FNDA:0,(anonymous_86)
FNDA:0,(anonymous_87)
FNDA:0,(anonymous_88)
FNDA:0,(anonymous_89)
DA:11,0
DA:12,0
DA:13,0
DA:14,0
DA:15,0
DA:16,0
DA:17,0
DA:18,0
DA:19,0
DA:20,0
DA:21,0
DA:24,0
DA:25,0
DA:26,0
DA:27,0
DA:28,0
DA:31,0
DA:32,0
DA:33,0
DA:34,0
DA:35,0
DA:38,0
DA:39,0
DA:40,0
DA:41,0
DA:42,0
DA:43,0
DA:46,0
DA:47,0
DA:48,0
DA:49,0
DA:52,0
DA:53,0
DA:55,0
DA:59,0
DA:60,0
DA:63,0
DA:64,0
DA:65,0
DA:66,0
DA:67,0
DA:72,0
DA:75,0
DA:76,0
DA:77,0
DA:79,0
DA:80,0
DA:82,0
DA:89,0
DA:90,0
DA:92,0
DA:93,0
DA:95,0
DA:99,0
DA:100,0
DA:102,0
DA:103,0
DA:105,0
DA:109,0
DA:110,0
DA:111,0
DA:113,0
DA:115,0
DA:118,0
DA:119,0
DA:120,0
DA:121,0
DA:123,0
DA:128,0
DA:129,0
DA:130,0
DA:131,0
DA:134,0
DA:135,0
DA:138,0
DA:139,0
DA:140,0
DA:142,0
DA:144,0
DA:145,0
DA:147,0
DA:149,0
DA:150,0
DA:152,0
DA:154,0
DA:155,0
DA:157,0
DA:159,0
DA:162,0
DA:163,0
DA:164,0
DA:165,0
DA:168,0
DA:169,0
DA:171,0
DA:176,0
DA:177,0
DA:178,0
DA:179,0
DA:180,0
DA:182,0
DA:184,0
DA:185,0
DA:190,0
DA:191,0
DA:193,0
DA:198,0
DA:199,0
DA:200,0
DA:201,0
DA:202,0
DA:203,0
DA:208,0
DA:210,0
DA:213,0
DA:214,0
DA:219,0
DA:221,0
DA:223,0
DA:224,0
DA:225,0
DA:226,0
DA:227,0
DA:228,0
DA:229,0
DA:231,0
DA:232,0
DA:234,0
DA:235,0
DA:238,0
DA:240,0
DA:245,0
DA:246,0
DA:247,0
DA:249,0
DA:251,0
DA:254,0
DA:255,0
DA:256,0
DA:257,0
DA:259,0
DA:264,0
DA:265,0
DA:266,0
DA:267,0
DA:270,0
DA:271,0
DA:273,0
DA:274,0
DA:275,0
DA:276,0
DA:281,0
DA:284,0
DA:287,0
DA:288,0
DA:289,0
DA:290,0
DA:294,0
DA:296,0
DA:299,0
DA:300,0
DA:302,0
DA:305,0
DA:306,0
DA:308,0
DA:313,0
DA:314,0
DA:316,0
DA:317,0
DA:319,0
DA:324,0
DA:325,0
DA:326,0
DA:328,0
DA:329,0
DA:331,0
DA:336,0
DA:337,0
DA:338,0
DA:339,0
DA:340,0
DA:344,0
DA:345,0
DA:346,0
DA:347,0
DA:350,0
DA:351,0
DA:353,0
DA:359,0
DA:360,0
DA:363,0
DA:364,0
DA:365,0
DA:366,0
DA:367,0
DA:369,0
DA:370,0
DA:372,0
DA:377,0
DA:378,0
DA:383,0
DA:387,0
DA:388,0
DA:389,0
DA:390,0
DA:391,0
DA:396,0
DA:397,0
DA:401,0
DA:402,0
DA:411,0
DA:415,0
DA:417,0
DA:418,0
DA:422,0
DA:423,0
DA:424,0
DA:426,0
DA:431,0
DA:461,0
DA:465,0
DA:466,0
DA:467,0
DA:470,0
DA:474,0
DA:475,0
DA:476,0
DA:478,0
DA:483,0
DA:484,0
DA:485,0
DA:487,0
DA:491,0
DA:502,0
DA:509,0
DA:532,0
DA:545,0
DA:556,0
DA:565,0
DA:583,0
DA:591,0
DA:599,0
DA:633,0
DA:638,0
DA:674,0
DA:682,0
DA:690,0
DA:705,0
DA:710,0
DA:760,0
DA:768,0
DA:776,0
DA:815,0
DA:828,0
DA:839,0
DA:848,0
DA:867,0
DA:872,0
DA:880,0
DA:913,0
DA:919,0
DA:939,0
DA:945,0
DA:977,0
DA:1000,0
DA:1025,0
DA:1051,0
DA:1065,0
DA:1074,0
DA:1099,0
DA:1108,0
DA:1115,0
LF:272
LH:0
BRDA:75,0,0,0
BRDA:75,0,1,0
BRDA:90,1,0,0
BRDA:90,1,1,0
BRDA:92,2,0,0
BRDA:92,2,1,0
BRDA:93,3,0,0
BRDA:93,3,1,0
BRDA:95,4,0,0
BRDA:95,4,1,0
BRDA:95,4,2,0
BRDA:100,5,0,0
BRDA:100,5,1,0
BRDA:102,6,0,0
BRDA:102,6,1,0
BRDA:103,7,0,0
BRDA:103,7,1,0
BRDA:105,8,0,0
BRDA:105,8,1,0
BRDA:105,8,2,0
BRDA:110,9,0,0
BRDA:110,9,1,0
BRDA:120,10,0,0
BRDA:120,10,1,0
BRDA:129,11,0,0
BRDA:129,11,1,0
BRDA:142,12,0,0
BRDA:142,12,1,0
BRDA:142,12,2,0
BRDA:142,12,3,0
BRDA:180,13,0,0
BRDA:180,13,1,0
BRDA:185,14,0,0
BRDA:185,14,1,0
BRDA:214,15,0,0
BRDA:214,15,1,0
BRDA:224,16,0,0
BRDA:224,16,1,0
BRDA:226,17,0,0
BRDA:226,17,1,0
BRDA:226,18,0,0
BRDA:226,18,1,0
BRDA:228,19,0,0
BRDA:228,19,1,0
BRDA:231,20,0,0
BRDA:231,20,1,0
BRDA:234,21,0,0
BRDA:234,21,1,0
BRDA:246,22,0,0
BRDA:246,22,1,0
BRDA:256,23,0,0
BRDA:256,23,1,0
BRDA:265,24,0,0
BRDA:265,24,1,0
BRDA:288,25,0,0
BRDA:288,25,1,0
BRDA:302,26,0,0
BRDA:302,26,1,0
BRDA:314,27,0,0
BRDA:314,27,1,0
BRDA:314,28,0,0
BRDA:314,28,1,0
BRDA:345,29,0,0
BRDA:345,29,1,0
BRDA:345,30,0,0
BRDA:345,30,1,0
BRDA:345,30,2,0
BRDA:360,31,0,0
BRDA:360,31,1,0
BRDA:383,32,0,0
BRDA:383,32,1,0
BRDA:388,33,0,0
BRDA:388,33,1,0
BRDA:388,33,2,0
BRDA:397,34,0,0
BRDA:397,34,1,0
BRDA:411,35,0,0
BRDA:411,35,1,0
BRDA:417,36,0,0
BRDA:417,36,1,0
BRDA:417,37,0,0
BRDA:417,37,1,0
BRDA:422,38,0,0
BRDA:422,38,1,0
BRDA:422,39,0,0
BRDA:422,39,1,0
BRDA:461,40,0,0
BRDA:461,40,1,0
BRDA:475,41,0,0
BRDA:475,41,1,0
BRDA:484,42,0,0
BRDA:484,42,1,0
BRDA:501,43,0,0
BRDA:501,43,1,0
BRDA:508,44,0,0
BRDA:508,44,1,0
BRDA:517,45,0,0
BRDA:517,45,1,0
BRDA:522,46,0,0
BRDA:522,46,1,0
BRDA:531,47,0,0
BRDA:531,47,1,0
BRDA:552,48,0,0
BRDA:552,48,1,0
BRDA:575,49,0,0
BRDA:575,49,1,0
BRDA:609,50,0,0
BRDA:609,50,1,0
BRDA:609,51,0,0
BRDA:609,51,1,0
BRDA:611,52,0,0
BRDA:611,52,1,0
BRDA:611,52,2,0
BRDA:613,53,0,0
BRDA:613,53,1,0
BRDA:664,54,0,0
BRDA:664,54,1,0
BRDA:673,55,0,0
BRDA:673,55,1,0
BRDA:677,56,0,0
BRDA:677,56,1,0
BRDA:678,57,0,0
BRDA:678,57,1,0
BRDA:702,58,0,0
BRDA:702,58,1,0
BRDA:702,58,2,0
BRDA:742,59,0,0
BRDA:742,59,1,0
BRDA:759,60,0,0
BRDA:759,60,1,0
BRDA:763,61,0,0
BRDA:763,61,1,0
BRDA:764,62,0,0
BRDA:764,62,1,0
BRDA:788,63,0,0
BRDA:788,63,1,0
BRDA:788,63,2,0
BRDA:800,64,0,0
BRDA:800,64,1,0
BRDA:805,65,0,0
BRDA:805,65,1,0
BRDA:814,66,0,0
BRDA:814,66,1,0
BRDA:835,67,0,0
BRDA:835,67,1,0
BRDA:858,68,0,0
BRDA:858,68,1,0
BRDA:895,69,0,0
BRDA:895,69,1,0
BRDA:913,70,0,0
BRDA:913,70,1,0
BRDA:933,71,0,0
BRDA:933,71,1,0
BRDA:944,72,0,0
BRDA:944,72,1,0
BRDA:946,73,0,0
BRDA:946,73,1,0
BRDA:948,74,0,0
BRDA:948,74,1,0
BRDA:949,75,0,0
BRDA:949,75,1,0
BRDA:958,76,0,0
BRDA:958,76,1,0
BRDA:958,76,2,0
BRDA:970,77,0,0
BRDA:970,77,1,0
BRDA:985,78,0,0
BRDA:985,78,1,0
BRDA:986,79,0,0
BRDA:986,79,1,0
BRDA:987,80,0,0
BRDA:987,80,1,0
BRDA:990,81,0,0
BRDA:990,81,1,0
BRDA:1006,82,0,0
BRDA:1006,82,1,0
BRDA:1010,83,0,0
BRDA:1010,83,1,0
BRDA:1018,84,0,0
BRDA:1018,84,1,0
BRDA:1018,84,2,0
BRDA:1081,85,0,0
BRDA:1081,85,1,0
BRDA:1081,85,2,0
BRDA:1092,86,0,0
BRDA:1092,86,1,0
BRDA:1122,87,0,0
BRDA:1122,87,1,0
BRDA:1133,88,0,0
BRDA:1133,88,1,0
BRF:190
BRH:0
end_of_record
TN:
SF:src\components\CustomerService.js
FN:21,(anonymous_0)
FN:96,(anonymous_1)
FN:100,(anonymous_2)
FN:101,(anonymous_3)
FN:106,(anonymous_4)
FN:109,(anonymous_5)
FN:113,(anonymous_6)
FN:123,(anonymous_7)
FN:127,(anonymous_8)
FN:134,(anonymous_9)
FN:138,(anonymous_10)
FN:145,(anonymous_11)
FN:161,(anonymous_12)
FN:165,(anonymous_13)
FN:167,(anonymous_14)
FN:170,(anonymous_15)
FN:172,(anonymous_16)
FN:172,(anonymous_17)
FN:177,(anonymous_18)
FN:178,(anonymous_19)
FN:180,(anonymous_20)
FN:186,(anonymous_21)
FN:192,(anonymous_22)
FN:211,(anonymous_23)
FN:226,(anonymous_24)
FN:232,(anonymous_25)
FN:238,(anonymous_26)
FN:248,(anonymous_27)
FN:261,(anonymous_28)
FN:268,(anonymous_29)
FN:281,(anonymous_30)
FN:285,(anonymous_31)
FN:296,(anonymous_32)
FN:328,(anonymous_33)
FN:334,(anonymous_34)
FN:338,(anonymous_35)
FN:339,(anonymous_36)
FNF:37
FNH:0
FNDA:0,(anonymous_0)
FNDA:0,(anonymous_1)
FNDA:0,(anonymous_2)
FNDA:0,(anonymous_3)
FNDA:0,(anonymous_4)
FNDA:0,(anonymous_5)
FNDA:0,(anonymous_6)
FNDA:0,(anonymous_7)
FNDA:0,(anonymous_8)
FNDA:0,(anonymous_9)
FNDA:0,(anonymous_10)
FNDA:0,(anonymous_11)
FNDA:0,(anonymous_12)
FNDA:0,(anonymous_13)
FNDA:0,(anonymous_14)
FNDA:0,(anonymous_15)
FNDA:0,(anonymous_16)
FNDA:0,(anonymous_17)
FNDA:0,(anonymous_18)
FNDA:0,(anonymous_19)
FNDA:0,(anonymous_20)
FNDA:0,(anonymous_21)
FNDA:0,(anonymous_22)
FNDA:0,(anonymous_23)
FNDA:0,(anonymous_24)
FNDA:0,(anonymous_25)
FNDA:0,(anonymous_26)
FNDA:0,(anonymous_27)
FNDA:0,(anonymous_28)
FNDA:0,(anonymous_29)
FNDA:0,(anonymous_30)
FNDA:0,(anonymous_31)
FNDA:0,(anonymous_32)
FNDA:0,(anonymous_33)
FNDA:0,(anonymous_34)
FNDA:0,(anonymous_35)
FNDA:0,(anonymous_36)
DA:21,0
DA:22,0
DA:23,0
DA:24,0
DA:32,0
DA:33,0
DA:34,0
DA:35,0
DA:36,0
DA:38,0
DA:89,0
DA:96,0
DA:97,0
DA:100,0
DA:101,0
DA:102,0
DA:105,0
DA:106,0
DA:109,0
DA:110,0
DA:113,0
DA:114,0
DA:116,0
DA:123,0
DA:124,0
DA:127,0
DA:128,0
DA:134,0
DA:138,0
DA:139,0
DA:140,0
DA:141,0
DA:145,0
DA:146,0
DA:148,0
DA:149,0
DA:150,0
DA:151,0
DA:152,0
DA:153,0
DA:154,0
DA:155,0
DA:157,0
DA:161,0
DA:162,0
DA:165,0
DA:166,0
DA:167,0
DA:170,0
DA:171,0
DA:172,0
DA:173,0
DA:177,0
DA:178,0
DA:179,0
DA:181,0
DA:182,0
DA:186,0
DA:187,0
DA:192,0
DA:194,0
DA:196,0
DA:211,0
DA:226,0
DA:232,0
DA:238,0
DA:249,0
DA:261,0
DA:268,0
DA:282,0
DA:285,0
DA:296,0
DA:328,0
DA:335,0
DA:338,0
DA:340,0
LF:76
LH:0
BRDA:114,0,0,0
BRDA:114,0,1,0
BRDA:139,1,0,0
BRDA:139,1,1,0
BRDA:139,2,0,0
BRDA:139,2,1,0
BRDA:148,3,0,0
BRDA:148,3,1,0
BRDA:148,4,0,0
BRDA:148,4,1,0
BRDA:150,5,0,0
BRDA:150,5,1,0
BRDA:150,6,0,0
BRDA:150,6,1,0
BRDA:152,7,0,0
BRDA:152,7,1,0
BRDA:152,8,0,0
BRDA:152,8,1,0
BRDA:154,9,0,0
BRDA:154,9,1,0
BRDA:154,10,0,0
BRDA:154,10,1,0
BRDA:171,11,0,0
BRDA:171,11,1,0
BRDA:187,12,0,0
BRDA:187,12,1,0
BRDA:187,12,2,0
BRDA:194,13,0,0
BRDA:194,13,1,0
BRDA:197,14,0,0
BRDA:197,14,1,0
BRDA:198,15,0,0
BRDA:198,15,1,0
BRDA:213,16,0,0
BRDA:213,16,1,0
BRDA:221,17,0,0
BRDA:221,17,1,0
BRDA:225,18,0,0
BRDA:225,18,1,0
BRDA:231,19,0,0
BRDA:231,19,1,0
BRDA:237,20,0,0
BRDA:237,20,1,0
BRDA:245,21,0,0
BRDA:245,21,1,0
BRDA:251,22,0,0
BRDA:251,22,1,0
BRDA:303,23,0,0
BRDA:303,23,1,0
BRDA:319,24,0,0
BRDA:319,24,1,0
BRDA:356,25,0,0
BRDA:356,25,1,0
BRF:53
BRH:0
end_of_record
TN:
SF:src\components\Dashboard.js
FN:46,(anonymous_0)
FN:130,(anonymous_1)
FN:140,(anonymous_2)
FN:144,(anonymous_3)
FN:149,(anonymous_4)
FN:150,(anonymous_5)
FN:161,(anonymous_6)
FN:164,(anonymous_7)
FN:176,(anonymous_8)
FN:177,(anonymous_9)
FN:186,(anonymous_10)
FN:188,(anonymous_11)
FN:198,(anonymous_12)
FN:216,(anonymous_13)
FN:220,(anonymous_14)
FN:225,(anonymous_15)
FN:233,(anonymous_16)
FN:240,(anonymous_17)
FN:259,(anonymous_18)
FN:264,(anonymous_19)
FN:283,(anonymous_20)
FN:294,(anonymous_21)
FN:323,(anonymous_22)
FN:353,(anonymous_23)
FN:356,(anonymous_24)
FN:366,(anonymous_25)
FN:369,(anonymous_26)
FN:379,(anonymous_27)
FN:381,(anonymous_28)
FN:405,(anonymous_29)
FN:408,(anonymous_30)
FN:414,(anonymous_31)
FN:418,(anonymous_32)
FN:424,(anonymous_33)
FN:429,(anonymous_34)
FN:436,(anonymous_35)
FN:441,(anonymous_36)
FN:447,(anonymous_37)
FN:480,(anonymous_38)
FN:503,(anonymous_39)
FN:506,(anonymous_40)
FN:506,(anonymous_41)
FN:510,(anonymous_42)
FN:510,(anonymous_43)
FN:515,(anonymous_44)
FN:555,(anonymous_45)
FN:576,(anonymous_46)
FN:598,(anonymous_47)
FN:605,(anonymous_48)
FN:609,(anonymous_49)
FN:640,(anonymous_50)
FN:663,(anonymous_51)
FN:672,(anonymous_52)
FN:687,(anonymous_53)
FN:696,(anonymous_54)
FN:711,(anonymous_55)
FN:724,(anonymous_56)
FN:729,(anonymous_57)
FN:730,(anonymous_58)
FN:737,(anonymous_59)
FN:741,(anonymous_60)
FN:760,(anonymous_61)
FN:778,(anonymous_62)
FN:811,(anonymous_63)
FN:820,(anonymous_64)
FN:827,(anonymous_65)
FN:848,(anonymous_66)
FN:862,(anonymous_67)
FN:871,(anonymous_68)
FN:876,(anonymous_69)
FN:897,(anonymous_70)
FN:944,(anonymous_71)
FN:964,(anonymous_72)
FN:1006,(anonymous_73)
FN:1011,(anonymous_74)
FN:1038,(anonymous_75)
FN:1080,(anonymous_76)
FN:1107,(anonymous_77)
FN:1128,(anonymous_78)
FN:1128,(anonymous_79)
FN:1136,(anonymous_80)
FN:1164,(anonymous_81)
FN:1170,(anonymous_82)
FN:1175,(anonymous_83)
FN:1175,(anonymous_84)
FN:1186,(anonymous_85)
FN:1186,(anonymous_86)
FN:1203,(anonymous_87)
FN:1225,(anonymous_88)
FN:1231,(anonymous_89)
FN:1278,(anonymous_90)
FN:1334,(anonymous_91)
FN:1352,(anonymous_92)
FN:1372,(anonymous_93)
FN:1373,(anonymous_94)
FN:1473,(anonymous_95)
FN:1483,(anonymous_96)
FN:1497,(anonymous_97)
FN:1500,(anonymous_98)
FN:1503,(anonymous_99)
FN:1506,(anonymous_100)
FN:1510,(anonymous_101)
FN:1525,(anonymous_102)
FN:1546,(anonymous_103)
FNF:104
FNH:0
FNDA:0,(anonymous_0)
FNDA:0,(anonymous_1)
FNDA:0,(anonymous_2)
FNDA:0,(anonymous_3)
FNDA:0,(anonymous_4)
FNDA:0,(anonymous_5)
FNDA:0,(anonymous_6)
FNDA:0,(anonymous_7)
FNDA:0,(anonymous_8)
FNDA:0,(anonymous_9)
FNDA:0,(anonymous_10)
FNDA:0,(anonymous_11)
FNDA:0,(anonymous_12)
FNDA:0,(anonymous_13)
FNDA:0,(anonymous_14)
FNDA:0,(anonymous_15)
FNDA:0,(anonymous_16)
FNDA:0,(anonymous_17)
FNDA:0,(anonymous_18)
FNDA:0,(anonymous_19)
FNDA:0,(anonymous_20)
FNDA:0,(anonymous_21)
FNDA:0,(anonymous_22)
FNDA:0,(anonymous_23)
FNDA:0,(anonymous_24)
FNDA:0,(anonymous_25)
FNDA:0,(anonymous_26)
FNDA:0,(anonymous_27)
FNDA:0,(anonymous_28)
FNDA:0,(anonymous_29)
FNDA:0,(anonymous_30)
FNDA:0,(anonymous_31)
FNDA:0,(anonymous_32)
FNDA:0,(anonymous_33)
FNDA:0,(anonymous_34)
FNDA:0,(anonymous_35)
FNDA:0,(anonymous_36)
FNDA:0,(anonymous_37)
FNDA:0,(anonymous_38)
FNDA:0,(anonymous_39)
FNDA:0,(anonymous_40)
FNDA:0,(anonymous_41)
FNDA:0,(anonymous_42)
FNDA:0,(anonymous_43)
FNDA:0,(anonymous_44)
FNDA:0,(anonymous_45)
FNDA:0,(anonymous_46)
FNDA:0,(anonymous_47)
FNDA:0,(anonymous_48)
FNDA:0,(anonymous_49)
FNDA:0,(anonymous_50)
FNDA:0,(anonymous_51)
FNDA:0,(anonymous_52)
FNDA:0,(anonymous_53)
FNDA:0,(anonymous_54)
FNDA:0,(anonymous_55)
FNDA:0,(anonymous_56)
FNDA:0,(anonymous_57)
FNDA:0,(anonymous_58)
FNDA:0,(anonymous_59)
FNDA:0,(anonymous_60)
FNDA:0,(anonymous_61)
FNDA:0,(anonymous_62)
FNDA:0,(anonymous_63)
FNDA:0,(anonymous_64)
FNDA:0,(anonymous_65)
FNDA:0,(anonymous_66)
FNDA:0,(anonymous_67)
FNDA:0,(anonymous_68)
FNDA:0,(anonymous_69)
FNDA:0,(anonymous_70)
FNDA:0,(anonymous_71)
FNDA:0,(anonymous_72)
FNDA:0,(anonymous_73)
FNDA:0,(anonymous_74)
FNDA:0,(anonymous_75)
FNDA:0,(anonymous_76)
FNDA:0,(anonymous_77)
FNDA:0,(anonymous_78)
FNDA:0,(anonymous_79)
FNDA:0,(anonymous_80)
FNDA:0,(anonymous_81)
FNDA:0,(anonymous_82)
FNDA:0,(anonymous_83)
FNDA:0,(anonymous_84)
FNDA:0,(anonymous_85)
FNDA:0,(anonymous_86)
FNDA:0,(anonymous_87)
FNDA:0,(anonymous_88)
FNDA:0,(anonymous_89)
FNDA:0,(anonymous_90)
FNDA:0,(anonymous_91)
FNDA:0,(anonymous_92)
FNDA:0,(anonymous_93)
FNDA:0,(anonymous_94)
FNDA:0,(anonymous_95)
FNDA:0,(anonymous_96)
FNDA:0,(anonymous_97)
FNDA:0,(anonymous_98)
FNDA:0,(anonymous_99)
FNDA:0,(anonymous_100)
FNDA:0,(anonymous_101)
FNDA:0,(anonymous_102)
FNDA:0,(anonymous_103)
DA:46,0
DA:47,0
DA:48,0
DA:49,0
DA:50,0
DA:51,0
DA:52,0
DA:53,0
DA:54,0
DA:55,0
DA:56,0
DA:57,0
DA:58,0
DA:59,0
DA:60,0
DA:61,0
DA:64,0
DA:65,0
DA:66,0
DA:69,0
DA:76,0
DA:77,0
DA:78,0
DA:79,0
DA:82,0
DA:85,0
DA:86,0
DA:87,0
DA:88,0
DA:89,0
DA:90,0
DA:92,0
DA:93,0
DA:96,0
DA:97,0
DA:98,0
DA:99,0
DA:100,0
DA:101,0
DA:102,0
DA:103,0
DA:104,0
DA:105,0
DA:106,0
DA:109,0
DA:117,0
DA:118,0
DA:120,0
DA:123,0
DA:130,0
DA:131,0
DA:132,0
DA:133,0
DA:135,0
DA:140,0
DA:141,0
DA:144,0
DA:145,0
DA:149,0
DA:150,0
DA:151,0
DA:152,0
DA:154,0
DA:156,0
DA:160,0
DA:161,0
DA:164,0
DA:166,0
DA:167,0
DA:168,0
DA:169,0
DA:170,0
DA:173,0
DA:174,0
DA:176,0
DA:177,0
DA:178,0
DA:179,0
DA:186,0
DA:187,0
DA:188,0
DA:189,0
DA:190,0
DA:192,0
DA:198,0
DA:200,0
DA:201,0
DA:204,0
DA:205,0
DA:206,0
DA:207,0
DA:211,0
DA:216,0
DA:217,0
DA:218,0
DA:220,0
DA:221,0
DA:222,0
DA:225,0
DA:233,0
DA:234,0
DA:235,0
DA:236,0
DA:237,0
DA:240,0
DA:249,0
DA:250,0
DA:253,0
DA:254,0
DA:257,0
DA:258,0
DA:259,0
DA:260,0
DA:261,0
DA:264,0
DA:270,0
DA:273,0
DA:276,0
DA:277,0
DA:278,0
DA:280,0
DA:281,0
DA:282,0
DA:283,0
DA:289,0
DA:294,0
DA:295,0
DA:323,0
DA:324,0
DA:331,0
DA:341,0
DA:353,0
DA:354,0
DA:355,0
DA:356,0
DA:361,0
DA:366,0
DA:368,0
DA:369,0
DA:371,0
DA:372,0
DA:373,0
DA:376,0
DA:379,0
DA:380,0
DA:381,0
DA:388,0
DA:389,0
DA:393,0
DA:394,0
DA:395,0
DA:397,0
DA:401,0
DA:405,0
DA:407,0
DA:408,0
DA:409,0
DA:410,0
DA:414,0
DA:418,0
DA:419,0
DA:420,0
DA:424,0
DA:425,0
DA:426,0
DA:428,0
DA:429,0
DA:431,0
DA:432,0
DA:436,0
DA:437,0
DA:438,0
DA:441,0
DA:442,0
DA:443,0
DA:447,0
DA:448,0
DA:450,0
DA:451,0
DA:453,0
DA:454,0
DA:456,0
DA:457,0
DA:458,0
DA:462,0
DA:463,0
DA:464,0
DA:467,0
DA:469,0
DA:472,0
DA:473,0
DA:474,0
DA:477,0
DA:480,0
DA:490,0
DA:491,0
DA:493,0
DA:494,0
DA:496,0
DA:497,0
DA:503,0
DA:504,0
DA:505,0
DA:506,0
DA:508,0
DA:510,0
DA:515,0
DA:516,0
DA:517,0
DA:518,0
DA:519,0
DA:526,0
DA:528,0
DA:529,0
DA:530,0
DA:533,0
DA:534,0
DA:535,0
DA:537,0
DA:538,0
DA:541,0
DA:542,0
DA:543,0
DA:544,0
DA:547,0
DA:548,0
DA:550,0
DA:555,0
DA:556,0
DA:557,0
DA:565,0
DA:566,0
DA:569,0
DA:571,0
DA:576,0
DA:577,0
DA:579,0
DA:580,0
DA:581,0
DA:582,0
DA:585,0
DA:586,0
DA:593,0
DA:594,0
DA:595,0
DA:598,0
DA:599,0
DA:601,0
DA:602,0
DA:604,0
DA:606,0
DA:607,0
DA:609,0
DA:615,0
DA:617,0
DA:622,0
DA:625,0
DA:627,0
DA:629,0
DA:633,0
DA:635,0
DA:640,0
DA:641,0
DA:642,0
DA:645,0
DA:646,0
DA:647,0
DA:649,0
DA:650,0
DA:651,0
DA:655,0
DA:658,0
DA:663,0
DA:664,0
DA:665,0
DA:668,0
DA:671,0
DA:672,0
DA:679,0
DA:681,0
DA:682,0
DA:687,0
DA:688,0
DA:689,0
DA:692,0
DA:695,0
DA:696,0
DA:703,0
DA:705,0
DA:706,0
DA:711,0
DA:712,0
DA:713,0
DA:715,0
DA:724,0
DA:725,0
DA:729,0
DA:730,0
DA:731,0
DA:732,0
DA:736,0
DA:737,0
DA:741,0
DA:742,0
DA:743,0
DA:744,0
DA:750,0
DA:751,0
DA:760,0
DA:761,0
DA:762,0
DA:763,0
DA:764,0
DA:765,0
DA:767,0
DA:768,0
DA:769,0
DA:770,0
DA:771,0
DA:772,0
DA:774,0
DA:778,0
DA:780,0
DA:783,0
DA:784,0
DA:785,0
DA:786,0
DA:789,0
DA:791,0
DA:793,0
DA:794,0
DA:795,0
DA:800,0
DA:801,0
DA:803,0
DA:807,0
DA:811,0
DA:819,0
DA:820,0
DA:823,0
DA:827,0
DA:836,0
DA:839,0
DA:846,0
DA:847,0
DA:848,0
DA:851,0
DA:854,0
DA:856,0
DA:862,0
DA:864,0
DA:865,0
DA:867,0
DA:871,0
DA:872,0
DA:876,0
DA:877,0
DA:878,0
DA:883,0
DA:884,0
DA:885,0
DA:888,0
DA:889,0
DA:890,0
DA:893,0
DA:897,0
DA:898,0
DA:899,0
DA:900,0
DA:904,0
DA:905,0
DA:907,0
DA:908,0
DA:909,0
DA:917,0
DA:918,0
DA:921,0
DA:930,0
DA:932,0
DA:934,0
DA:944,0
DA:947,0
DA:950,0
DA:951,0
DA:954,0
DA:957,0
DA:958,0
DA:960,0
DA:964,0
DA:965,0
DA:966,0
DA:968,0
DA:969,0
DA:970,0
DA:973,0
DA:974,0
DA:975,0
DA:976,0
DA:978,0
DA:986,0
DA:988,0
DA:989,0
DA:996,0
DA:999,0
DA:1000,0
DA:1002,0
DA:1006,0
DA:1007,0
DA:1011,0
DA:1012,0
DA:1014,0
DA:1019,0
DA:1020,0
DA:1022,0
DA:1023,0
DA:1026,0
DA:1027,0
DA:1031,0
DA:1033,0
DA:1038,0
DA:1039,0
DA:1040,0
DA:1041,0
DA:1042,0
DA:1045,0
DA:1046,0
DA:1047,0
DA:1063,0
DA:1064,0
DA:1065,0
DA:1066,0
DA:1069,0
DA:1070,0
DA:1073,0
DA:1075,0
DA:1080,0
DA:1081,0
DA:1082,0
DA:1083,0
DA:1090,0
DA:1091,0
DA:1092,0
DA:1093,0
DA:1095,0
DA:1096,0
DA:1099,0
DA:1100,0
DA:1102,0
DA:1107,0
DA:1109,0
DA:1110,0
DA:1112,0
DA:1113,0
DA:1114,0
DA:1117,0
DA:1118,0
DA:1121,0
DA:1122,0
DA:1123,0
DA:1125,0
DA:1128,0
DA:1130,0
DA:1131,0
DA:1136,0
DA:1137,0
DA:1138,0
DA:1139,0
DA:1140,0
DA:1147,0
DA:1148,0
DA:1149,0
DA:1150,0
DA:1152,0
DA:1153,0
DA:1156,0
DA:1157,0
DA:1159,0
DA:1164,0
DA:1165,0
DA:1166,0
DA:1170,0
DA:1171,0
DA:1172,0
DA:1173,0
DA:1175,0
DA:1176,0
DA:1186,0
DA:1187,0
DA:1197,0
DA:1198,0
DA:1203,0
DA:1204,0
DA:1206,0
DA:1209,0
DA:1210,0
DA:1213,0
DA:1214,0
DA:1217,0
DA:1219,0
DA:1220,0
DA:1225,0
DA:1226,0
DA:1227,0
DA:1231,0
DA:1232,0
DA:1234,0
DA:1235,0
DA:1236,0
DA:1238,0
DA:1239,0
DA:1240,0
DA:1242,0
DA:1243,0
DA:1244,0
DA:1246,0
DA:1247,0
DA:1248,0
DA:1250,0
DA:1251,0
DA:1252,0
DA:1255,0
DA:1256,0
DA:1257,0
DA:1258,0
DA:1259,0
DA:1267,0
DA:1269,0
DA:1272,0
DA:1273,0
DA:1278,0
DA:1279,0
DA:1282,0
DA:1283,0
DA:1305,0
DA:1306,0
DA:1310,0
DA:1311,0
DA:1329,0
DA:1334,0
DA:1353,0
DA:1372,0
DA:1373,0
DA:1376,0
DA:1377,0
DA:1379,0
DA:1380,0
DA:1390,0
DA:1467,0
DA:1473,0
DA:1483,0
DA:1497,0
DA:1500,0
DA:1503,0
DA:1506,0
DA:1511,0
DA:1512,0
DA:1525,0
DA:1546,0
LF:558
LH:0
BRDA:131,0,0,0
BRDA:131,0,1,0
BRDA:154,1,0,0
BRDA:154,1,1,0
BRDA:173,2,0,0
BRDA:173,2,1,0
BRDA:173,3,0,0
BRDA:173,3,1,0
BRDA:178,4,0,0
BRDA:178,4,1,0
BRDA:187,5,0,0
BRDA:187,5,1,0
BRDA:187,6,0,0
BRDA:187,6,1,0
BRDA:189,7,0,0
BRDA:189,7,1,0
BRDA:189,8,0,0
BRDA:189,8,1,0
BRDA:200,9,0,0
BRDA:200,9,1,0
BRDA:204,10,0,0
BRDA:204,10,1,0
BRDA:217,11,0,0
BRDA:217,11,1,0
BRDA:218,12,0,0
BRDA:218,12,1,0
BRDA:221,13,0,0
BRDA:221,13,1,0
BRDA:240,14,0,0
BRDA:240,14,1,0
BRDA:257,15,0,0
BRDA:257,15,1,0
BRDA:258,16,0,0
BRDA:258,16,1,0
BRDA:258,17,0,0
BRDA:258,17,1,0
BRDA:260,18,0,0
BRDA:260,18,1,0
BRDA:280,19,0,0
BRDA:280,19,1,0
BRDA:281,20,0,0
BRDA:281,20,1,0
BRDA:368,21,0,0
BRDA:368,21,1,0
BRDA:371,22,0,0
BRDA:371,22,1,0
BRDA:380,23,0,0
BRDA:380,23,1,0
BRDA:388,24,0,0
BRDA:388,24,1,0
BRDA:388,25,0,0
BRDA:388,25,1,0
BRDA:393,26,0,0
BRDA:393,26,1,0
BRDA:393,27,0,0
BRDA:393,27,1,0
BRDA:401,28,0,0
BRDA:401,28,1,0
BRDA:407,29,0,0
BRDA:407,29,1,0
BRDA:409,30,0,0
BRDA:409,30,1,0
BRDA:414,31,0,0
BRDA:414,31,1,0
BRDA:431,32,0,0
BRDA:431,32,1,0
BRDA:448,33,0,0
BRDA:448,33,1,0
BRDA:456,34,0,0
BRDA:456,34,1,0
BRDA:462,35,0,0
BRDA:462,35,1,0
BRDA:472,36,0,0
BRDA:472,36,1,0
BRDA:472,37,0,0
BRDA:472,37,1,0
BRDA:482,38,0,0
BRDA:482,38,1,0
BRDA:496,39,0,0
BRDA:496,39,1,0
BRDA:528,40,0,0
BRDA:528,40,1,0
BRDA:533,41,0,0
BRDA:533,41,1,0
BRDA:533,42,0,0
BRDA:533,42,1,0
BRDA:577,43,0,0
BRDA:577,43,1,0
BRDA:585,44,0,0
BRDA:585,44,1,0
BRDA:593,45,0,0
BRDA:593,45,1,0
BRDA:598,46,0,0
BRDA:598,46,1,0
BRDA:599,47,0,0
BRDA:599,47,1,0
BRDA:601,48,0,0
BRDA:601,48,1,0
BRDA:601,49,0,0
BRDA:601,49,1,0
BRDA:612,50,0,0
BRDA:612,50,1,0
BRDA:641,51,0,0
BRDA:641,51,1,0
BRDA:647,52,0,0
BRDA:647,52,1,0
BRDA:649,53,0,0
BRDA:649,53,1,0
BRDA:671,54,0,0
BRDA:671,54,1,0
BRDA:695,55,0,0
BRDA:695,55,1,0
BRDA:731,56,0,0
BRDA:731,56,1,0
BRDA:767,57,0,0
BRDA:767,57,1,0
BRDA:769,58,0,0
BRDA:769,58,1,0
BRDA:771,59,0,0
BRDA:771,59,1,0
BRDA:780,60,0,0
BRDA:780,60,1,0
BRDA:780,61,0,0
BRDA:780,61,1,0
BRDA:784,62,0,0
BRDA:784,62,1,0
BRDA:784,63,0,0
BRDA:784,63,1,0
BRDA:784,63,2,0
BRDA:794,64,0,0
BRDA:794,64,1,0
BRDA:796,65,0,0
BRDA:796,65,1,0
BRDA:796,66,0,0
BRDA:796,66,1,0
BRDA:810,67,0,0
BRDA:810,67,1,0
BRDA:824,68,0,0
BRDA:824,68,1,0
BRDA:828,69,0,0
BRDA:828,69,1,0
BRDA:829,70,0,0
BRDA:829,70,1,0
BRDA:842,71,0,0
BRDA:842,71,1,0
BRDA:883,72,0,0
BRDA:883,72,1,0
BRDA:888,73,0,0
BRDA:888,73,1,0
BRDA:898,74,0,0
BRDA:898,74,1,0
BRDA:905,75,0,0
BRDA:905,75,1,0
BRDA:913,76,0,0
BRDA:913,76,1,0
BRDA:917,77,0,0
BRDA:917,77,1,0
BRDA:932,78,0,0
BRDA:932,78,1,0
BRDA:932,79,0,0
BRDA:932,79,1,0
BRDA:940,80,0,0
BRDA:940,80,1,0
BRDA:941,81,0,0
BRDA:941,81,1,0
BRDA:950,82,0,0
BRDA:950,82,1,0
BRDA:954,83,0,0
BRDA:954,83,1,0
BRDA:966,84,0,0
BRDA:966,84,1,0
BRDA:968,85,0,0
BRDA:968,85,1,0
BRDA:988,86,0,0
BRDA:988,86,1,0
BRDA:988,87,0,0
BRDA:988,87,1,0
BRDA:996,88,0,0
BRDA:996,88,1,0
BRDA:1022,89,0,0
BRDA:1022,89,1,0
BRDA:1026,90,0,0
BRDA:1026,90,1,0
BRDA:1055,91,0,0
BRDA:1055,91,1,0
BRDA:1063,92,0,0
BRDA:1063,92,1,0
BRDA:1069,93,0,0
BRDA:1069,93,1,0
BRDA:1070,94,0,0
BRDA:1070,94,1,0
BRDA:1080,95,0,0
BRDA:1080,96,0,0
BRDA:1090,97,0,0
BRDA:1090,97,1,0
BRDA:1110,98,0,0
BRDA:1110,98,1,0
BRDA:1112,99,0,0
BRDA:1112,99,1,0
BRDA:1117,100,0,0
BRDA:1117,100,1,0
BRDA:1147,101,0,0
BRDA:1147,101,1,0
BRDA:1165,102,0,0
BRDA:1165,102,1,0
BRDA:1166,103,0,0
BRDA:1166,103,1,0
BRDA:1173,104,0,0
BRDA:1173,104,1,0
BRDA:1176,105,0,0
BRDA:1176,105,1,0
BRDA:1180,106,0,0
BRDA:1180,106,1,0
BRDA:1187,107,0,0
BRDA:1187,107,1,0
BRDA:1191,108,0,0
BRDA:1191,108,1,0
BRDA:1213,109,0,0
BRDA:1213,109,1,0
BRDA:1234,110,0,0
BRDA:1234,110,1,0
BRDA:1238,111,0,0
BRDA:1238,111,1,0
BRDA:1242,112,0,0
BRDA:1242,112,1,0
BRDA:1246,113,0,0
BRDA:1246,113,1,0
BRDA:1250,114,0,0
BRDA:1250,114,1,0
BRDA:1256,115,0,0
BRDA:1256,115,1,0
BRDA:1279,116,0,0
BRDA:1279,116,1,0
BRDA:1282,117,0,0
BRDA:1282,117,1,0
BRDA:1305,118,0,0
BRDA:1305,118,1,0
BRDA:1310,119,0,0
BRDA:1310,119,1,0
BRDA:1347,120,0,0
BRDA:1347,120,1,0
BRDA:1349,121,0,0
BRDA:1349,121,1,0
BRDA:1354,122,0,0
BRDA:1354,122,1,0
BRDA:1354,123,0,0
BRDA:1354,123,1,0
BRDA:1362,124,0,0
BRDA:1362,124,1,0
BRDA:1376,125,0,0
BRDA:1376,125,1,0
BRDA:1470,126,0,0
BRDA:1470,126,1,0
BRDA:1480,127,0,0
BRDA:1480,127,1,0
BRDA:1480,127,2,0
BRDA:1487,128,0,0
BRDA:1487,128,1,0
BRDA:1500,129,0,0
BRDA:1500,129,1,0
BRDA:1506,130,0,0
BRDA:1506,130,1,0
BRDA:1521,131,0,0
BRDA:1521,131,1,0
BRDA:1534,132,0,0
BRDA:1534,132,1,0
BRDA:1535,133,0,0
BRDA:1535,133,1,0
BRF:268
BRH:0
end_of_record
TN:
SF:src\components\DataFinetuning.js
FN:23,(anonymous_0)
FN:52,(anonymous_1)
FN:62,(anonymous_2)
FN:63,(anonymous_3)
FN:69,(anonymous_4)
FN:78,(anonymous_5)
FN:84,(anonymous_6)
FN:100,(anonymous_7)
FN:104,(anonymous_8)
FN:105,(anonymous_9)
FN:106,(anonymous_10)
FN:114,(anonymous_11)
FN:116,(anonymous_12)
FN:117,(anonymous_13)
FN:126,(anonymous_14)
FN:139,(anonymous_15)
FN:152,(anonymous_16)
FN:158,(anonymous_17)
FN:208,(anonymous_18)
FN:216,(anonymous_19)
FN:227,(anonymous_20)
FN:231,(anonymous_21)
FN:248,(anonymous_22)
FN:259,(anonymous_23)
FN:269,(anonymous_24)
FN:280,(anonymous_25)
FN:286,(anonymous_26)
FN:312,(anonymous_27)
FN:348,(anonymous_28)
FN:372,(anonymous_29)
FN:390,(anonymous_30)
FN:398,(anonymous_31)
FN:477,(anonymous_32)
FNF:33
FNH:0
FNDA:0,(anonymous_0)
FNDA:0,(anonymous_1)
FNDA:0,(anonymous_2)
FNDA:0,(anonymous_3)
FNDA:0,(anonymous_4)
FNDA:0,(anonymous_5)
FNDA:0,(anonymous_6)
FNDA:0,(anonymous_7)
FNDA:0,(anonymous_8)
FNDA:0,(anonymous_9)
FNDA:0,(anonymous_10)
FNDA:0,(anonymous_11)
FNDA:0,(anonymous_12)
FNDA:0,(anonymous_13)
FNDA:0,(anonymous_14)
FNDA:0,(anonymous_15)
FNDA:0,(anonymous_16)
FNDA:0,(anonymous_17)
FNDA:0,(anonymous_18)
FNDA:0,(anonymous_19)
FNDA:0,(anonymous_20)
FNDA:0,(anonymous_21)
FNDA:0,(anonymous_22)
FNDA:0,(anonymous_23)
FNDA:0,(anonymous_24)
FNDA:0,(anonymous_25)
FNDA:0,(anonymous_26)
FNDA:0,(anonymous_27)
FNDA:0,(anonymous_28)
FNDA:0,(anonymous_29)
FNDA:0,(anonymous_30)
FNDA:0,(anonymous_31)
FNDA:0,(anonymous_32)
DA:23,0
DA:24,0
DA:25,0
DA:26,0
DA:27,0
DA:35,0
DA:36,0
DA:38,0
DA:45,0
DA:52,0
DA:53,0
DA:54,0
DA:55,0
DA:56,0
DA:58,0
DA:62,0
DA:63,0
DA:69,0
DA:70,0
DA:78,0
DA:80,0
DA:81,0
DA:84,0
DA:85,0
DA:86,0
DA:87,0
DA:90,0
DA:100,0
DA:101,0
DA:104,0
DA:105,0
DA:106,0
DA:107,0
DA:114,0
DA:115,0
DA:116,0
DA:117,0
DA:118,0
DA:126,0
DA:127,0
DA:129,0
DA:131,0
DA:133,0
DA:135,0
DA:139,0
DA:140,0
DA:142,0
DA:144,0
DA:146,0
DA:148,0
DA:152,0
DA:153,0
DA:155,0
DA:158,0
DA:197,0
DA:208,0
DA:216,0
DA:228,0
DA:231,0
DA:248,0
DA:259,0
DA:269,0
DA:280,0
DA:286,0
DA:297,0
DA:312,0
DA:348,0
DA:365,0
DA:373,0
DA:374,0
DA:375,0
DA:391,0
DA:398,0
DA:454,0
DA:458,0
DA:478,0
LF:76
LH:0
BRDA:54,0,0,0
BRDA:54,0,1,0
BRDA:54,1,0,0
BRDA:54,1,1,0
BRDA:70,2,0,0
BRDA:70,2,1,0
BRDA:70,2,2,0
BRDA:70,2,3,0
BRDA:70,2,4,0
BRDA:85,3,0,0
BRDA:85,3,1,0
BRDA:107,4,0,0
BRDA:107,4,1,0
BRDA:118,5,0,0
BRDA:118,5,1,0
BRDA:127,6,0,0
BRDA:127,6,1,0
BRDA:127,6,2,0
BRDA:127,6,3,0
BRDA:140,7,0,0
BRDA:140,7,1,0
BRDA:140,7,2,0
BRDA:140,7,3,0
BRDA:153,8,0,0
BRDA:153,8,1,0
BRDA:153,8,2,0
BRDA:153,8,3,0
BRDA:153,8,4,0
BRDA:185,9,0,0
BRDA:185,9,1,0
BRDA:230,10,0,0
BRDA:230,10,1,0
BRDA:427,11,0,0
BRDA:427,11,1,0
BRDA:433,12,0,0
BRDA:433,12,1,0
BRDA:439,13,0,0
BRDA:439,13,1,0
BRDA:480,14,0,0
BRDA:480,14,1,0
BRDA:480,15,0,0
BRDA:480,15,1,0
BRF:42
BRH:0
end_of_record
TN:
SF:src\components\DataManagement.js
FN:22,(anonymous_0)
FN:49,(anonymous_1)
FN:50,(anonymous_2)
FN:57,(anonymous_3)
FN:68,(anonymous_4)
FN:72,(anonymous_5)
FN:78,(anonymous_6)
FN:87,(anonymous_7)
FN:91,(anonymous_8)
FN:119,(anonymous_9)
FN:127,(anonymous_10)
FN:132,(anonymous_11)
FN:139,(anonymous_12)
FN:145,(anonymous_13)
FN:151,(anonymous_14)
FN:176,(anonymous_15)
FN:199,(anonymous_16)
FN:204,(anonymous_17)
FN:214,(anonymous_18)
FN:265,(anonymous_19)
FN:269,(anonymous_20)
FN:360,(anonymous_21)
FN:375,(anonymous_22)
FN:389,(anonymous_23)
FN:492,(anonymous_24)
FNF:25
FNH:0
FNDA:0,(anonymous_0)
FNDA:0,(anonymous_1)
FNDA:0,(anonymous_2)
FNDA:0,(anonymous_3)
FNDA:0,(anonymous_4)
FNDA:0,(anonymous_5)
FNDA:0,(anonymous_6)
FNDA:0,(anonymous_7)
FNDA:0,(anonymous_8)
FNDA:0,(anonymous_9)
FNDA:0,(anonymous_10)
FNDA:0,(anonymous_11)
FNDA:0,(anonymous_12)
FNDA:0,(anonymous_13)
FNDA:0,(anonymous_14)
FNDA:0,(anonymous_15)
FNDA:0,(anonymous_16)
FNDA:0,(anonymous_17)
FNDA:0,(anonymous_18)
FNDA:0,(anonymous_19)
FNDA:0,(anonymous_20)
FNDA:0,(anonymous_21)
FNDA:0,(anonymous_22)
FNDA:0,(anonymous_23)
FNDA:0,(anonymous_24)
DA:22,0
DA:23,0
DA:24,0
DA:30,0
DA:38,0
DA:39,0
DA:40,0
DA:41,0
DA:42,0
DA:45,0
DA:46,0
DA:49,0
DA:50,0
DA:51,0
DA:54,0
DA:55,0
DA:57,0
DA:61,0
DA:68,0
DA:69,0
DA:72,0
DA:73,0
DA:74,0
DA:77,0
DA:79,0
DA:80,0
DA:88,0
DA:89,0
DA:92,0
DA:93,0
DA:98,0
DA:99,0
DA:103,0
DA:109,0
DA:112,0
DA:114,0
DA:119,0
DA:120,0
DA:121,0
DA:122,0
DA:124,0
DA:126,0
DA:127,0
DA:130,0
DA:131,0
DA:132,0
DA:134,0
DA:139,0
DA:140,0
DA:141,0
DA:145,0
DA:146,0
DA:147,0
DA:151,0
DA:152,0
DA:153,0
DA:154,0
DA:157,0
DA:158,0
DA:159,0
DA:160,0
DA:161,0
DA:162,0
DA:163,0
DA:164,0
DA:165,0
DA:168,0
DA:169,0
DA:171,0
DA:176,0
DA:177,0
DA:178,0
DA:179,0
DA:181,0
DA:182,0
DA:183,0
DA:184,0
DA:185,0
DA:186,0
DA:187,0
DA:188,0
DA:191,0
DA:192,0
DA:194,0
DA:199,0
DA:200,0
DA:204,0
DA:205,0
DA:206,0
DA:207,0
DA:208,0
DA:209,0
DA:210,0
DA:214,0
DA:215,0
DA:216,0
DA:217,0
DA:220,0
DA:223,0
DA:224,0
DA:234,0
DA:266,0
DA:269,0
DA:360,0
DA:375,0
DA:389,0
DA:492,0
LF:107
LH:0
BRDA:98,0,0,0
BRDA:98,0,1,0
BRDA:181,1,0,0
BRDA:181,1,1,0
BRDA:185,2,0,0
BRDA:185,2,1,0
BRDA:192,3,0,0
BRDA:192,3,1,0
BRDA:205,4,0,0
BRDA:205,4,1,0
BRDA:208,5,0,0
BRDA:208,5,1,0
BRDA:209,6,0,0
BRDA:209,6,1,0
BRDA:215,7,0,0
BRDA:215,7,1,0
BRDA:216,8,0,0
BRDA:216,8,1,0
BRDA:217,9,0,0
BRDA:217,9,1,0
BRDA:223,10,0,0
BRDA:223,10,1,0
BRDA:263,11,0,0
BRDA:263,11,1,0
BRDA:268,12,0,0
BRDA:268,12,1,0
BRDA:279,13,0,0
BRDA:279,13,1,0
BRDA:279,13,2,0
BRDA:287,14,0,0
BRDA:287,14,1,0
BRDA:287,15,0,0
BRDA:287,15,1,0
BRDA:313,16,0,0
BRDA:313,16,1,0
BRDA:333,17,0,0
BRDA:333,17,1,0
BRDA:340,18,0,0
BRDA:340,18,1,0
BRDA:340,18,2,0
BRDA:348,19,0,0
BRDA:348,19,1,0
BRDA:348,20,0,0
BRDA:348,20,1,0
BRDA:403,21,0,0
BRDA:403,21,1,0
BRDA:404,22,0,0
BRDA:404,22,1,0
BRDA:405,23,0,0
BRDA:405,23,1,0
BRDA:408,24,0,0
BRDA:408,24,1,0
BRDA:411,25,0,0
BRDA:411,25,1,0
BRDA:418,26,0,0
BRDA:418,26,1,0
BRDA:418,27,0,0
BRDA:418,27,1,0
BRDA:474,28,0,0
BRDA:474,28,1,0
BRDA:482,29,0,0
BRDA:482,29,1,0
BRDA:485,30,0,0
BRDA:485,30,1,0
BRDA:497,31,0,0
BRDA:497,31,1,0
BRF:66
BRH:0
end_of_record
TN:
SF:src\components\FeatureContent.js
FN:30,(anonymous_0)
FN:109,(anonymous_1)
FN:141,(anonymous_2)
FN:142,(anonymous_3)
FN:150,(anonymous_4)
FN:157,(anonymous_5)
FN:162,(anonymous_6)
FN:180,(anonymous_7)
FN:187,(anonymous_8)
FN:198,(anonymous_9)
FN:203,(anonymous_10)
FN:215,(anonymous_11)
FN:225,(anonymous_12)
FN:231,(anonymous_13)
FN:251,(anonymous_14)
FN:270,(anonymous_15)
FN:276,(anonymous_16)
FN:276,(anonymous_17)
FN:279,(anonymous_18)
FN:282,(anonymous_19)
FN:290,(anonymous_20)
FN:293,(anonymous_21)
FN:304,(anonymous_22)
FN:313,(anonymous_23)
FN:326,(anonymous_24)
FN:342,(anonymous_25)
FN:355,(anonymous_26)
FN:359,(anonymous_27)
FN:366,(anonymous_28)
FN:387,(anonymous_29)
FN:408,(anonymous_30)
FN:436,(anonymous_31)
FN:466,(anonymous_32)
FN:469,(anonymous_33)
FN:478,(anonymous_34)
FN:480,(anonymous_35)
FN:492,(anonymous_36)
FN:512,(anonymous_37)
FN:524,(anonymous_38)
FN:535,(anonymous_39)
FN:537,(anonymous_40)
FN:547,(anonymous_41)
FN:549,(anonymous_42)
FN:604,(anonymous_43)
FN:608,(anonymous_44)
FN:611,(anonymous_45)
FN:630,(anonymous_46)
FN:641,(anonymous_47)
FN:658,(anonymous_48)
FN:659,(anonymous_49)
FN:665,(anonymous_50)
FN:671,(anonymous_51)
FN:689,(anonymous_52)
FN:694,(anonymous_53)
FN:698,(anonymous_54)
FN:714,(anonymous_55)
FN:729,(anonymous_56)
FN:757,(anonymous_57)
FN:764,(anonymous_58)
FN:771,(anonymous_59)
FN:810,(anonymous_60)
FN:821,(anonymous_61)
FN:849,(anonymous_62)
FN:856,(anonymous_63)
FN:863,(anonymous_64)
FN:871,(anonymous_65)
FN:887,(anonymous_66)
FN:895,(anonymous_67)
FN:911,(anonymous_68)
FN:922,(anonymous_69)
FN:942,(anonymous_70)
FN:946,(anonymous_71)
FN:947,(anonymous_72)
FN:950,(anonymous_73)
FN:987,(anonymous_74)
FN:995,(anonymous_75)
FN:1007,(anonymous_76)
FN:1023,(anonymous_77)
FN:1027,(anonymous_78)
FN:1028,(anonymous_79)
FN:1031,(anonymous_80)
FN:1045,(anonymous_81)
FN:1045,(anonymous_82)
FN:1054,(anonymous_83)
FN:1054,(anonymous_84)
FN:1064,(anonymous_85)
FN:1064,(anonymous_86)
FN:1075,(anonymous_87)
FN:1075,(anonymous_88)
FN:1079,(anonymous_89)
FN:1080,(anonymous_90)
FN:1092,(anonymous_91)
FN:1092,(anonymous_92)
FN:1108,(anonymous_93)
FN:1124,(anonymous_94)
FN:1127,(anonymous_95)
FN:1128,(anonymous_96)
FN:1159,(anonymous_97)
FN:1201,(anonymous_98)
FN:1242,(anonymous_99)
FN:1274,(anonymous_100)
FN:1302,(anonymous_101)
FN:1309,(anonymous_102)
FN:1316,(anonymous_103)
FN:1336,(anonymous_104)
FN:1345,(anonymous_105)
FN:1356,(anonymous_106)
FN:1368,(anonymous_107)
FN:1390,(anonymous_108)
FN:1398,(anonymous_109)
FN:1421,(anonymous_110)
FN:1443,(anonymous_111)
FN:1447,(anonymous_112)
FN:1469,(anonymous_113)
FN:1542,(anonymous_114)
FN:1604,(anonymous_115)
FNF:116
FNH:0
FNDA:0,(anonymous_0)
FNDA:0,(anonymous_1)
FNDA:0,(anonymous_2)
FNDA:0,(anonymous_3)
FNDA:0,(anonymous_4)
FNDA:0,(anonymous_5)
FNDA:0,(anonymous_6)
FNDA:0,(anonymous_7)
FNDA:0,(anonymous_8)
FNDA:0,(anonymous_9)
FNDA:0,(anonymous_10)
FNDA:0,(anonymous_11)
FNDA:0,(anonymous_12)
FNDA:0,(anonymous_13)
FNDA:0,(anonymous_14)
FNDA:0,(anonymous_15)
FNDA:0,(anonymous_16)
FNDA:0,(anonymous_17)
FNDA:0,(anonymous_18)
FNDA:0,(anonymous_19)
FNDA:0,(anonymous_20)
FNDA:0,(anonymous_21)
FNDA:0,(anonymous_22)
FNDA:0,(anonymous_23)
FNDA:0,(anonymous_24)
FNDA:0,(anonymous_25)
FNDA:0,(anonymous_26)
FNDA:0,(anonymous_27)
FNDA:0,(anonymous_28)
FNDA:0,(anonymous_29)
FNDA:0,(anonymous_30)
FNDA:0,(anonymous_31)
FNDA:0,(anonymous_32)
FNDA:0,(anonymous_33)
FNDA:0,(anonymous_34)
FNDA:0,(anonymous_35)
FNDA:0,(anonymous_36)
FNDA:0,(anonymous_37)
FNDA:0,(anonymous_38)
FNDA:0,(anonymous_39)
FNDA:0,(anonymous_40)
FNDA:0,(anonymous_41)
FNDA:0,(anonymous_42)
FNDA:0,(anonymous_43)
FNDA:0,(anonymous_44)
FNDA:0,(anonymous_45)
FNDA:0,(anonymous_46)
FNDA:0,(anonymous_47)
FNDA:0,(anonymous_48)
FNDA:0,(anonymous_49)
FNDA:0,(anonymous_50)
FNDA:0,(anonymous_51)
FNDA:0,(anonymous_52)
FNDA:0,(anonymous_53)
FNDA:0,(anonymous_54)
FNDA:0,(anonymous_55)
FNDA:0,(anonymous_56)
FNDA:0,(anonymous_57)
FNDA:0,(anonymous_58)
FNDA:0,(anonymous_59)
FNDA:0,(anonymous_60)
FNDA:0,(anonymous_61)
FNDA:0,(anonymous_62)
FNDA:0,(anonymous_63)
FNDA:0,(anonymous_64)
FNDA:0,(anonymous_65)
FNDA:0,(anonymous_66)
FNDA:0,(anonymous_67)
FNDA:0,(anonymous_68)
FNDA:0,(anonymous_69)
FNDA:0,(anonymous_70)
FNDA:0,(anonymous_71)
FNDA:0,(anonymous_72)
FNDA:0,(anonymous_73)
FNDA:0,(anonymous_74)
FNDA:0,(anonymous_75)
FNDA:0,(anonymous_76)
FNDA:0,(anonymous_77)
FNDA:0,(anonymous_78)
FNDA:0,(anonymous_79)
FNDA:0,(anonymous_80)
FNDA:0,(anonymous_81)
FNDA:0,(anonymous_82)
FNDA:0,(anonymous_83)
FNDA:0,(anonymous_84)
FNDA:0,(anonymous_85)
FNDA:0,(anonymous_86)
FNDA:0,(anonymous_87)
FNDA:0,(anonymous_88)
FNDA:0,(anonymous_89)
FNDA:0,(anonymous_90)
FNDA:0,(anonymous_91)
FNDA:0,(anonymous_92)
FNDA:0,(anonymous_93)
FNDA:0,(anonymous_94)
FNDA:0,(anonymous_95)
FNDA:0,(anonymous_96)
FNDA:0,(anonymous_97)
FNDA:0,(anonymous_98)
FNDA:0,(anonymous_99)
FNDA:0,(anonymous_100)
FNDA:0,(anonymous_101)
FNDA:0,(anonymous_102)
FNDA:0,(anonymous_103)
FNDA:0,(anonymous_104)
FNDA:0,(anonymous_105)
FNDA:0,(anonymous_106)
FNDA:0,(anonymous_107)
FNDA:0,(anonymous_108)
FNDA:0,(anonymous_109)
FNDA:0,(anonymous_110)
FNDA:0,(anonymous_111)
FNDA:0,(anonymous_112)
FNDA:0,(anonymous_113)
FNDA:0,(anonymous_114)
FNDA:0,(anonymous_115)
DA:30,0
DA:101,0
DA:103,0
DA:104,0
DA:105,0
DA:106,0
DA:109,0
DA:112,0
DA:113,0
DA:114,0
DA:115,0
DA:116,0
DA:117,0
DA:118,0
DA:119,0
DA:120,0
DA:121,0
DA:122,0
DA:123,0
DA:124,0
DA:125,0
DA:126,0
DA:127,0
DA:128,0
DA:130,0
DA:133,0
DA:134,0
DA:135,0
DA:136,0
DA:137,0
DA:141,0
DA:142,0
DA:143,0
DA:144,0
DA:150,0
DA:151,0
DA:152,0
DA:157,0
DA:158,0
DA:162,0
DA:163,0
DA:164,0
DA:165,0
DA:166,0
DA:167,0
DA:169,0
DA:172,0
DA:173,0
DA:175,0
DA:180,0
DA:181,0
DA:182,0
DA:183,0
DA:186,0
DA:187,0
DA:188,0
DA:194,0
DA:198,0
DA:199,0
DA:203,0
DA:204,0
DA:206,0
DA:207,0
DA:208,0
DA:209,0
DA:210,0
DA:215,0
DA:216,0
DA:217,0
DA:218,0
DA:219,0
DA:225,0
DA:226,0
DA:227,0
DA:231,0
DA:232,0
DA:233,0
DA:234,0
DA:235,0
DA:236,0
DA:237,0
DA:238,0
DA:239,0
DA:241,0
DA:242,0
DA:243,0
DA:245,0
DA:246,0
DA:247,0
DA:248,0
DA:250,0
DA:251,0
DA:261,0
DA:263,0
DA:264,0
DA:265,0
DA:270,0
DA:271,0
DA:272,0
DA:276,0
DA:279,0
DA:282,0
DA:283,0
DA:285,0
DA:290,0
DA:294,0
DA:304,0
DA:305,0
DA:314,0
DA:316,0
DA:317,0
DA:326,0
DA:343,0
DA:345,0
DA:346,0
DA:356,0
DA:360,0
DA:362,0
DA:363,0
DA:366,0
DA:388,0
DA:389,0
DA:408,0
DA:437,0
DA:467,0
DA:469,0
DA:478,0
DA:480,0
DA:492,0
DA:512,0
DA:513,0
DA:524,0
DA:535,0
DA:538,0
DA:547,0
DA:550,0
DA:605,0
DA:608,0
DA:612,0
DA:613,0
DA:614,0
DA:615,0
DA:630,0
DA:631,0
DA:641,0
DA:658,0
DA:660,0
DA:661,0
DA:662,0
DA:666,0
DA:672,0
DA:673,0
DA:675,0
DA:689,0
DA:695,0
DA:698,0
DA:715,0
DA:716,0
DA:730,0
DA:757,0
DA:764,0
DA:771,0
DA:810,0
DA:822,0
DA:849,0
DA:856,0
DA:863,0
DA:871,0
DA:887,0
DA:897,0
DA:898,0
DA:899,0
DA:900,0
DA:901,0
DA:902,0
DA:904,0
DA:907,0
DA:911,0
DA:922,0
DA:942,0
DA:943,0
DA:945,0
DA:946,0
DA:947,0
DA:950,0
DA:987,0
DA:996,0
DA:997,0
DA:1008,0
DA:1009,0
DA:1023,0
DA:1024,0
DA:1026,0
DA:1027,0
DA:1028,0
DA:1031,0
DA:1045,0
DA:1054,0
DA:1064,0
DA:1075,0
DA:1079,0
DA:1081,0
DA:1092,0
DA:1108,0
DA:1124,0
DA:1127,0
DA:1128,0
DA:1129,0
DA:1130,0
DA:1131,0
DA:1132,0
DA:1134,0
DA:1135,0
DA:1136,0
DA:1137,0
DA:1138,0
DA:1139,0
DA:1140,0
DA:1141,0
DA:1142,0
DA:1143,0
DA:1144,0
DA:1145,0
DA:1146,0
DA:1147,0
DA:1151,0
DA:1155,0
DA:1159,0
DA:1160,0
DA:1161,0
DA:1162,0
DA:1165,0
DA:1166,0
DA:1167,0
DA:1169,0
DA:1170,0
DA:1171,0
DA:1172,0
DA:1174,0
DA:1175,0
DA:1176,0
DA:1177,0
DA:1179,0
DA:1180,0
DA:1181,0
DA:1182,0
DA:1183,0
DA:1184,0
DA:1185,0
DA:1187,0
DA:1190,0
DA:1193,0
DA:1194,0
DA:1196,0
DA:1201,0
DA:1202,0
DA:1203,0
DA:1204,0
DA:1207,0
DA:1208,0
DA:1209,0
DA:1211,0
DA:1212,0
DA:1213,0
DA:1215,0
DA:1216,0
DA:1217,0
DA:1218,0
DA:1219,0
DA:1220,0
DA:1223,0
DA:1225,0
DA:1226,0
DA:1229,0
DA:1232,0
DA:1233,0
DA:1235,0
DA:1242,0
DA:1243,0
DA:1245,0
DA:1246,0
DA:1247,0
DA:1249,0
DA:1250,0
DA:1251,0
DA:1252,0
DA:1253,0
DA:1254,0
DA:1255,0
DA:1256,0
DA:1257,0
DA:1258,0
DA:1260,0
DA:1263,0
DA:1266,0
DA:1267,0
DA:1269,0
DA:1274,0
DA:1275,0
DA:1277,0
DA:1278,0
DA:1279,0
DA:1280,0
DA:1281,0
DA:1282,0
DA:1283,0
DA:1284,0
DA:1286,0
DA:1287,0
DA:1289,0
DA:1295,0
DA:1302,0
DA:1309,0
DA:1316,0
DA:1336,0
DA:1345,0
DA:1356,0
DA:1368,0
DA:1390,0
DA:1398,0
DA:1421,0
DA:1444,0
DA:1447,0
DA:1470,0
DA:1471,0
DA:1543,0
DA:1604,0
DA:1692,0
LF:328
LH:0
BRDA:143,0,0,0
BRDA:143,0,1,0
BRDA:151,1,0,0
BRDA:151,1,1,0
BRDA:166,2,0,0
BRDA:166,2,1,0
BRDA:166,3,0,0
BRDA:166,3,1,0
BRDA:181,4,0,0
BRDA:181,4,1,0
BRDA:188,5,0,0
BRDA:188,5,1,0
BRDA:188,5,2,0
BRDA:188,5,3,0
BRDA:188,5,4,0
BRDA:188,5,5,0
BRDA:188,5,6,0
BRDA:188,5,7,0
BRDA:188,5,8,0
BRDA:188,5,9,0
BRDA:206,6,0,0
BRDA:206,6,1,0
BRDA:207,7,0,0
BRDA:207,7,1,0
BRDA:208,8,0,0
BRDA:208,8,1,0
BRDA:208,8,2,0
BRDA:209,9,0,0
BRDA:209,9,1,0
BRDA:216,10,0,0
BRDA:216,10,1,0
BRDA:217,11,0,0
BRDA:217,11,1,0
BRDA:217,11,2,0
BRDA:218,12,0,0
BRDA:218,12,1,0
BRDA:232,13,0,0
BRDA:232,13,1,0
BRDA:237,14,0,0
BRDA:237,14,1,0
BRDA:241,15,0,0
BRDA:241,15,1,0
BRDA:246,16,0,0
BRDA:246,16,1,0
BRDA:246,17,0,0
BRDA:246,17,1,0
BRDA:253,18,0,0
BRDA:253,18,1,0
BRDA:265,19,0,0
BRDA:265,19,1,0
BRDA:283,20,0,0
BRDA:283,20,1,0
BRDA:295,21,0,0
BRDA:295,21,1,0
BRDA:307,22,0,0
BRDA:307,22,1,0
BRDA:316,23,0,0
BRDA:316,23,1,0
BRDA:335,24,0,0
BRDA:335,24,1,0
BRDA:337,25,0,0
BRDA:337,25,1,0
BRDA:345,26,0,0
BRDA:345,26,1,0
BRDA:358,27,0,0
BRDA:358,27,1,0
BRDA:362,28,0,0
BRDA:362,28,1,0
BRDA:370,29,0,0
BRDA:370,29,1,0
BRDA:374,30,0,0
BRDA:374,30,1,0
BRDA:383,31,0,0
BRDA:383,31,1,0
BRDA:384,32,0,0
BRDA:384,32,1,0
BRDA:407,33,0,0
BRDA:407,33,1,0
BRDA:409,34,0,0
BRDA:409,34,1,0
BRDA:412,35,0,0
BRDA:412,35,1,0
BRDA:416,36,0,0
BRDA:416,36,1,0
BRDA:417,37,0,0
BRDA:417,37,1,0
BRDA:428,38,0,0
BRDA:428,38,1,0
BRDA:428,38,2,0
BRDA:449,39,0,0
BRDA:449,39,1,0
BRDA:464,40,0,0
BRDA:464,40,1,0
BRDA:480,41,0,0
BRDA:480,41,1,0
BRDA:497,42,0,0
BRDA:497,42,1,0
BRDA:501,43,0,0
BRDA:501,43,1,0
BRDA:551,44,0,0
BRDA:551,44,1,0
BRDA:561,45,0,0
BRDA:561,45,1,0
BRDA:589,46,0,0
BRDA:589,46,1,0
BRDA:591,47,0,0
BRDA:591,47,1,0
BRDA:597,48,0,0
BRDA:597,48,1,0
BRDA:660,49,0,0
BRDA:660,49,1,0
BRDA:672,50,0,0
BRDA:672,50,1,0
BRDA:688,51,0,0
BRDA:688,51,1,0
BRDA:697,52,0,0
BRDA:697,52,1,0
BRDA:709,53,0,0
BRDA:709,53,1,0
BRDA:725,54,0,0
BRDA:725,54,1,0
BRDA:725,54,2,0
BRDA:733,55,0,0
BRDA:733,55,1,0
BRDA:734,56,0,0
BRDA:734,56,1,0
BRDA:749,57,0,0
BRDA:749,57,1,0
BRDA:750,58,0,0
BRDA:750,58,1,0
BRDA:752,59,0,0
BRDA:752,59,1,0
BRDA:756,60,0,0
BRDA:756,60,1,0
BRDA:758,61,0,0
BRDA:758,61,1,0
BRDA:786,62,0,0
BRDA:786,62,1,0
BRDA:788,63,0,0
BRDA:788,63,1,0
BRDA:792,64,0,0
BRDA:792,64,1,0
BRDA:796,65,0,0
BRDA:796,65,1,0
BRDA:802,66,0,0
BRDA:802,66,1,0
BRDA:807,67,0,0
BRDA:807,67,1,0
BRDA:825,68,0,0
BRDA:825,68,1,0
BRDA:826,69,0,0
BRDA:826,69,1,0
BRDA:841,70,0,0
BRDA:841,70,1,0
BRDA:842,71,0,0
BRDA:842,71,1,0
BRDA:844,72,0,0
BRDA:844,72,1,0
BRDA:848,73,0,0
BRDA:848,73,1,0
BRDA:850,74,0,0
BRDA:850,74,1,0
BRDA:868,75,0,0
BRDA:868,75,1,0
BRDA:883,76,0,0
BRDA:883,76,1,0
BRDA:897,77,0,0
BRDA:897,77,1,0
BRDA:899,78,0,0
BRDA:899,78,1,0
BRDA:901,79,0,0
BRDA:901,79,1,0
BRDA:910,80,0,0
BRDA:910,80,1,0
BRDA:943,81,0,0
BRDA:943,81,1,0
BRDA:943,82,0,0
BRDA:943,82,1,0
BRDA:960,83,0,0
BRDA:960,83,1,0
BRDA:977,84,0,0
BRDA:977,84,1,0
BRDA:978,85,0,0
BRDA:978,85,1,0
BRDA:980,86,0,0
BRDA:980,86,1,0
BRDA:986,87,0,0
BRDA:986,87,1,0
BRDA:988,88,0,0
BRDA:988,88,1,0
BRDA:990,89,0,0
BRDA:990,89,1,0
BRDA:1004,90,0,0
BRDA:1004,90,1,0
BRDA:1024,91,0,0
BRDA:1024,91,1,0
BRDA:1131,92,0,0
BRDA:1131,92,1,0
BRDA:1134,93,0,0
BRDA:1134,93,1,0
BRDA:1140,94,0,0
BRDA:1140,94,1,0
BRDA:1145,95,0,0
BRDA:1145,95,1,0
BRDA:1145,96,0,0
BRDA:1145,96,1,0
BRDA:1160,97,0,0
BRDA:1160,97,1,0
BRDA:1171,98,0,0
BRDA:1171,98,1,0
BRDA:1179,99,0,0
BRDA:1179,99,1,0
BRDA:1182,100,0,0
BRDA:1182,100,1,0
BRDA:1184,101,0,0
BRDA:1184,101,1,0
BRDA:1184,102,0,0
BRDA:1184,102,1,0
BRDA:1202,103,0,0
BRDA:1202,103,1,0
BRDA:1215,104,0,0
BRDA:1215,104,1,0
BRDA:1217,105,0,0
BRDA:1217,105,1,0
BRDA:1229,106,0,0
BRDA:1229,106,1,0
BRDA:1243,107,0,0
BRDA:1243,107,1,0
BRDA:1253,108,0,0
BRDA:1253,108,1,0
BRDA:1254,109,0,0
BRDA:1254,109,1,0
BRDA:1263,110,0,0
BRDA:1263,110,1,0
BRDA:1275,111,0,0
BRDA:1275,111,1,0
BRDA:1301,112,0,0
BRDA:1301,112,1,0
BRDA:1308,113,0,0
BRDA:1308,113,1,0
BRDA:1315,114,0,0
BRDA:1315,114,1,0
BRDA:1327,115,0,0
BRDA:1327,115,1,0
BRDA:1329,116,0,0
BRDA:1329,116,1,0
BRDA:1356,117,0,0
BRDA:1356,117,1,0
BRDA:1375,118,0,0
BRDA:1375,118,1,0
BRDA:1377,119,0,0
BRDA:1377,119,1,0
BRDA:1379,120,0,0
BRDA:1379,120,1,0
BRDA:1382,121,0,0
BRDA:1382,121,1,0
BRDA:1404,122,0,0
BRDA:1404,122,1,0
BRDA:1406,123,0,0
BRDA:1406,123,1,0
BRDA:1406,123,2,0
BRDA:1408,124,0,0
BRDA:1408,124,1,0
BRDA:1430,125,0,0
BRDA:1430,125,1,0
BRDA:1435,126,0,0
BRDA:1435,126,1,0
BRDA:1439,127,0,0
BRDA:1439,127,1,0
BRDA:1445,128,0,0
BRDA:1445,128,1,0
BRDA:1446,129,0,0
BRDA:1446,129,1,0
BRDA:1446,130,0,0
BRDA:1446,130,1,0
BRDA:1450,131,0,0
BRDA:1450,131,1,0
BRDA:1451,132,0,0
BRDA:1451,132,1,0
BRDA:1452,133,0,0
BRDA:1452,133,1,0
BRDA:1453,134,0,0
BRDA:1453,134,1,0
BRDA:1454,135,0,0
BRDA:1454,135,1,0
BRDA:1458,136,0,0
BRDA:1458,136,1,0
BRDA:1460,137,0,0
BRDA:1460,137,1,0
BRDA:1461,138,0,0
BRDA:1461,138,1,0
BRDA:1461,138,2,0
BRDA:1462,139,0,0
BRDA:1462,139,1,0
BRDA:1466,140,0,0
BRDA:1466,140,1,0
BRDA:1489,141,0,0
BRDA:1489,141,1,0
BRDA:1509,142,0,0
BRDA:1509,142,1,0
BRDA:1514,143,0,0
BRDA:1514,143,1,0
BRDA:1518,144,0,0
BRDA:1518,144,1,0
BRDA:1519,145,0,0
BRDA:1519,145,1,0
BRDA:1520,146,0,0
BRDA:1520,146,1,0
BRDA:1521,147,0,0
BRDA:1521,147,1,0
BRDA:1526,148,0,0
BRDA:1526,148,1,0
BRDA:1528,149,0,0
BRDA:1528,149,1,0
BRDA:1535,150,0,0
BRDA:1535,150,1,0
BRDA:1537,151,0,0
BRDA:1537,151,1,0
BRDA:1537,151,2,0
BRDA:1540,152,0,0
BRDA:1540,152,1,0
BRDA:1548,153,0,0
BRDA:1548,153,1,0
BRDA:1548,153,2,0
BRDA:1550,154,0,0
BRDA:1550,154,1,0
BRDA:1550,154,2,0
BRDA:1552,155,0,0
BRDA:1552,155,1,0
BRDA:1560,156,0,0
BRDA:1560,156,1,0
BRDA:1560,156,2,0
BRDA:1562,157,0,0
BRDA:1562,157,1,0
BRDA:1575,158,0,0
BRDA:1575,158,1,0
BRDA:1575,158,2,0
BRDA:1581,159,0,0
BRDA:1581,159,1,0
BRDA:1586,160,0,0
BRDA:1586,160,1,0
BRDA:1589,161,0,0
BRDA:1589,161,1,0
BRDA:1609,162,0,0
BRDA:1609,162,1,0
BRDA:1611,163,0,0
BRDA:1611,163,1,0
BRDA:1617,164,0,0
BRDA:1617,164,1,0
BRDA:1627,165,0,0
BRDA:1627,165,1,0
BRDA:1628,166,0,0
BRDA:1628,166,1,0
BRDA:1629,167,0,0
BRDA:1629,167,1,0
BRDA:1630,168,0,0
BRDA:1630,168,1,0
BRDA:1634,169,0,0
BRDA:1634,169,1,0
BRDA:1634,169,2,0
BRDA:1646,170,0,0
BRDA:1646,170,1,0
BRDA:1655,171,0,0
BRDA:1655,171,1,0
BRDA:1655,171,2,0
BRDA:1695,172,0,0
BRDA:1695,172,1,0
BRDA:1710,173,0,0
BRDA:1710,173,1,0
BRDA:1711,174,0,0
BRDA:1711,174,1,0
BRDA:1712,175,0,0
BRDA:1712,175,1,0
BRDA:1713,176,0,0
BRDA:1713,176,1,0
BRDA:1716,177,0,0
BRDA:1716,177,1,0
BRDA:1722,178,0,0
BRDA:1722,178,1,0
BRF:379
BRH:0
end_of_record
TN:
SF:src\components\HistorySearch.js
FN:8,(anonymous_0)
FN:23,(anonymous_1)
FN:54,(anonymous_2)
FN:59,(anonymous_3)
FN:64,(anonymous_4)
FN:75,(anonymous_5)
FN:86,(anonymous_6)
FN:102,(anonymous_7)
FN:115,(anonymous_8)
FN:152,(anonymous_9)
FN:158,(anonymous_10)
FN:167,(anonymous_11)
FN:181,(anonymous_12)
FN:194,(anonymous_13)
FN:209,(anonymous_14)
FN:230,(anonymous_15)
FN:267,(anonymous_16)
FN:273,(anonymous_17)
FNF:18
FNH:0
FNDA:0,(anonymous_0)
FNDA:0,(anonymous_1)
FNDA:0,(anonymous_2)
FNDA:0,(anonymous_3)
FNDA:0,(anonymous_4)
FNDA:0,(anonymous_5)
FNDA:0,(anonymous_6)
FNDA:0,(anonymous_7)
FNDA:0,(anonymous_8)
FNDA:0,(anonymous_9)
FNDA:0,(anonymous_10)
FNDA:0,(anonymous_11)
FNDA:0,(anonymous_12)
FNDA:0,(anonymous_13)
FNDA:0,(anonymous_14)
FNDA:0,(anonymous_15)
FNDA:0,(anonymous_16)
FNDA:0,(anonymous_17)
DA:8,0
DA:9,0
DA:10,0
DA:11,0
DA:12,0
DA:13,0
DA:18,0
DA:23,0
DA:24,0
DA:26,0
DA:27,0
DA:36,0
DA:37,0
DA:40,0
DA:41,0
DA:42,0
DA:44,0
DA:46,0
DA:47,0
DA:49,0
DA:54,0
DA:55,0
DA:59,0
DA:60,0
DA:64,0
DA:65,0
DA:71,0
DA:75,0
DA:76,0
DA:82,0
DA:86,0
DA:87,0
DA:88,0
DA:89,0
DA:90,0
DA:92,0
DA:93,0
DA:94,0
DA:95,0
DA:97,0
DA:102,0
DA:103,0
DA:104,0
DA:105,0
DA:107,0
DA:109,0
DA:110,0
DA:115,0
DA:117,0
DA:125,0
DA:152,0
DA:158,0
DA:167,0
DA:181,0
DA:194,0
DA:209,0
DA:231,0
DA:267,0
DA:273,0
LF:59
LH:0
BRDA:23,0,0,0
BRDA:36,1,0,0
BRDA:36,1,1,0
BRDA:36,2,0,0
BRDA:36,2,1,0
BRDA:44,3,0,0
BRDA:44,3,1,0
BRDA:71,4,0,0
BRDA:71,4,1,0
BRDA:82,5,0,0
BRDA:82,5,1,0
BRDA:92,6,0,0
BRDA:92,6,1,0
BRDA:94,7,0,0
BRDA:94,7,1,0
BRDA:155,8,0,0
BRDA:155,8,1,0
BRDA:166,9,0,0
BRDA:166,9,1,0
BRDA:175,10,0,0
BRDA:175,10,1,0
BRDA:219,11,0,0
BRDA:219,11,1,0
BRDA:224,12,0,0
BRDA:224,12,1,0
BRDA:239,13,0,0
BRDA:239,13,1,0
BRDA:243,14,0,0
BRDA:243,14,1,0
BRDA:249,15,0,0
BRDA:249,15,1,0
BRDA:256,16,0,0
BRDA:256,16,1,0
BRDA:262,17,0,0
BRDA:262,17,1,0
BRF:35
BRH:0
end_of_record
TN:
SF:src\components\Login.js
FN:8,(anonymous_0)
FN:18,(anonymous_1)
FN:20,(anonymous_2)
FN:26,(anonymous_3)
FN:33,(anonymous_4)
FN:52,(anonymous_5)
FN:129,(anonymous_6)
FNF:7
FNH:0
FNDA:0,(anonymous_0)
FNDA:0,(anonymous_1)
FNDA:0,(anonymous_2)
FNDA:0,(anonymous_3)
FNDA:0,(anonymous_4)
FNDA:0,(anonymous_5)
FNDA:0,(anonymous_6)
DA:8,0
DA:9,0
DA:14,0
DA:15,0
DA:16,0
DA:18,0
DA:19,0
DA:20,0
DA:25,0
DA:26,0
DA:33,0
DA:34,0
DA:36,0
DA:37,0
DA:38,0
DA:39,0
DA:42,0
DA:43,0
DA:44,0
DA:45,0
DA:48,0
DA:49,0
DA:52,0
DA:53,0
DA:55,0
DA:57,0
DA:59,0
DA:61,0
DA:64,0
DA:65,0
DA:67,0
DA:71,0
DA:72,0
DA:74,0
DA:78,0
DA:129,0
LF:36
LH:0
BRDA:22,0,0,0
BRDA:22,0,1,0
BRDA:25,1,0,0
BRDA:25,1,1,0
BRDA:36,2,0,0
BRDA:36,2,1,0
BRDA:38,3,0,0
BRDA:38,3,1,0
BRDA:42,4,0,0
BRDA:42,4,1,0
BRDA:44,5,0,0
BRDA:44,5,1,0
BRDA:55,6,0,0
BRDA:55,6,1,0
BRDA:64,7,0,0
BRDA:64,7,1,0
BRDA:67,8,0,0
BRDA:67,8,1,0
BRDA:72,9,0,0
BRDA:72,9,1,0
BRDA:109,10,0,0
BRDA:109,10,1,0
BRDA:111,11,0,0
BRDA:111,11,1,0
BRDA:118,12,0,0
BRDA:118,12,1,0
BRDA:124,13,0,0
BRDA:124,13,1,0
BRDA:131,14,0,0
BRDA:131,14,1,0
BRDA:134,15,0,0
BRDA:134,15,1,0
BRDA:151,16,0,0
BRDA:151,16,1,0
BRDA:155,17,0,0
BRDA:155,17,1,0
BRDA:158,18,0,0
BRDA:158,18,1,0
BRF:38
BRH:0
end_of_record
TN:
SF:src\components\MessageCenter.js
FN:27,(anonymous_0)
FN:47,(anonymous_1)
FN:49,(anonymous_2)
FN:52,(anonymous_3)
FN:77,(anonymous_4)
FN:78,(anonymous_5)
FN:88,(anonymous_6)
FN:92,(anonymous_7)
FN:104,(anonymous_8)
FN:126,(anonymous_9)
FN:155,(anonymous_10)
FN:179,(anonymous_11)
FN:191,(anonymous_12)
FN:235,(anonymous_13)
FN:280,(anonymous_14)
FN:309,(anonymous_15)
FN:327,(anonymous_16)
FN:348,(anonymous_17)
FN:368,(anonymous_18)
FN:371,(anonymous_19)
FN:371,(anonymous_20)
FN:380,(anonymous_21)
FN:389,(anonymous_22)
FN:389,(anonymous_23)
FN:403,(anonymous_24)
FN:419,(anonymous_25)
FN:439,(anonymous_26)
FN:464,(anonymous_27)
FN:475,(anonymous_28)
FN:486,(anonymous_29)
FN:497,(anonymous_30)
FN:522,(anonymous_31)
FN:583,(anonymous_32)
FN:592,(anonymous_33)
FN:621,(anonymous_34)
FN:635,(anonymous_35)
FN:639,(anonymous_36)
FN:700,(anonymous_37)
FN:782,(anonymous_38)
FN:786,(anonymous_39)
FN:792,(anonymous_40)
FN:853,(anonymous_41)
FN:857,(anonymous_42)
FN:905,(anonymous_43)
FN:945,(anonymous_44)
FN:1027,(anonymous_45)
FN:1031,(anonymous_46)
FN:1037,(anonymous_47)
FN:1062,(anonymous_48)
FNF:49
FNH:0
FNDA:0,(anonymous_0)
FNDA:0,(anonymous_1)
FNDA:0,(anonymous_2)
FNDA:0,(anonymous_3)
FNDA:0,(anonymous_4)
FNDA:0,(anonymous_5)
FNDA:0,(anonymous_6)
FNDA:0,(anonymous_7)
FNDA:0,(anonymous_8)
FNDA:0,(anonymous_9)
FNDA:0,(anonymous_10)
FNDA:0,(anonymous_11)
FNDA:0,(anonymous_12)
FNDA:0,(anonymous_13)
FNDA:0,(anonymous_14)
FNDA:0,(anonymous_15)
FNDA:0,(anonymous_16)
FNDA:0,(anonymous_17)
FNDA:0,(anonymous_18)
FNDA:0,(anonymous_19)
FNDA:0,(anonymous_20)
FNDA:0,(anonymous_21)
FNDA:0,(anonymous_22)
FNDA:0,(anonymous_23)
FNDA:0,(anonymous_24)
FNDA:0,(anonymous_25)
FNDA:0,(anonymous_26)
FNDA:0,(anonymous_27)
FNDA:0,(anonymous_28)
FNDA:0,(anonymous_29)
FNDA:0,(anonymous_30)
FNDA:0,(anonymous_31)
FNDA:0,(anonymous_32)
FNDA:0,(anonymous_33)
FNDA:0,(anonymous_34)
FNDA:0,(anonymous_35)
FNDA:0,(anonymous_36)
FNDA:0,(anonymous_37)
FNDA:0,(anonymous_38)
FNDA:0,(anonymous_39)
FNDA:0,(anonymous_40)
FNDA:0,(anonymous_41)
FNDA:0,(anonymous_42)
FNDA:0,(anonymous_43)
FNDA:0,(anonymous_44)
FNDA:0,(anonymous_45)
FNDA:0,(anonymous_46)
FNDA:0,(anonymous_47)
FNDA:0,(anonymous_48)
DA:27,0
DA:28,0
DA:29,0
DA:30,0
DA:31,0
DA:32,0
DA:33,0
DA:34,0
DA:35,0
DA:36,0
DA:38,0
DA:39,0
DA:40,0
DA:43,0
DA:44,0
DA:47,0
DA:48,0
DA:49,0
DA:52,0
DA:53,0
DA:54,0
DA:56,0
DA:59,0
DA:60,0
DA:61,0
DA:65,0
DA:66,0
DA:67,0
DA:71,0
DA:72,0
DA:77,0
DA:78,0
DA:79,0
DA:80,0
DA:82,0
DA:83,0
DA:87,0
DA:88,0
DA:92,0
DA:93,0
DA:94,0
DA:95,0
DA:98,0
DA:104,0
DA:105,0
DA:106,0
DA:107,0
DA:108,0
DA:110,0
DA:111,0
DA:112,0
DA:113,0
DA:115,0
DA:118,0
DA:119,0
DA:121,0
DA:126,0
DA:127,0
DA:128,0
DA:129,0
DA:130,0
DA:132,0
DA:133,0
DA:134,0
DA:135,0
DA:138,0
DA:139,0
DA:140,0
DA:141,0
DA:142,0
DA:143,0
DA:144,0
DA:145,0
DA:146,0
DA:147,0
DA:149,0
DA:152,0
DA:155,0
DA:160,0
DA:161,0
DA:163,0
DA:164,0
DA:166,0
DA:170,0
DA:171,0
DA:172,0
DA:173,0
DA:174,0
DA:179,0
DA:180,0
DA:181,0
DA:182,0
DA:184,0
DA:187,0
DA:188,0
DA:189,0
DA:191,0
DA:192,0
DA:195,0
DA:197,0
DA:198,0
DA:200,0
DA:202,0
DA:208,0
DA:209,0
DA:210,0
DA:212,0
DA:214,0
DA:218,0
DA:221,0
DA:222,0
DA:225,0
DA:226,0
DA:229,0
DA:230,0
DA:235,0
DA:237,0
DA:238,0
DA:239,0
DA:242,0
DA:243,0
DA:244,0
DA:245,0
DA:248,0
DA:249,0
DA:250,0
DA:251,0
DA:253,0
DA:254,0
DA:256,0
DA:257,0
DA:258,0
DA:260,0
DA:264,0
DA:265,0
DA:266,0
DA:269,0
DA:270,0
DA:272,0
DA:275,0
DA:280,0
DA:281,0
DA:282,0
DA:283,0
DA:284,0
DA:286,0
DA:289,0
DA:290,0
DA:292,0
DA:298,0
DA:309,0
DA:310,0
DA:313,0
DA:316,0
DA:319,0
DA:320,0
DA:322,0
DA:327,0
DA:328,0
DA:330,0
DA:331,0
DA:333,0
DA:339,0
DA:348,0
DA:353,0
DA:354,0
DA:357,0
DA:360,0
DA:361,0
DA:363,0
DA:368,0
DA:369,0
DA:370,0
DA:371,0
DA:372,0
DA:375,0
DA:380,0
DA:381,0
DA:383,0
DA:384,0
DA:385,0
DA:386,0
DA:389,0
DA:390,0
DA:391,0
DA:395,0
DA:397,0
DA:398,0
DA:403,0
DA:404,0
DA:405,0
DA:406,0
DA:407,0
DA:409,0
DA:410,0
DA:411,0
DA:412,0
DA:414,0
DA:419,0
DA:420,0
DA:421,0
DA:429,0
DA:430,0
DA:431,0
DA:432,0
DA:434,0
DA:439,0
DA:441,0
DA:464,0
DA:475,0
DA:486,0
DA:497,0
DA:523,0
DA:524,0
DA:583,0
DA:592,0
DA:621,0
DA:636,0
DA:640,0
DA:641,0
DA:701,0
DA:782,0
DA:787,0
DA:788,0
DA:789,0
DA:793,0
DA:794,0
DA:854,0
DA:858,0
DA:860,0
DA:861,0
DA:905,0
DA:946,0
DA:1027,0
DA:1032,0
DA:1033,0
DA:1034,0
DA:1038,0
DA:1039,0
DA:1062,0
LF:240
LH:0
BRDA:47,0,0,0
BRDA:59,1,0,0
BRDA:59,1,1,0
BRDA:59,2,0,0
BRDA:59,2,1,0
BRDA:65,3,0,0
BRDA:65,3,1,0
BRDA:71,4,0,0
BRDA:71,4,1,0
BRDA:71,5,0,0
BRDA:71,5,1,0
BRDA:82,6,0,0
BRDA:82,6,1,0
BRDA:93,7,0,0
BRDA:93,7,1,0
BRDA:93,8,0,0
BRDA:93,8,1,0
BRDA:94,9,0,0
BRDA:94,9,1,0
BRDA:110,10,0,0
BRDA:110,10,1,0
BRDA:112,11,0,0
BRDA:112,11,1,0
BRDA:139,12,0,0
BRDA:139,12,1,0
BRDA:142,13,0,0
BRDA:142,13,1,0
BRDA:142,14,0,0
BRDA:142,14,1,0
BRDA:142,14,2,0
BRDA:145,15,0,0
BRDA:145,15,1,0
BRDA:145,16,0,0
BRDA:145,16,1,0
BRDA:157,17,0,0
BRDA:157,17,1,0
BRDA:163,18,0,0
BRDA:163,18,1,0
BRDA:184,19,0,0
BRDA:184,19,1,0
BRDA:187,20,0,0
BRDA:187,20,1,0
BRDA:195,21,0,0
BRDA:195,21,1,0
BRDA:202,22,0,0
BRDA:202,22,1,0
BRDA:202,22,2,0
BRDA:208,23,0,0
BRDA:208,23,1,0
BRDA:209,24,0,0
BRDA:209,24,1,0
BRDA:209,24,2,0
BRDA:214,25,0,0
BRDA:214,25,1,0
BRDA:237,26,0,0
BRDA:237,26,1,0
BRDA:253,27,0,0
BRDA:253,27,1,0
BRDA:257,28,0,0
BRDA:257,28,1,0
BRDA:269,29,0,0
BRDA:269,29,1,0
BRDA:269,30,0,0
BRDA:269,30,1,0
BRDA:281,31,0,0
BRDA:281,31,1,0
BRDA:281,32,0,0
BRDA:281,32,1,0
BRDA:282,33,0,0
BRDA:282,33,1,0
BRDA:328,34,0,0
BRDA:328,34,1,0
BRDA:328,35,0,0
BRDA:328,35,1,0
BRDA:350,36,0,0
BRDA:350,36,1,0
BRDA:372,37,0,0
BRDA:372,37,1,0
BRDA:381,38,0,0
BRDA:381,38,1,0
BRDA:390,39,0,0
BRDA:390,39,1,0
BRDA:404,40,0,0
BRDA:404,40,1,0
BRDA:409,41,0,0
BRDA:409,41,1,0
BRDA:411,42,0,0
BRDA:411,42,1,0
BRDA:420,43,0,0
BRDA:420,43,1,0
BRDA:422,44,0,0
BRDA:422,44,1,0
BRDA:423,45,0,0
BRDA:423,45,1,0
BRDA:424,46,0,0
BRDA:424,46,1,0
BRDA:429,47,0,0
BRDA:429,47,1,0
BRDA:431,48,0,0
BRDA:431,48,1,0
BRDA:444,49,0,0
BRDA:444,49,1,0
BRDA:447,50,0,0
BRDA:447,50,1,0
BRDA:448,51,0,0
BRDA:448,51,1,0
BRDA:461,52,0,0
BRDA:461,52,1,0
BRDA:461,53,0,0
BRDA:461,53,1,0
BRDA:461,54,0,0
BRDA:461,54,1,0
BRDA:474,55,0,0
BRDA:474,55,1,0
BRDA:479,56,0,0
BRDA:479,56,1,0
BRDA:483,57,0,0
BRDA:483,57,1,0
BRDA:483,57,2,0
BRDA:485,58,0,0
BRDA:485,58,1,0
BRDA:494,59,0,0
BRDA:494,59,1,0
BRDA:496,60,0,0
BRDA:496,60,1,0
BRDA:506,61,0,0
BRDA:506,61,1,0
BRDA:509,62,0,0
BRDA:509,62,1,0
BRDA:514,63,0,0
BRDA:514,63,1,0
BRDA:527,64,0,0
BRDA:527,64,1,0
BRDA:536,65,0,0
BRDA:536,65,1,0
BRDA:537,66,0,0
BRDA:537,66,1,0
BRDA:538,67,0,0
BRDA:538,67,1,0
BRDA:539,68,0,0
BRDA:539,68,1,0
BRDA:541,69,0,0
BRDA:541,69,1,0
BRDA:542,70,0,0
BRDA:542,70,1,0
BRDA:543,71,0,0
BRDA:543,71,1,0
BRDA:552,72,0,0
BRDA:552,72,1,0
BRDA:559,73,0,0
BRDA:559,73,1,0
BRDA:560,74,0,0
BRDA:560,74,1,0
BRDA:580,75,0,0
BRDA:580,75,1,0
BRDA:609,76,0,0
BRDA:609,76,1,0
BRDA:609,76,2,0
BRDA:609,76,3,0
BRDA:625,77,0,0
BRDA:625,77,1,0
BRDA:638,78,0,0
BRDA:638,78,1,0
BRDA:645,79,0,0
BRDA:645,79,1,0
BRDA:651,80,0,0
BRDA:651,80,1,0
BRDA:652,81,0,0
BRDA:652,81,1,0
BRDA:655,82,0,0
BRDA:655,82,1,0
BRDA:668,83,0,0
BRDA:668,83,1,0
BRDA:674,84,0,0
BRDA:674,84,1,0
BRDA:692,85,0,0
BRDA:692,85,1,0
BRDA:702,86,0,0
BRDA:702,86,1,0
BRDA:703,87,0,0
BRDA:703,87,1,0
BRDA:707,88,0,0
BRDA:707,88,1,0
BRDA:715,89,0,0
BRDA:715,89,1,0
BRDA:723,90,0,0
BRDA:723,90,1,0
BRDA:725,91,0,0
BRDA:725,91,1,0
BRDA:748,92,0,0
BRDA:748,92,1,0
BRDA:755,93,0,0
BRDA:755,93,1,0
BRDA:756,94,0,0
BRDA:756,94,1,0
BRDA:757,95,0,0
BRDA:757,95,1,0
BRDA:765,96,0,0
BRDA:765,96,1,0
BRDA:766,97,0,0
BRDA:766,97,1,0
BRDA:767,98,0,0
BRDA:767,98,1,0
BRDA:783,99,0,0
BRDA:783,99,1,0
BRDA:787,100,0,0
BRDA:787,100,1,0
BRDA:787,101,0,0
BRDA:787,101,1,0
BRDA:800,102,0,0
BRDA:800,102,1,0
BRDA:802,103,0,0
BRDA:802,103,1,0
BRDA:819,104,0,0
BRDA:819,104,1,0
BRDA:819,104,2,0
BRDA:825,105,0,0
BRDA:825,105,1,0
BRDA:826,106,0,0
BRDA:826,106,1,0
BRDA:826,107,0,0
BRDA:826,107,1,0
BRDA:827,108,0,0
BRDA:827,108,1,0
BRDA:827,109,0,0
BRDA:827,109,1,0
BRDA:843,110,0,0
BRDA:843,110,1,0
BRDA:856,111,0,0
BRDA:856,111,1,0
BRDA:860,112,0,0
BRDA:860,112,1,0
BRDA:866,113,0,0
BRDA:866,113,1,0
BRDA:874,114,0,0
BRDA:874,114,1,0
BRDA:877,115,0,0
BRDA:877,115,1,0
BRDA:892,116,0,0
BRDA:892,116,1,0
BRDA:893,117,0,0
BRDA:893,117,1,0
BRDA:893,118,0,0
BRDA:893,118,1,0
BRDA:899,119,0,0
BRDA:899,119,1,0
BRDA:903,120,0,0
BRDA:903,120,1,0
BRDA:921,121,0,0
BRDA:921,121,1,0
BRDA:937,122,0,0
BRDA:937,122,1,0
BRDA:947,123,0,0
BRDA:947,123,1,0
BRDA:948,124,0,0
BRDA:948,124,1,0
BRDA:952,125,0,0
BRDA:952,125,1,0
BRDA:960,126,0,0
BRDA:960,126,1,0
BRDA:968,127,0,0
BRDA:968,127,1,0
BRDA:970,128,0,0
BRDA:970,128,1,0
BRDA:992,129,0,0
BRDA:992,129,1,0
BRDA:999,130,0,0
BRDA:999,130,1,0
BRDA:1000,131,0,0
BRDA:1000,131,1,0
BRDA:1001,132,0,0
BRDA:1001,132,1,0
BRDA:1009,133,0,0
BRDA:1009,133,1,0
BRDA:1010,134,0,0
BRDA:1010,134,1,0
BRDA:1011,135,0,0
BRDA:1011,135,1,0
BRDA:1032,136,0,0
BRDA:1032,136,1,0
BRDA:1032,137,0,0
BRDA:1032,137,1,0
BRDA:1045,138,0,0
BRDA:1045,138,1,0
BRDA:1047,139,0,0
BRDA:1047,139,1,0
BRDA:1058,140,0,0
BRDA:1058,140,1,0
BRDA:1060,141,0,0
BRDA:1060,141,1,0
BRDA:1081,142,0,0
BRDA:1081,142,1,0
BRF:292
BRH:0
end_of_record
TN:
SF:src\components\Profile.js
FN:18,(anonymous_0)
FN:43,(anonymous_1)
FN:48,(anonymous_2)
FN:60,(anonymous_3)
FN:69,(anonymous_4)
FN:71,(anonymous_5)
FN:77,(anonymous_6)
FN:96,(anonymous_7)
FN:98,(anonymous_8)
FN:104,(anonymous_9)
FN:105,(anonymous_10)
FN:111,(anonymous_11)
FN:166,(anonymous_12)
FN:180,(anonymous_13)
FN:194,(anonymous_14)
FN:279,(anonymous_15)
FN:298,(anonymous_16)
FN:317,(anonymous_17)
FN:358,(anonymous_18)
FN:362,(anonymous_19)
FNF:20
FNH:0
FNDA:0,(anonymous_0)
FNDA:0,(anonymous_1)
FNDA:0,(anonymous_2)
FNDA:0,(anonymous_3)
FNDA:0,(anonymous_4)
FNDA:0,(anonymous_5)
FNDA:0,(anonymous_6)
FNDA:0,(anonymous_7)
FNDA:0,(anonymous_8)
FNDA:0,(anonymous_9)
FNDA:0,(anonymous_10)
FNDA:0,(anonymous_11)
FNDA:0,(anonymous_12)
FNDA:0,(anonymous_13)
FNDA:0,(anonymous_14)
FNDA:0,(anonymous_15)
FNDA:0,(anonymous_16)
FNDA:0,(anonymous_17)
FNDA:0,(anonymous_18)
FNDA:0,(anonymous_19)
DA:18,0
DA:19,0
DA:20,0
DA:21,0
DA:22,0
DA:23,0
DA:24,0
DA:28,0
DA:37,0
DA:43,0
DA:44,0
DA:45,0
DA:48,0
DA:49,0
DA:50,0
DA:51,0
DA:56,0
DA:60,0
DA:61,0
DA:62,0
DA:63,0
DA:65,0
DA:69,0
DA:70,0
DA:71,0
DA:77,0
DA:78,0
DA:79,0
DA:80,0
DA:82,0
DA:83,0
DA:86,0
DA:88,0
DA:89,0
DA:91,0
DA:96,0
DA:97,0
DA:98,0
DA:104,0
DA:105,0
DA:111,0
DA:112,0
DA:113,0
DA:114,0
DA:117,0
DA:118,0
DA:119,0
DA:122,0
DA:123,0
DA:124,0
DA:130,0
DA:131,0
DA:140,0
DA:143,0
DA:145,0
DA:146,0
DA:147,0
DA:148,0
DA:151,0
DA:152,0
DA:153,0
DA:156,0
DA:157,0
DA:160,0
DA:162,0
DA:166,0
DA:167,0
DA:169,0
DA:180,0
DA:194,0
DA:261,0
DA:279,0
DA:298,0
DA:317,0
DA:341,0
DA:345,0
DA:359,0
DA:362,0
LF:78
LH:0
BRDA:25,0,0,0
BRDA:25,0,1,0
BRDA:26,1,0,0
BRDA:26,1,1,0
BRDA:52,2,0,0
BRDA:52,2,1,0
BRDA:53,3,0,0
BRDA:53,3,1,0
BRDA:89,4,0,0
BRDA:89,4,1,0
BRDA:112,5,0,0
BRDA:112,5,1,0
BRDA:117,6,0,0
BRDA:117,6,1,0
BRDA:145,7,0,0
BRDA:145,7,1,0
BRDA:147,8,0,0
BRDA:147,8,1,0
BRDA:151,9,0,0
BRDA:151,9,1,0
BRDA:156,10,0,0
BRDA:156,10,1,0
BRDA:167,11,0,0
BRDA:167,11,1,0
BRDA:167,11,2,0
BRDA:175,12,0,0
BRDA:175,12,1,0
BRDA:179,13,0,0
BRDA:179,13,1,0
BRDA:192,14,0,0
BRDA:192,14,1,0
BRDA:237,15,0,0
BRDA:237,15,1,0
BRDA:241,16,0,0
BRDA:241,16,1,0
BRDA:245,17,0,0
BRDA:245,17,1,0
BRDA:249,18,0,0
BRDA:249,18,1,0
BRDA:270,19,0,0
BRDA:270,19,1,0
BRDA:281,20,0,0
BRDA:281,20,1,0
BRDA:289,21,0,0
BRDA:289,21,1,0
BRDA:300,22,0,0
BRDA:300,22,1,0
BRDA:308,23,0,0
BRDA:308,23,1,0
BRDA:319,24,0,0
BRDA:319,24,1,0
BRDA:329,25,0,0
BRDA:329,25,1,0
BRDA:361,26,0,0
BRDA:361,26,1,0
BRF:55
BRH:0
end_of_record
TN:
SF:src\components\Register.js
FN:8,(anonymous_0)
FN:20,(anonymous_1)
FN:22,(anonymous_2)
FN:28,(anonymous_3)
FN:35,(anonymous_4)
FN:66,(anonymous_5)
FN:162,(anonymous_6)
FN:185,(anonymous_7)
FNF:8
FNH:0
FNDA:0,(anonymous_0)
FNDA:0,(anonymous_1)
FNDA:0,(anonymous_2)
FNDA:0,(anonymous_3)
FNDA:0,(anonymous_4)
FNDA:0,(anonymous_5)
FNDA:0,(anonymous_6)
FNDA:0,(anonymous_7)
DA:8,0
DA:9,0
DA:15,0
DA:16,0
DA:17,0
DA:18,0
DA:20,0
DA:21,0
DA:22,0
DA:27,0
DA:28,0
DA:35,0
DA:36,0
DA:38,0
DA:39,0
DA:40,0
DA:41,0
DA:44,0
DA:45,0
DA:46,0
DA:47,0
DA:50,0
DA:51,0
DA:52,0
DA:53,0
DA:56,0
DA:57,0
DA:58,0
DA:59,0
DA:62,0
DA:63,0
DA:66,0
DA:67,0
DA:69,0
DA:71,0
DA:73,0
DA:75,0
DA:83,0
DA:84,0
DA:86,0
DA:90,0
DA:91,0
DA:93,0
DA:97,0
DA:162,0
DA:185,0
LF:46
LH:0
BRDA:27,0,0,0
BRDA:27,0,1,0
BRDA:38,1,0,0
BRDA:38,1,1,0
BRDA:40,2,0,0
BRDA:40,2,1,0
BRDA:44,3,0,0
BRDA:44,3,1,0
BRDA:46,4,0,0
BRDA:46,4,1,0
BRDA:50,5,0,0
BRDA:50,5,1,0
BRDA:52,6,0,0
BRDA:52,6,1,0
BRDA:56,7,0,0
BRDA:56,7,1,0
BRDA:58,8,0,0
BRDA:58,8,1,0
BRDA:69,9,0,0
BRDA:69,9,1,0
BRDA:83,10,0,0
BRDA:83,10,1,0
BRDA:86,11,0,0
BRDA:86,11,1,0
BRDA:91,12,0,0
BRDA:91,12,1,0
BRDA:128,13,0,0
BRDA:128,13,1,0
BRDA:130,14,0,0
BRDA:130,14,1,0
BRDA:142,15,0,0
BRDA:142,15,1,0
BRDA:144,16,0,0
BRDA:144,16,1,0
BRDA:151,17,0,0
BRDA:151,17,1,0
BRDA:157,18,0,0
BRDA:157,18,1,0
BRDA:164,19,0,0
BRDA:164,19,1,0
BRDA:167,20,0,0
BRDA:167,20,1,0
BRDA:174,21,0,0
BRDA:174,21,1,0
BRDA:180,22,0,0
BRDA:180,22,1,0
BRDA:187,23,0,0
BRDA:187,23,1,0
BRDA:190,24,0,0
BRDA:190,24,1,0
BRDA:193,25,0,0
BRDA:193,25,1,0
BRDA:197,26,0,0
BRDA:197,26,1,0
BRDA:200,27,0,0
BRDA:200,27,1,0
BRF:56
BRH:0
end_of_record
TN:
SF:src\components\Sidebar.js
FN:17,(anonymous_0)
FN:22,(anonymous_1)
FN:25,(anonymous_2)
FN:45,(anonymous_3)
FN:49,(anonymous_4)
FN:62,(anonymous_5)
FN:70,(anonymous_6)
FN:78,(anonymous_7)
FN:86,(anonymous_8)
FN:94,(anonymous_9)
FN:104,(anonymous_10)
FNF:11
FNH:0
FNDA:0,(anonymous_0)
FNDA:0,(anonymous_1)
FNDA:0,(anonymous_2)
FNDA:0,(anonymous_3)
FNDA:0,(anonymous_4)
FNDA:0,(anonymous_5)
FNDA:0,(anonymous_6)
FNDA:0,(anonymous_7)
FNDA:0,(anonymous_8)
FNDA:0,(anonymous_9)
FNDA:0,(anonymous_10)
DA:17,0
DA:18,0
DA:19,0
DA:22,0
DA:25,0
DA:26,0
DA:28,0
DA:29,0
DA:33,0
DA:46,0
DA:49,0
DA:62,0
DA:70,0
DA:78,0
DA:86,0
DA:94,0
DA:104,0
LF:17
LH:0
BRDA:28,0,0,0
BRDA:28,0,1,0
BRDA:28,1,0,0
BRDA:28,1,1,0
BRDA:34,2,0,0
BRDA:34,2,1,0
BRDA:48,3,0,0
BRDA:48,3,1,0
BRDA:61,4,0,0
BRDA:61,4,1,0
BRDA:69,5,0,0
BRDA:69,5,1,0
BRDA:77,6,0,0
BRDA:77,6,1,0
BRDA:85,7,0,0
BRDA:85,7,1,0
BRDA:93,8,0,0
BRDA:93,8,1,0
BRDA:100,9,0,0
BRDA:100,9,1,0
BRDA:103,10,0,0
BRDA:103,10,1,0
BRF:22
BRH:0
end_of_record
TN:
SF:src\components\ThemeToggle.js
FN:6,(anonymous_0)
FN:14,(anonymous_1)
FNF:2
FNH:0
FNDA:0,(anonymous_0)
FNDA:0,(anonymous_1)
DA:6,0
DA:7,0
DA:9,0
DA:10,0
DA:14,0
DA:25,0
DA:26,0
DA:45,0
LF:8
LH:0
BRDA:6,0,0,0
BRDA:6,1,0,0
BRDA:9,2,0,0
BRDA:9,2,1,0
BRDA:13,3,0,0
BRDA:13,3,1,0
BRDA:25,4,0,0
BRDA:25,4,1,0
BRDA:28,5,0,0
BRDA:28,5,1,0
BRDA:30,6,0,0
BRDA:30,6,1,0
BRDA:32,7,0,0
BRDA:32,7,1,0
BRDA:36,8,0,0
BRDA:36,8,1,0
BRDA:47,9,0,0
BRDA:47,9,1,0
BRDA:49,10,0,0
BRDA:49,10,1,0
BRDA:50,11,0,0
BRDA:50,11,1,0
BRDA:53,12,0,0
BRDA:53,12,1,0
BRDA:54,13,0,0
BRDA:54,13,1,0
BRDA:56,14,0,0
BRDA:56,14,1,0
BRDA:58,15,0,0
BRDA:58,15,1,0
BRF:30
BRH:0
end_of_record
TN:
SF:src\components\UserCorner.js
FN:4,(anonymous_0)
FNF:1
FNH:0
FNDA:0,(anonymous_0)
DA:4,0
DA:5,0
LF:2
LH:0
BRDA:8,0,0,0
BRDA:8,0,1,0
BRDA:8,1,0,0
BRDA:8,1,1,0
BRDA:10,2,0,0
BRDA:10,2,1,0
BRF:6
BRH:0
end_of_record
TN:
SF:src\contexts\ThemeContext.js
FN:5,(anonymous_0)
FN:13,(anonymous_1)
FN:14,(anonymous_2)
FN:31,(anonymous_3)
FN:34,(anonymous_4)
FN:43,(anonymous_5)
FN:47,(anonymous_6)
FN:58,(anonymous_7)
FN:64,(anonymous_8)
FNF:9
FNH:0
FNDA:0,(anonymous_0)
FNDA:0,(anonymous_1)
FNDA:0,(anonymous_2)
FNDA:0,(anonymous_3)
FNDA:0,(anonymous_4)
FNDA:0,(anonymous_5)
FNDA:0,(anonymous_6)
FNDA:0,(anonymous_7)
FNDA:0,(anonymous_8)
DA:3,0
DA:5,0
DA:6,0
DA:7,0
DA:8,0
DA:10,0
DA:13,0
DA:14,0
DA:16,0
DA:17,0
DA:18,0
DA:22,0
DA:23,0
DA:27,0
DA:31,0
DA:32,0
DA:34,0
DA:36,0
DA:37,0
DA:38,0
DA:42,0
DA:43,0
DA:47,0
DA:48,0
DA:49,0
DA:50,0
DA:51,0
DA:53,0
DA:54,0
DA:58,0
DA:59,0
DA:60,0
DA:61,0
DA:64,0
DA:65,0
DA:66,0
DA:67,0
DA:70,0
DA:77,0
LF:39
LH:0
BRDA:7,0,0,0
BRDA:7,0,1,0
BRDA:17,1,0,0
BRDA:17,1,1,0
BRDA:22,2,0,0
BRDA:22,2,1,0
BRDA:37,3,0,0
BRDA:37,3,1,0
BRDA:49,4,0,0
BRDA:49,4,1,0
BRDA:61,5,0,0
BRDA:61,5,1,0
BRDA:74,6,0,0
BRDA:74,6,1,0
BRF:14
BRH:0
end_of_record
TN:
SF:src\data\aiModels.js
FNF:0
FNH:0
DA:1,0
LF:1
LH:0
BRF:0
BRH:0
end_of_record
TN:
SF:src\data\features.js
FNF:0
FNH:0
DA:3,0
LF:1
LH:0
BRF:0
BRH:0
end_of_record
TN:
SF:src\dto\ChatDTO.js
FN:3,(anonymous_0)
FN:11,(anonymous_1)
FN:31,(anonymous_2)
FN:43,(anonymous_3)
FN:52,(anonymous_4)
FN:77,(anonymous_5)
FN:90,(anonymous_6)
FN:105,(anonymous_7)
FN:134,(anonymous_8)
FN:156,(anonymous_9)
FN:165,(anonymous_10)
FN:180,(anonymous_11)
FN:195,(anonymous_12)
FN:214,(anonymous_13)
FN:225,(anonymous_14)
FN:237,(anonymous_15)
FNF:16
FNH:0
FNDA:0,(anonymous_0)
FNDA:0,(anonymous_1)
FNDA:0,(anonymous_2)
FNDA:0,(anonymous_3)
FNDA:0,(anonymous_4)
FNDA:0,(anonymous_5)
FNDA:0,(anonymous_6)
FNDA:0,(anonymous_7)
FNDA:0,(anonymous_8)
FNDA:0,(anonymous_9)
FNDA:0,(anonymous_10)
FNDA:0,(anonymous_11)
FNDA:0,(anonymous_12)
FNDA:0,(anonymous_13)
FNDA:0,(anonymous_14)
FNDA:0,(anonymous_15)
DA:4,0
DA:5,0
DA:6,0
DA:7,0
DA:12,0
DA:14,0
DA:15,0
DA:18,0
DA:19,0
DA:22,0
DA:23,0
DA:24,0
DA:27,0
DA:32,0
DA:44,0
DA:45,0
DA:46,0
DA:47,0
DA:48,0
DA:53,0
DA:55,0
DA:56,0
DA:59,0
DA:60,0
DA:63,0
DA:64,0
DA:65,0
DA:69,0
DA:70,0
DA:73,0
DA:78,0
DA:91,0
DA:92,0
DA:93,0
DA:94,0
DA:95,0
DA:96,0
DA:97,0
DA:98,0
DA:99,0
DA:100,0
DA:101,0
DA:106,0
DA:108,0
DA:109,0
DA:112,0
DA:113,0
DA:116,0
DA:117,0
DA:120,0
DA:121,0
DA:122,0
DA:125,0
DA:126,0
DA:127,0
DA:130,0
DA:135,0
DA:142,0
DA:143,0
DA:144,0
DA:145,0
DA:146,0
DA:147,0
DA:148,0
DA:150,0
DA:157,0
DA:158,0
DA:159,0
DA:160,0
DA:161,0
DA:166,0
DA:168,0
DA:169,0
DA:172,0
DA:173,0
DA:176,0
DA:181,0
DA:183,0
DA:184,0
DA:185,0
DA:186,0
DA:187,0
DA:189,0
DA:196,0
DA:197,0
DA:198,0
DA:199,0
DA:200,0
DA:201,0
DA:202,0
DA:203,0
DA:204,0
DA:205,0
DA:206,0
DA:207,0
DA:208,0
DA:209,0
DA:210,0
DA:215,0
DA:221,0
DA:226,0
DA:227,0
DA:238,0
DA:239,0
DA:241,0
LF:105
LH:0
BRDA:3,0,0,0
BRDA:4,1,0,0
BRDA:4,1,1,0
BRDA:5,2,0,0
BRDA:5,2,1,0
BRDA:6,3,0,0
BRDA:6,3,1,0
BRDA:7,4,0,0
BRDA:7,4,1,0
BRDA:14,5,0,0
BRDA:14,5,1,0
BRDA:14,6,0,0
BRDA:14,6,1,0
BRDA:18,7,0,0
BRDA:18,7,1,0
BRDA:23,8,0,0
BRDA:23,8,1,0
BRDA:43,9,0,0
BRDA:44,10,0,0
BRDA:44,10,1,0
BRDA:45,11,0,0
BRDA:45,11,1,0
BRDA:46,12,0,0
BRDA:46,12,1,0
BRDA:47,13,0,0
BRDA:47,13,1,0
BRDA:48,14,0,0
BRDA:48,14,1,0
BRDA:55,15,0,0
BRDA:55,15,1,0
BRDA:55,16,0,0
BRDA:55,16,1,0
BRDA:59,17,0,0
BRDA:59,17,1,0
BRDA:64,18,0,0
BRDA:64,18,1,0
BRDA:69,19,0,0
BRDA:69,19,1,0
BRDA:90,20,0,0
BRDA:91,21,0,0
BRDA:91,21,1,0
BRDA:92,22,0,0
BRDA:92,22,1,0
BRDA:93,23,0,0
BRDA:93,23,1,0
BRDA:94,24,0,0
BRDA:94,24,1,0
BRDA:95,25,0,0
BRDA:95,25,1,0
BRDA:96,26,0,0
BRDA:96,26,1,0
BRDA:97,27,0,0
BRDA:97,27,1,0
BRDA:98,28,0,0
BRDA:98,28,1,0
BRDA:99,29,0,0
BRDA:99,29,1,0
BRDA:100,30,0,0
BRDA:100,30,1,0
BRDA:101,31,0,0
BRDA:101,31,1,0
BRDA:108,32,0,0
BRDA:108,32,1,0
BRDA:112,33,0,0
BRDA:112,33,1,0
BRDA:116,34,0,0
BRDA:116,34,1,0
BRDA:116,35,0,0
BRDA:116,35,1,0
BRDA:121,36,0,0
BRDA:121,36,1,0
BRDA:126,37,0,0
BRDA:126,37,1,0
BRDA:142,38,0,0
BRDA:142,38,1,0
BRDA:143,39,0,0
BRDA:143,39,1,0
BRDA:144,40,0,0
BRDA:144,40,1,0
BRDA:145,41,0,0
BRDA:145,41,1,0
BRDA:146,42,0,0
BRDA:146,42,1,0
BRDA:147,43,0,0
BRDA:147,43,1,0
BRDA:148,44,0,0
BRDA:148,44,1,0
BRDA:156,45,0,0
BRDA:157,46,0,0
BRDA:157,46,1,0
BRDA:158,47,0,0
BRDA:158,47,1,0
BRDA:159,48,0,0
BRDA:159,48,1,0
BRDA:160,49,0,0
BRDA:160,49,1,0
BRDA:161,50,0,0
BRDA:161,50,1,0
BRDA:168,51,0,0
BRDA:168,51,1,0
BRDA:168,52,0,0
BRDA:168,52,1,0
BRDA:172,53,0,0
BRDA:172,53,1,0
BRDA:172,54,0,0
BRDA:172,54,1,0
BRDA:183,55,0,0
BRDA:183,55,1,0
BRDA:184,56,0,0
BRDA:184,56,1,0
BRDA:185,57,0,0
BRDA:185,57,1,0
BRDA:186,58,0,0
BRDA:186,58,1,0
BRDA:187,59,0,0
BRDA:187,59,1,0
BRDA:195,60,0,0
BRDA:197,61,0,0
BRDA:197,61,1,0
BRDA:201,62,0,0
BRDA:201,62,1,0
BRDA:202,63,0,0
BRDA:202,63,1,0
BRDA:204,64,0,0
BRDA:204,64,1,0
BRDA:205,65,0,0
BRDA:205,65,1,0
BRDA:206,66,0,0
BRDA:206,66,1,0
BRDA:207,67,0,0
BRDA:207,67,1,0
BRDA:208,68,0,0
BRDA:208,68,1,0
BRDA:209,69,0,0
BRDA:209,69,1,0
BRDA:210,70,0,0
BRDA:210,70,1,0
BRDA:221,71,0,0
BRDA:221,71,1,0
BRDA:226,72,0,0
BRDA:226,72,1,0
BRDA:238,73,0,0
BRDA:238,73,1,0
BRDA:238,74,0,0
BRDA:238,74,1,0
BRF:145
BRH:0
end_of_record
TN:
SF:src\dto\UserDTO.js
FN:3,(anonymous_0)
FN:14,(anonymous_1)
FN:45,(anonymous_2)
FN:59,(anonymous_3)
FN:66,(anonymous_4)
FN:81,(anonymous_5)
FN:92,(anonymous_6)
FN:102,(anonymous_7)
FN:117,(anonymous_8)
FN:131,(anonymous_9)
FN:138,(anonymous_10)
FN:161,(anonymous_11)
FN:171,(anonymous_12)
FN:188,(anonymous_13)
FN:193,(anonymous_14)
FNF:15
FNH:0
FNDA:0,(anonymous_0)
FNDA:0,(anonymous_1)
FNDA:0,(anonymous_2)
FNDA:0,(anonymous_3)
FNDA:0,(anonymous_4)
FNDA:0,(anonymous_5)
FNDA:0,(anonymous_6)
FNDA:0,(anonymous_7)
FNDA:0,(anonymous_8)
FNDA:0,(anonymous_9)
FNDA:0,(anonymous_10)
FNDA:0,(anonymous_11)
FNDA:0,(anonymous_12)
FNDA:0,(anonymous_13)
FNDA:0,(anonymous_14)
DA:4,0
DA:5,0
DA:6,0
DA:7,0
DA:8,0
DA:9,0
DA:10,0
DA:15,0
DA:17,0
DA:18,0
DA:21,0
DA:22,0
DA:25,0
DA:26,0
DA:29,0
DA:30,0
DA:33,0
DA:34,0
DA:37,0
DA:38,0
DA:41,0
DA:46,0
DA:60,0
DA:61,0
DA:62,0
DA:67,0
DA:69,0
DA:70,0
DA:73,0
DA:74,0
DA:77,0
DA:82,0
DA:93,0
DA:94,0
DA:95,0
DA:96,0
DA:97,0
DA:98,0
DA:103,0
DA:105,0
DA:106,0
DA:109,0
DA:110,0
DA:113,0
DA:118,0
DA:132,0
DA:133,0
DA:134,0
DA:139,0
DA:141,0
DA:142,0
DA:145,0
DA:146,0
DA:149,0
DA:150,0
DA:153,0
DA:154,0
DA:157,0
DA:162,0
DA:172,0
DA:173,0
DA:174,0
DA:175,0
DA:176,0
DA:177,0
DA:178,0
DA:179,0
DA:180,0
DA:181,0
DA:182,0
DA:183,0
DA:184,0
DA:189,0
DA:195,0
DA:201,0
DA:202,0
LF:76
LH:0
BRDA:3,0,0,0
BRDA:4,1,0,0
BRDA:4,1,1,0
BRDA:5,2,0,0
BRDA:5,2,1,0
BRDA:6,3,0,0
BRDA:6,3,1,0
BRDA:7,4,0,0
BRDA:7,4,1,0
BRDA:8,5,0,0
BRDA:8,5,1,0
BRDA:9,6,0,0
BRDA:9,6,1,0
BRDA:10,7,0,0
BRDA:10,7,1,0
BRDA:17,8,0,0
BRDA:17,8,1,0
BRDA:17,9,0,0
BRDA:17,9,1,0
BRDA:21,10,0,0
BRDA:21,10,1,0
BRDA:25,11,0,0
BRDA:25,11,1,0
BRDA:25,12,0,0
BRDA:25,12,1,0
BRDA:29,13,0,0
BRDA:29,13,1,0
BRDA:29,14,0,0
BRDA:29,14,1,0
BRDA:33,15,0,0
BRDA:33,15,1,0
BRDA:37,16,0,0
BRDA:37,16,1,0
BRDA:37,17,0,0
BRDA:37,17,1,0
BRDA:59,18,0,0
BRDA:60,19,0,0
BRDA:60,19,1,0
BRDA:61,20,0,0
BRDA:61,20,1,0
BRDA:62,21,0,0
BRDA:62,21,1,0
BRDA:69,22,0,0
BRDA:69,22,1,0
BRDA:73,23,0,0
BRDA:73,23,1,0
BRDA:92,24,0,0
BRDA:93,25,0,0
BRDA:93,25,1,0
BRDA:94,26,0,0
BRDA:94,26,1,0
BRDA:95,27,0,0
BRDA:95,27,1,0
BRDA:96,28,0,0
BRDA:96,28,1,0
BRDA:97,29,0,0
BRDA:97,29,1,0
BRDA:98,30,0,0
BRDA:98,30,1,0
BRDA:105,31,0,0
BRDA:105,31,1,0
BRDA:105,32,0,0
BRDA:105,32,1,0
BRDA:109,33,0,0
BRDA:109,33,1,0
BRDA:109,34,0,0
BRDA:109,34,1,0
BRDA:131,35,0,0
BRDA:132,36,0,0
BRDA:132,36,1,0
BRDA:133,37,0,0
BRDA:133,37,1,0
BRDA:134,38,0,0
BRDA:134,38,1,0
BRDA:141,39,0,0
BRDA:141,39,1,0
BRDA:145,40,0,0
BRDA:145,40,1,0
BRDA:145,41,0,0
BRDA:145,41,1,0
BRDA:149,42,0,0
BRDA:149,42,1,0
BRDA:153,43,0,0
BRDA:153,43,1,0
BRDA:171,44,0,0
BRDA:175,45,0,0
BRDA:175,45,1,0
BRDA:182,46,0,0
BRDA:182,46,1,0
BRDA:183,47,0,0
BRDA:183,47,1,0
BRDA:184,48,0,0
BRDA:184,48,1,0
BRDA:189,49,0,0
BRDA:189,49,1,0
BRDA:201,50,0,0
BRDA:201,50,1,0
BRDA:202,51,0,0
BRDA:202,51,1,0
BRF:99
BRH:0
end_of_record
TN:
SF:src\services\ChatService.js
FN:4,(anonymous_0)
FN:11,(anonymous_1)
FN:32,(anonymous_2)
FN:61,(anonymous_3)
FN:81,(anonymous_4)
FNF:5
FNH:0
FNDA:0,(anonymous_0)
FNDA:0,(anonymous_1)
FNDA:0,(anonymous_2)
FNDA:0,(anonymous_3)
FNDA:0,(anonymous_4)
DA:5,0
DA:6,0
DA:7,0
DA:12,0
DA:13,0
DA:14,0
DA:15,0
DA:18,0
DA:19,0
DA:20,0
DA:22,0
DA:24,0
DA:25,0
DA:27,0
DA:33,0
DA:34,0
DA:35,0
DA:38,0
DA:39,0
DA:40,0
DA:41,0
DA:44,0
DA:45,0
DA:47,0
DA:48,0
DA:51,0
DA:53,0
DA:54,0
DA:56,0
DA:62,0
DA:64,0
DA:65,0
DA:68,0
DA:69,0
DA:72,0
DA:73,0
DA:74,0
DA:77,0
DA:82,0
DA:84,0
DA:85,0
DA:88,0
DA:89,0
DA:92,0
DA:96,0
LF:45
LH:0
BRDA:14,0,0,0
BRDA:14,0,1,0
BRDA:34,1,0,0
BRDA:34,1,1,0
BRDA:40,2,0,0
BRDA:40,2,1,0
BRDA:47,3,0,0
BRDA:47,3,1,0
BRDA:64,4,0,0
BRDA:64,4,1,0
BRDA:64,5,0,0
BRDA:64,5,1,0
BRDA:68,6,0,0
BRDA:68,6,1,0
BRDA:73,7,0,0
BRDA:73,7,1,0
BRDA:84,8,0,0
BRDA:84,8,1,0
BRDA:84,9,0,0
BRDA:84,9,1,0
BRDA:88,10,0,0
BRDA:88,10,1,0
BRF:22
BRH:0
end_of_record
TN:
SF:src\services\UserService.js
FN:4,(anonymous_0)
FN:9,(anonymous_1)
FN:32,(anonymous_2)
FN:55,(anonymous_3)
FN:75,(anonymous_4)
FN:89,(anonymous_5)
FN:105,(anonymous_6)
FN:123,(anonymous_7)
FN:141,(anonymous_8)
FN:157,(anonymous_9)
FN:164,(anonymous_10)
FN:180,(anonymous_11)
FNF:12
FNH:0
FNDA:0,(anonymous_0)
FNDA:0,(anonymous_1)
FNDA:0,(anonymous_2)
FNDA:0,(anonymous_3)
FNDA:0,(anonymous_4)
FNDA:0,(anonymous_5)
FNDA:0,(anonymous_6)
FNDA:0,(anonymous_7)
FNDA:0,(anonymous_8)
FNDA:0,(anonymous_9)
FNDA:0,(anonymous_10)
FNDA:0,(anonymous_11)
DA:5,0
DA:10,0
DA:11,0
DA:14,0
DA:15,0
DA:18,0
DA:19,0
DA:21,0
DA:23,0
DA:26,0
DA:27,0
DA:33,0
DA:34,0
DA:37,0
DA:38,0
DA:41,0
DA:42,0
DA:44,0
DA:46,0
DA:49,0
DA:50,0
DA:56,0
DA:57,0
DA:59,0
DA:60,0
DA:61,0
DA:64,0
DA:65,0
DA:68,0
DA:69,0
DA:70,0
DA:76,0
DA:77,0
DA:79,0
DA:82,0
DA:83,0
DA:84,0
DA:90,0
DA:91,0
DA:93,0
DA:94,0
DA:96,0
DA:99,0
DA:100,0
DA:106,0
DA:107,0
DA:109,0
DA:110,0
DA:111,0
DA:112,0
DA:114,0
DA:117,0
DA:118,0
DA:124,0
DA:125,0
DA:127,0
DA:128,0
DA:129,0
DA:130,0
DA:132,0
DA:135,0
DA:136,0
DA:142,0
DA:143,0
DA:144,0
DA:145,0
DA:146,0
DA:148,0
DA:149,0
DA:153,0
DA:158,0
DA:159,0
DA:160,0
DA:165,0
DA:166,0
DA:168,0
DA:169,0
DA:171,0
DA:174,0
DA:175,0
DA:181,0
DA:182,0
DA:184,0
DA:185,0
DA:187,0
DA:190,0
DA:191,0
DA:196,0
LF:88
LH:0
BRDA:14,0,0,0
BRDA:14,0,1,0
BRDA:14,1,0,0
BRDA:14,1,1,0
BRDA:23,2,0,0
BRDA:23,2,1,0
BRDA:37,3,0,0
BRDA:37,3,1,0
BRDA:37,4,0,0
BRDA:37,4,1,0
BRDA:46,5,0,0
BRDA:46,5,1,0
BRDA:59,6,0,0
BRDA:59,6,1,0
BRDA:59,7,0,0
BRDA:59,7,1,0
BRDA:93,8,0,0
BRDA:93,8,1,0
BRDA:96,9,0,0
BRDA:96,9,1,0
BRDA:109,10,0,0
BRDA:109,10,1,0
BRDA:109,11,0,0
BRDA:109,11,1,0
BRDA:114,12,0,0
BRDA:114,12,1,0
BRDA:127,13,0,0
BRDA:127,13,1,0
BRDA:127,14,0,0
BRDA:127,14,1,0
BRDA:132,15,0,0
BRDA:132,15,1,0
BRDA:142,16,0,0
BRDA:142,16,1,0
BRDA:144,17,0,0
BRDA:144,17,1,0
BRDA:160,18,0,0
BRDA:160,18,1,0
BRDA:168,19,0,0
BRDA:168,19,1,0
BRDA:171,20,0,0
BRDA:171,20,1,0
BRDA:184,21,0,0
BRDA:184,21,1,0
BRDA:187,22,0,0
BRDA:187,22,1,0
BRF:46
BRH:0
end_of_record
TN:
SF:src\services\api.js
FN:14,(anonymous_0)
FN:22,(anonymous_1)
FN:28,(anonymous_2)
FN:70,(anonymous_3)
FN:83,(anonymous_4)
FN:86,(anonymous_5)
FN:122,(anonymous_6)
FN:125,(anonymous_7)
FN:128,(anonymous_8)
FN:131,(anonymous_9)
FN:134,(anonymous_10)
FN:140,(anonymous_11)
FN:143,(anonymous_12)
FN:146,(anonymous_13)
FN:149,(anonymous_14)
FN:152,(anonymous_15)
FN:155,(anonymous_16)
FN:158,(anonymous_17)
FN:161,(anonymous_18)
FN:167,(anonymous_19)
FN:170,(anonymous_20)
FN:173,(anonymous_21)
FN:176,(anonymous_22)
FN:179,(anonymous_23)
FN:185,(anonymous_24)
FN:188,(anonymous_25)
FN:191,(anonymous_26)
FN:194,(anonymous_27)
FN:197,(anonymous_28)
FN:200,(anonymous_29)
FN:206,(anonymous_30)
FN:209,(anonymous_31)
FN:212,(anonymous_32)
FN:215,(anonymous_33)
FN:218,(anonymous_34)
FN:221,(anonymous_35)
FN:222,(anonymous_36)
FN:223,(anonymous_37)
FN:226,(anonymous_38)
FN:227,(anonymous_39)
FN:230,(anonymous_40)
FN:236,(anonymous_41)
FN:239,(anonymous_42)
FN:242,(anonymous_43)
FN:245,(anonymous_44)
FN:248,(anonymous_45)
FN:251,(anonymous_46)
FN:254,(anonymous_47)
FN:257,(anonymous_48)
FN:260,(anonymous_49)
FN:261,(anonymous_50)
FN:267,(anonymous_51)
FN:270,(anonymous_52)
FN:273,(anonymous_53)
FN:276,(anonymous_54)
FN:279,(anonymous_55)
FN:282,(anonymous_56)
FN:285,(anonymous_57)
FN:291,(anonymous_58)
FN:299,(anonymous_59)
FN:309,(anonymous_60)
FN:312,(anonymous_61)
FN:315,(anonymous_62)
FN:321,(anonymous_63)
FN:326,(anonymous_64)
FN:332,(anonymous_65)
FN:337,(anonymous_66)
FN:342,(anonymous_67)
FN:348,(anonymous_68)
FN:353,(anonymous_69)
FN:359,(anonymous_70)
FN:368,(anonymous_71)
FN:371,(anonymous_72)
FN:374,(anonymous_73)
FN:377,(anonymous_74)
FN:380,(anonymous_75)
FN:383,(anonymous_76)
FN:386,(anonymous_77)
FN:389,(anonymous_78)
FN:392,(anonymous_79)
FN:395,(anonymous_80)
FN:398,(anonymous_81)
FN:401,(anonymous_82)
FN:404,(anonymous_83)
FN:414,(anonymous_84)
FN:417,(anonymous_85)
FN:420,(anonymous_86)
FN:423,(anonymous_87)
FNF:88
FNH:0
FNDA:0,(anonymous_0)
FNDA:0,(anonymous_1)
FNDA:0,(anonymous_2)
FNDA:0,(anonymous_3)
FNDA:0,(anonymous_4)
FNDA:0,(anonymous_5)
FNDA:0,(anonymous_6)
FNDA:0,(anonymous_7)
FNDA:0,(anonymous_8)
FNDA:0,(anonymous_9)
FNDA:0,(anonymous_10)
FNDA:0,(anonymous_11)
FNDA:0,(anonymous_12)
FNDA:0,(anonymous_13)
FNDA:0,(anonymous_14)
FNDA:0,(anonymous_15)
FNDA:0,(anonymous_16)
FNDA:0,(anonymous_17)
FNDA:0,(anonymous_18)
FNDA:0,(anonymous_19)
FNDA:0,(anonymous_20)
FNDA:0,(anonymous_21)
FNDA:0,(anonymous_22)
FNDA:0,(anonymous_23)
FNDA:0,(anonymous_24)
FNDA:0,(anonymous_25)
FNDA:0,(anonymous_26)
FNDA:0,(anonymous_27)
FNDA:0,(anonymous_28)
FNDA:0,(anonymous_29)
FNDA:0,(anonymous_30)
FNDA:0,(anonymous_31)
FNDA:0,(anonymous_32)
FNDA:0,(anonymous_33)
FNDA:0,(anonymous_34)
FNDA:0,(anonymous_35)
FNDA:0,(anonymous_36)
FNDA:0,(anonymous_37)
FNDA:0,(anonymous_38)
FNDA:0,(anonymous_39)
FNDA:0,(anonymous_40)
FNDA:0,(anonymous_41)
FNDA:0,(anonymous_42)
FNDA:0,(anonymous_43)
FNDA:0,(anonymous_44)
FNDA:0,(anonymous_45)
FNDA:0,(anonymous_46)
FNDA:0,(anonymous_47)
FNDA:0,(anonymous_48)
FNDA:0,(anonymous_49)
FNDA:0,(anonymous_50)
FNDA:0,(anonymous_51)
FNDA:0,(anonymous_52)
FNDA:0,(anonymous_53)
FNDA:0,(anonymous_54)
FNDA:0,(anonymous_55)
FNDA:0,(anonymous_56)
FNDA:0,(anonymous_57)
FNDA:0,(anonymous_58)
FNDA:0,(anonymous_59)
FNDA:0,(anonymous_60)
FNDA:0,(anonymous_61)
FNDA:0,(anonymous_62)
FNDA:0,(anonymous_63)
FNDA:0,(anonymous_64)
FNDA:0,(anonymous_65)
FNDA:0,(anonymous_66)
FNDA:0,(anonymous_67)
FNDA:0,(anonymous_68)
FNDA:0,(anonymous_69)
FNDA:0,(anonymous_70)
FNDA:0,(anonymous_71)
FNDA:0,(anonymous_72)
FNDA:0,(anonymous_73)
FNDA:0,(anonymous_74)
FNDA:0,(anonymous_75)
FNDA:0,(anonymous_76)
FNDA:0,(anonymous_77)
FNDA:0,(anonymous_78)
FNDA:0,(anonymous_79)
FNDA:0,(anonymous_80)
FNDA:0,(anonymous_81)
FNDA:0,(anonymous_82)
FNDA:0,(anonymous_83)
FNDA:0,(anonymous_84)
FNDA:0,(anonymous_85)
FNDA:0,(anonymous_86)
FNDA:0,(anonymous_87)
DA:4,0
DA:13,0
DA:15,0
DA:16,0
DA:17,0
DA:18,0
DA:20,0
DA:23,0
DA:28,0
DA:30,0
DA:31,0
DA:58,0
DA:59,0
DA:65,0
DA:67,0
DA:70,0
DA:71,0
DA:72,0
DA:75,0
DA:76,0
DA:77,0
DA:82,0
DA:84,0
DA:87,0
DA:90,0
DA:92,0
DA:93,0
DA:97,0
DA:98,0
DA:101,0
DA:104,0
DA:105,0
DA:109,0
DA:110,0
DA:114,0
DA:115,0
DA:120,0
DA:122,0
DA:125,0
DA:128,0
DA:131,0
DA:134,0
DA:138,0
DA:140,0
DA:143,0
DA:146,0
DA:149,0
DA:152,0
DA:155,0
DA:158,0
DA:161,0
DA:165,0
DA:167,0
DA:170,0
DA:173,0
DA:176,0
DA:179,0
DA:183,0
DA:185,0
DA:188,0
DA:191,0
DA:194,0
DA:197,0
DA:200,0
DA:204,0
DA:206,0
DA:209,0
DA:212,0
DA:215,0
DA:218,0
DA:221,0
DA:222,0
DA:223,0
DA:226,0
DA:227,0
DA:230,0
DA:234,0
DA:236,0
DA:239,0
DA:242,0
DA:245,0
DA:248,0
DA:251,0
DA:254,0
DA:257,0
DA:260,0
DA:261,0
DA:265,0
DA:267,0
DA:270,0
DA:273,0
DA:276,0
DA:279,0
DA:282,0
DA:285,0
DA:289,0
DA:292,0
DA:293,0
DA:295,0
DA:300,0
DA:301,0
DA:302,0
DA:309,0
DA:312,0
DA:315,0
DA:319,0
DA:322,0
DA:327,0
DA:328,0
DA:333,0
DA:338,0
DA:343,0
DA:344,0
DA:349,0
DA:354,0
DA:355,0
DA:360,0
DA:361,0
DA:366,0
DA:368,0
DA:371,0
DA:374,0
DA:377,0
DA:380,0
DA:383,0
DA:386,0
DA:389,0
DA:392,0
DA:395,0
DA:398,0
DA:401,0
DA:405,0
DA:406,0
DA:407,0
DA:412,0
DA:414,0
DA:417,0
DA:420,0
DA:423,0
LF:139
LH:0
BRDA:5,0,0,0
BRDA:5,0,1,0
BRDA:17,1,0,0
BRDA:17,1,1,0
BRDA:71,2,0,0
BRDA:71,2,1,0
BRDA:90,3,0,0
BRDA:90,3,1,0
BRDA:97,4,0,0
BRDA:97,4,1,0
BRDA:98,5,0,0
BRDA:98,5,1,0
BRDA:98,5,2,0
BRDA:101,6,0,0
BRDA:101,6,1,0
BRDA:101,7,0,0
BRDA:101,7,1,0
BRDA:101,7,2,0
BRDA:101,7,3,0
BRDA:101,7,4,0
BRDA:109,8,0,0
BRDA:109,8,1,0
BRDA:114,9,0,0
BRDA:114,9,1,0
BRDA:114,9,2,0
BRDA:114,9,3,0
BRDA:146,10,0,0
BRDA:167,11,0,0
BRDA:218,12,0,0
BRDA:236,13,0,0
BRDA:251,14,0,0
BRDA:257,15,0,0
BRDA:270,16,0,0
BRDA:300,17,0,0
BRDA:300,17,1,0
BRDA:344,18,0,0
BRDA:344,18,1,0
BRDA:371,19,0,0
BRDA:404,20,0,0
BRDA:404,21,0,0
BRDA:404,22,0,0
BRDA:406,23,0,0
BRDA:406,23,1,0
BRF:43
BRH:0
end_of_record
TN:
SF:src\services\promptTemplateAPI.js
FN:4,(anonymous_0)
FN:9,(anonymous_1)
FN:33,(anonymous_2)
FN:43,(anonymous_3)
FN:72,(anonymous_4)
FN:82,(anonymous_5)
FN:92,(anonymous_6)
FN:102,(anonymous_7)
FN:112,(anonymous_8)
FN:122,(anonymous_9)
FN:135,(anonymous_10)
FN:148,(anonymous_11)
FN:160,(anonymous_12)
FN:172,(anonymous_13)
FNF:14
FNH:0
FNDA:0,(anonymous_0)
FNDA:0,(anonymous_1)
FNDA:0,(anonymous_2)
FNDA:0,(anonymous_3)
FNDA:0,(anonymous_4)
FNDA:0,(anonymous_5)
FNDA:0,(anonymous_6)
FNDA:0,(anonymous_7)
FNDA:0,(anonymous_8)
FNDA:0,(anonymous_9)
FNDA:0,(anonymous_10)
FNDA:0,(anonymous_11)
FNDA:0,(anonymous_12)
FNDA:0,(anonymous_13)
DA:1,0
DA:4,0
DA:5,0
DA:9,0
DA:10,0
DA:11,0
DA:19,0
DA:24,0
DA:25,0
DA:28,0
DA:31,0
DA:34,0
DA:35,0
DA:37,0
DA:38,0
DA:44,0
DA:45,0
DA:47,0
DA:48,0
DA:50,0
DA:51,0
DA:53,0
DA:54,0
DA:56,0
DA:57,0
DA:59,0
DA:60,0
DA:63,0
DA:64,0
DA:66,0
DA:67,0
DA:73,0
DA:74,0
DA:76,0
DA:77,0
DA:83,0
DA:84,0
DA:86,0
DA:87,0
DA:93,0
DA:94,0
DA:96,0
DA:97,0
DA:103,0
DA:104,0
DA:106,0
DA:107,0
DA:113,0
DA:114,0
DA:116,0
DA:117,0
DA:123,0
DA:124,0
DA:129,0
DA:130,0
DA:136,0
DA:137,0
DA:142,0
DA:143,0
DA:149,0
DA:150,0
DA:154,0
DA:155,0
DA:161,0
DA:162,0
DA:166,0
DA:167,0
DA:173,0
DA:174,0
DA:179,0
DA:180,0
LF:71
LH:0
BRDA:9,0,0,0
BRDA:14,1,0,0
BRDA:14,1,1,0
BRDA:24,2,0,0
BRDA:24,2,1,0
BRDA:43,3,0,0
BRDA:47,4,0,0
BRDA:47,4,1,0
BRDA:47,5,0,0
BRDA:47,5,1,0
BRDA:50,6,0,0
BRDA:50,6,1,0
BRDA:53,7,0,0
BRDA:53,7,1,0
BRDA:56,8,0,0
BRDA:56,8,1,0
BRDA:59,9,0,0
BRDA:59,9,1,0
BRDA:63,10,0,0
BRDA:63,10,1,0
BRF:20
BRH:0
end_of_record
TN:
SF:src\utils\formatTime.js
FN:2,(anonymous_0)
FNF:1
FNH:0
FNDA:0,(anonymous_0)
DA:2,0
DA:3,0
DA:4,0
DA:5,0
DA:6,0
DA:7,0
DA:9,0
DA:10,0
DA:11,0
DA:12,0
DA:13,0
DA:14,0
DA:16,0
LF:13
LH:0
BRDA:9,0,0,0
BRDA:9,0,1,0
BRDA:11,1,0,0
BRDA:11,1,1,0
BRDA:13,2,0,0
BRDA:13,2,1,0
BRF:6
BRH:0
end_of_record
