{"C:\\myProject\\UIPrototype\\SE25Project-05\\TechPrototype\\src\\App.js": {"path":"C:\\myProject\\UIPrototype\\SE25Project-05\\TechPrototype\\src\\App.js","statementMap":{"0":{"start":{"line":25,"column":48},"end":{"line":25,"column":63}},"1":{"start":{"line":26,"column":26},"end":{"line":26,"column":40}},"2":{"start":{"line":27,"column":36},"end":{"line":27,"column":50}},"3":{"start":{"line":28,"column":40},"end":{"line":28,"column":54}},"4":{"start":{"line":30,"column":24},"end":{"line":32,"column":3}},"5":{"start":{"line":31,"column":6},"end":{"line":31,"column":35}},"6":{"start":{"line":35,"column":4},"end":{"line":47,"column":11}},"7":{"start":{"line":36,"column":29},"end":{"line":40,"column":9}},"8":{"start":{"line":37,"column":12},"end":{"line":39,"column":13}},"9":{"start":{"line":38,"column":16},"end":{"line":38,"column":38}},"10":{"start":{"line":43,"column":8},"end":{"line":43,"column":23}},"11":{"start":{"line":45,"column":8},"end":{"line":45,"column":56}},"12":{"start":{"line":46,"column":8},"end":{"line":46,"column":72}},"13":{"start":{"line":46,"column":21},"end":{"line":46,"column":71}},"14":{"start":{"line":61,"column":2},"end":{"line":98,"column":9}},"15":{"start":{"line":63,"column":28},"end":{"line":95,"column":5}},"16":{"start":{"line":64,"column":20},"end":{"line":64,"column":53}},"17":{"start":{"line":65,"column":24},"end":{"line":65,"column":52}},"18":{"start":{"line":67,"column":6},"end":{"line":93,"column":7}},"19":{"start":{"line":68,"column":8},"end":{"line":92,"column":9}},"20":{"start":{"line":70,"column":10},"end":{"line":70,"column":33}},"21":{"start":{"line":73,"column":27},"end":{"line":73,"column":48}},"22":{"start":{"line":75,"column":10},"end":{"line":77,"column":11}},"23":{"start":{"line":76,"column":12},"end":{"line":76,"column":35}},"24":{"start":{"line":78,"column":10},"end":{"line":78,"column":28}},"25":{"start":{"line":79,"column":10},"end":{"line":79,"column":35}},"26":{"start":{"line":81,"column":10},"end":{"line":81,"column":56}},"27":{"start":{"line":83,"column":10},"end":{"line":83,"column":42}},"28":{"start":{"line":84,"column":10},"end":{"line":84,"column":47}},"29":{"start":{"line":85,"column":10},"end":{"line":85,"column":24}},"30":{"start":{"line":86,"column":10},"end":{"line":86,"column":36}},"31":{"start":{"line":89,"column":10},"end":{"line":91,"column":11}},"32":{"start":{"line":90,"column":12},"end":{"line":90,"column":38}},"33":{"start":{"line":94,"column":6},"end":{"line":94,"column":26}},"34":{"start":{"line":97,"column":4},"end":{"line":97,"column":22}},"35":{"start":{"line":101,"column":34},"end":{"line":150,"column":3}},"36":{"start":{"line":102,"column":25},"end":{"line":102,"column":54}},"37":{"start":{"line":103,"column":4},"end":{"line":127,"column":6}},"38":{"start":{"line":130,"column":4},"end":{"line":140,"column":5}},"39":{"start":{"line":131,"column":20},"end":{"line":131,"column":51}},"40":{"start":{"line":132,"column":6},"end":{"line":132,"column":36}},"41":{"start":{"line":133,"column":6},"end":{"line":138,"column":8}},"42":{"start":{"line":139,"column":6},"end":{"line":139,"column":39}},"43":{"start":{"line":142,"column":4},"end":{"line":142,"column":44}},"44":{"start":{"line":145,"column":4},"end":{"line":149,"column":13}},"45":{"start":{"line":146,"column":6},"end":{"line":148,"column":7}},"46":{"start":{"line":147,"column":8},"end":{"line":147,"column":30}},"47":{"start":{"line":152,"column":22},"end":{"line":163,"column":3}},"48":{"start":{"line":154,"column":4},"end":{"line":156,"column":5}},"49":{"start":{"line":155,"column":6},"end":{"line":155,"column":29}},"50":{"start":{"line":157,"column":4},"end":{"line":157,"column":22}},"51":{"start":{"line":158,"column":4},"end":{"line":158,"column":29}},"52":{"start":{"line":159,"column":4},"end":{"line":159,"column":59}},"53":{"start":{"line":160,"column":4},"end":{"line":162,"column":5}},"54":{"start":{"line":161,"column":6},"end":{"line":161,"column":47}},"55":{"start":{"line":165,"column":23},"end":{"line":176,"column":3}},"56":{"start":{"line":166,"column":4},"end":{"line":175,"column":5}},"57":{"start":{"line":168,"column":6},"end":{"line":168,"column":33}},"58":{"start":{"line":170,"column":6},"end":{"line":170,"column":38}},"59":{"start":{"line":173,"column":6},"end":{"line":173,"column":20}},"60":{"start":{"line":174,"column":6},"end":{"line":174,"column":32}},"61":{"start":{"line":179,"column":18},"end":{"line":192,"column":3}},"62":{"start":{"line":180,"column":4},"end":{"line":180,"column":28}},"63":{"start":{"line":180,"column":15},"end":{"line":180,"column":28}},"64":{"start":{"line":182,"column":26},"end":{"line":186,"column":5}},"65":{"start":{"line":188,"column":22},"end":{"line":188,"column":51}},"66":{"start":{"line":189,"column":26},"end":{"line":189,"column":58}},"67":{"start":{"line":191,"column":4},"end":{"line":191,"column":38}},"68":{"start":{"line":195,"column":2},"end":{"line":204,"column":3}},"69":{"start":{"line":196,"column":4},"end":{"line":203,"column":6}},"70":{"start":{"line":206,"column":2},"end":{"line":316,"column":4}}},"fnMap":{"0":{"name":"App","decl":{"start":{"line":24,"column":9},"end":{"line":24,"column":12}},"loc":{"start":{"line":24,"column":15},"end":{"line":317,"column":1}},"line":24},"1":{"name":"(anonymous_1)","decl":{"start":{"line":30,"column":24},"end":{"line":30,"column":25}},"loc":{"start":{"line":30,"column":30},"end":{"line":32,"column":3}},"line":30},"2":{"name":"(anonymous_2)","decl":{"start":{"line":35,"column":14},"end":{"line":35,"column":15}},"loc":{"start":{"line":35,"column":20},"end":{"line":47,"column":5}},"line":35},"3":{"name":"(anonymous_3)","decl":{"start":{"line":36,"column":29},"end":{"line":36,"column":30}},"loc":{"start":{"line":36,"column":35},"end":{"line":40,"column":9}},"line":36},"4":{"name":"(anonymous_4)","decl":{"start":{"line":46,"column":15},"end":{"line":46,"column":16}},"loc":{"start":{"line":46,"column":21},"end":{"line":46,"column":71}},"line":46},"5":{"name":"(anonymous_5)","decl":{"start":{"line":61,"column":12},"end":{"line":61,"column":13}},"loc":{"start":{"line":61,"column":18},"end":{"line":98,"column":3}},"line":61},"6":{"name":"(anonymous_6)","decl":{"start":{"line":63,"column":28},"end":{"line":63,"column":29}},"loc":{"start":{"line":63,"column":40},"end":{"line":95,"column":5}},"line":63},"7":{"name":"(anonymous_7)","decl":{"start":{"line":101,"column":34},"end":{"line":101,"column":35}},"loc":{"start":{"line":101,"column":40},"end":{"line":150,"column":3}},"line":101},"8":{"name":"(anonymous_8)","decl":{"start":{"line":145,"column":15},"end":{"line":145,"column":16}},"loc":{"start":{"line":145,"column":21},"end":{"line":149,"column":5}},"line":145},"9":{"name":"(anonymous_9)","decl":{"start":{"line":152,"column":22},"end":{"line":152,"column":23}},"loc":{"start":{"line":152,"column":43},"end":{"line":163,"column":3}},"line":152},"10":{"name":"(anonymous_10)","decl":{"start":{"line":165,"column":23},"end":{"line":165,"column":24}},"loc":{"start":{"line":165,"column":35},"end":{"line":176,"column":3}},"line":165},"11":{"name":"(anonymous_11)","decl":{"start":{"line":179,"column":18},"end":{"line":179,"column":19}},"loc":{"start":{"line":179,"column":36},"end":{"line":192,"column":3}},"line":179}},"branchMap":{"0":{"loc":{"start":{"line":37,"column":12},"end":{"line":39,"column":13}},"type":"if","locations":[{"start":{"line":37,"column":12},"end":{"line":39,"column":13}},{"start":{},"end":{}}],"line":37},"1":{"loc":{"start":{"line":67,"column":6},"end":{"line":93,"column":7}},"type":"if","locations":[{"start":{"line":67,"column":6},"end":{"line":93,"column":7}},{"start":{},"end":{}}],"line":67},"2":{"loc":{"start":{"line":67,"column":10},"end":{"line":67,"column":28}},"type":"binary-expr","locations":[{"start":{"line":67,"column":10},"end":{"line":67,"column":15}},{"start":{"line":67,"column":19},"end":{"line":67,"column":28}}],"line":67},"3":{"loc":{"start":{"line":75,"column":10},"end":{"line":77,"column":11}},"type":"if","locations":[{"start":{"line":75,"column":10},"end":{"line":77,"column":11}},{"start":{},"end":{}}],"line":75},"4":{"loc":{"start":{"line":89,"column":10},"end":{"line":91,"column":11}},"type":"if","locations":[{"start":{"line":89,"column":10},"end":{"line":91,"column":11}},{"start":{},"end":{}}],"line":89},"5":{"loc":{"start":{"line":89,"column":14},"end":{"line":89,"column":95}},"type":"binary-expr","locations":[{"start":{"line":89,"column":14},"end":{"line":89,"column":51}},{"start":{"line":89,"column":55},"end":{"line":89,"column":95}}],"line":89},"6":{"loc":{"start":{"line":130,"column":4},"end":{"line":140,"column":5}},"type":"if","locations":[{"start":{"line":130,"column":4},"end":{"line":140,"column":5}},{"start":{},"end":{}}],"line":130},"7":{"loc":{"start":{"line":146,"column":6},"end":{"line":148,"column":7}},"type":"if","locations":[{"start":{"line":146,"column":6},"end":{"line":148,"column":7}},{"start":{},"end":{}}],"line":146},"8":{"loc":{"start":{"line":154,"column":4},"end":{"line":156,"column":5}},"type":"if","locations":[{"start":{"line":154,"column":4},"end":{"line":156,"column":5}},{"start":{},"end":{}}],"line":154},"9":{"loc":{"start":{"line":160,"column":4},"end":{"line":162,"column":5}},"type":"if","locations":[{"start":{"line":160,"column":4},"end":{"line":162,"column":5}},{"start":{},"end":{}}],"line":160},"10":{"loc":{"start":{"line":180,"column":4},"end":{"line":180,"column":28}},"type":"if","locations":[{"start":{"line":180,"column":4},"end":{"line":180,"column":28}},{"start":{},"end":{}}],"line":180},"11":{"loc":{"start":{"line":188,"column":22},"end":{"line":188,"column":51}},"type":"binary-expr","locations":[{"start":{"line":188,"column":22},"end":{"line":188,"column":46}},{"start":{"line":188,"column":50},"end":{"line":188,"column":51}}],"line":188},"12":{"loc":{"start":{"line":189,"column":26},"end":{"line":189,"column":58}},"type":"binary-expr","locations":[{"start":{"line":189,"column":26},"end":{"line":189,"column":53}},{"start":{"line":189,"column":57},"end":{"line":189,"column":58}}],"line":189},"13":{"loc":{"start":{"line":195,"column":2},"end":{"line":204,"column":3}},"type":"if","locations":[{"start":{"line":195,"column":2},"end":{"line":204,"column":3}},{"start":{},"end":{}}],"line":195},"14":{"loc":{"start":{"line":210,"column":11},"end":{"line":217,"column":19}},"type":"binary-expr","locations":[{"start":{"line":210,"column":11},"end":{"line":210,"column":26}},{"start":{"line":211,"column":14},"end":{"line":217,"column":19}}],"line":210},"15":{"loc":{"start":{"line":214,"column":30},"end":{"line":214,"column":61}},"type":"cond-expr","locations":[{"start":{"line":214,"column":44},"end":{"line":214,"column":51}},{"start":{"line":214,"column":54},"end":{"line":214,"column":61}}],"line":214},"16":{"loc":{"start":{"line":216,"column":15},"end":{"line":216,"column":61}},"type":"cond-expr","locations":[{"start":{"line":216,"column":29},"end":{"line":216,"column":43}},{"start":{"line":216,"column":46},"end":{"line":216,"column":61}}],"line":216},"17":{"loc":{"start":{"line":218,"column":11},"end":{"line":218,"column":133}},"type":"binary-expr","locations":[{"start":{"line":218,"column":11},"end":{"line":218,"column":26}},{"start":{"line":218,"column":30},"end":{"line":218,"column":133}}],"line":218},"18":{"loc":{"start":{"line":219,"column":43},"end":{"line":219,"column":90}},"type":"cond-expr","locations":[{"start":{"line":219,"column":57},"end":{"line":219,"column":71}},{"start":{"line":219,"column":74},"end":{"line":219,"column":90}}],"line":219},"19":{"loc":{"start":{"line":224,"column":26},"end":{"line":226,"column":66}},"type":"cond-expr","locations":[{"start":{"line":225,"column":30},"end":{"line":225,"column":61}},{"start":{"line":226,"column":30},"end":{"line":226,"column":66}}],"line":224},"20":{"loc":{"start":{"line":232,"column":26},"end":{"line":234,"column":66}},"type":"cond-expr","locations":[{"start":{"line":233,"column":30},"end":{"line":233,"column":67}},{"start":{"line":234,"column":30},"end":{"line":234,"column":66}}],"line":232},"21":{"loc":{"start":{"line":240,"column":26},"end":{"line":247,"column":62}},"type":"cond-expr","locations":[{"start":{"line":241,"column":30},"end":{"line":246,"column":32}},{"start":{"line":247,"column":30},"end":{"line":247,"column":62}}],"line":240},"22":{"loc":{"start":{"line":255,"column":26},"end":{"line":257,"column":62}},"type":"cond-expr","locations":[{"start":{"line":256,"column":30},"end":{"line":256,"column":84}},{"start":{"line":257,"column":30},"end":{"line":257,"column":62}}],"line":255},"23":{"loc":{"start":{"line":263,"column":26},"end":{"line":265,"column":62}},"type":"cond-expr","locations":[{"start":{"line":264,"column":30},"end":{"line":264,"column":77}},{"start":{"line":265,"column":30},"end":{"line":265,"column":62}}],"line":263},"24":{"loc":{"start":{"line":271,"column":26},"end":{"line":273,"column":62}},"type":"cond-expr","locations":[{"start":{"line":272,"column":30},"end":{"line":272,"column":83}},{"start":{"line":273,"column":30},"end":{"line":273,"column":62}}],"line":271},"25":{"loc":{"start":{"line":279,"column":26},"end":{"line":281,"column":62}},"type":"cond-expr","locations":[{"start":{"line":280,"column":30},"end":{"line":280,"column":84}},{"start":{"line":281,"column":30},"end":{"line":281,"column":62}}],"line":279},"26":{"loc":{"start":{"line":288,"column":26},"end":{"line":290,"column":62}},"type":"cond-expr","locations":[{"start":{"line":289,"column":30},"end":{"line":289,"column":83}},{"start":{"line":290,"column":30},"end":{"line":290,"column":62}}],"line":288},"27":{"loc":{"start":{"line":298,"column":26},"end":{"line":300,"column":66}},"type":"cond-expr","locations":[{"start":{"line":299,"column":30},"end":{"line":299,"column":80}},{"start":{"line":300,"column":30},"end":{"line":300,"column":66}}],"line":298},"28":{"loc":{"start":{"line":298,"column":26},"end":{"line":298,"column":61}},"type":"binary-expr","locations":[{"start":{"line":298,"column":26},"end":{"line":298,"column":41}},{"start":{"line":298,"column":45},"end":{"line":298,"column":61}}],"line":298},"29":{"loc":{"start":{"line":306,"column":45},"end":{"line":306,"column":86}},"type":"cond-expr","locations":[{"start":{"line":306,"column":63},"end":{"line":306,"column":75}},{"start":{"line":306,"column":78},"end":{"line":306,"column":86}}],"line":306},"30":{"loc":{"start":{"line":311,"column":15},"end":{"line":311,"column":65}},"type":"binary-expr","locations":[{"start":{"line":311,"column":15},"end":{"line":311,"column":30}},{"start":{"line":311,"column":34},"end":{"line":311,"column":65}}],"line":311}},"s":{"0":0,"1":0,"2":0,"3":0,"4":0,"5":0,"6":0,"7":0,"8":0,"9":0,"10":0,"11":0,"12":0,"13":0,"14":0,"15":0,"16":0,"17":0,"18":0,"19":0,"20":0,"21":0,"22":0,"23":0,"24":0,"25":0,"26":0,"27":0,"28":0,"29":0,"30":0,"31":0,"32":0,"33":0,"34":0,"35":0,"36":0,"37":0,"38":0,"39":0,"40":0,"41":0,"42":0,"43":0,"44":0,"45":0,"46":0,"47":0,"48":0,"49":0,"50":0,"51":0,"52":0,"53":0,"54":0,"55":0,"56":0,"57":0,"58":0,"59":0,"60":0,"61":0,"62":0,"63":0,"64":0,"65":0,"66":0,"67":0,"68":0,"69":0,"70":0},"f":{"0":0,"1":0,"2":0,"3":0,"4":0,"5":0,"6":0,"7":0,"8":0,"9":0,"10":0,"11":0},"b":{"0":[0,0],"1":[0,0],"2":[0,0],"3":[0,0],"4":[0,0],"5":[0,0],"6":[0,0],"7":[0,0],"8":[0,0],"9":[0,0],"10":[0,0],"11":[0,0],"12":[0,0],"13":[0,0],"14":[0,0],"15":[0,0],"16":[0,0],"17":[0,0],"18":[0,0],"19":[0,0],"20":[0,0],"21":[0,0],"22":[0,0],"23":[0,0],"24":[0,0],"25":[0,0],"26":[0,0],"27":[0,0],"28":[0,0],"29":[0,0],"30":[0,0]}}
,"C:\\myProject\\UIPrototype\\SE25Project-05\\TechPrototype\\src\\components\\AdminPanel.js": {"path":"C:\\myProject\\UIPrototype\\SE25Project-05\\TechPrototype\\src\\components\\AdminPanel.js","statementMap":{"0":{"start":{"line":11,"column":19},"end":{"line":1140,"column":1}},"1":{"start":{"line":12,"column":36},"end":{"line":12,"column":53}},"2":{"start":{"line":13,"column":28},"end":{"line":13,"column":40}},"3":{"start":{"line":14,"column":40},"end":{"line":14,"column":52}},"4":{"start":{"line":15,"column":42},"end":{"line":15,"column":56}},"5":{"start":{"line":16,"column":40},"end":{"line":16,"column":52}},"6":{"start":{"line":17,"column":36},"end":{"line":17,"column":51}},"7":{"start":{"line":18,"column":44},"end":{"line":18,"column":59}},"8":{"start":{"line":19,"column":46},"end":{"line":19,"column":60}},"9":{"start":{"line":20,"column":32},"end":{"line":20,"column":44}},"10":{"start":{"line":21,"column":50},"end":{"line":21,"column":62}},"11":{"start":{"line":24,"column":44},"end":{"line":24,"column":56}},"12":{"start":{"line":25,"column":36},"end":{"line":25,"column":51}},"13":{"start":{"line":26,"column":50},"end":{"line":26,"column":65}},"14":{"start":{"line":27,"column":48},"end":{"line":27,"column":60}},"15":{"start":{"line":28,"column":46},"end":{"line":28,"column":61}},"16":{"start":{"line":31,"column":34},"end":{"line":31,"column":49}},"17":{"start":{"line":32,"column":34},"end":{"line":32,"column":49}},"18":{"start":{"line":33,"column":40},"end":{"line":33,"column":55}},"19":{"start":{"line":34,"column":38},"end":{"line":34,"column":53}},"20":{"start":{"line":35,"column":42},"end":{"line":35,"column":57}},"21":{"start":{"line":38,"column":60},"end":{"line":38,"column":72}},"22":{"start":{"line":39,"column":64},"end":{"line":39,"column":76}},"23":{"start":{"line":40,"column":58},"end":{"line":40,"column":73}},"24":{"start":{"line":41,"column":60},"end":{"line":41,"column":75}},"25":{"start":{"line":42,"column":58},"end":{"line":42,"column":73}},"26":{"start":{"line":43,"column":62},"end":{"line":43,"column":77}},"27":{"start":{"line":46,"column":2},"end":{"line":56,"column":9}},"28":{"start":{"line":47,"column":28},"end":{"line":50,"column":5}},"29":{"start":{"line":48,"column":6},"end":{"line":48,"column":44}},"30":{"start":{"line":49,"column":6},"end":{"line":49,"column":45}},"31":{"start":{"line":52,"column":4},"end":{"line":52,"column":22}},"32":{"start":{"line":53,"column":4},"end":{"line":53,"column":55}},"33":{"start":{"line":55,"column":4},"end":{"line":55,"column":71}},"34":{"start":{"line":55,"column":17},"end":{"line":55,"column":70}},"35":{"start":{"line":59,"column":2},"end":{"line":61,"column":9}},"36":{"start":{"line":60,"column":4},"end":{"line":60,"column":16}},"37":{"start":{"line":63,"column":20},"end":{"line":84,"column":3}},"38":{"start":{"line":64,"column":4},"end":{"line":83,"column":5}},"39":{"start":{"line":65,"column":6},"end":{"line":65,"column":25}},"40":{"start":{"line":66,"column":6},"end":{"line":66,"column":33}},"41":{"start":{"line":67,"column":23},"end":{"line":71,"column":8}},"42":{"start":{"line":72,"column":6},"end":{"line":72,"column":39}},"43":{"start":{"line":75,"column":23},"end":{"line":75,"column":45}},"44":{"start":{"line":76,"column":6},"end":{"line":76,"column":25}},"45":{"start":{"line":77,"column":6},"end":{"line":77,"column":39}},"46":{"start":{"line":79,"column":6},"end":{"line":79,"column":40}},"47":{"start":{"line":80,"column":6},"end":{"line":80,"column":42}},"48":{"start":{"line":82,"column":6},"end":{"line":82,"column":26}},"49":{"start":{"line":89,"column":24},"end":{"line":96,"column":4}},"50":{"start":{"line":90,"column":26},"end":{"line":91,"column":85}},"51":{"start":{"line":92,"column":24},"end":{"line":92,"column":72}},"52":{"start":{"line":93,"column":26},"end":{"line":93,"column":80}},"53":{"start":{"line":95,"column":4},"end":{"line":95,"column":57}},"54":{"start":{"line":99,"column":34},"end":{"line":106,"column":4}},"55":{"start":{"line":100,"column":26},"end":{"line":101,"column":95}},"56":{"start":{"line":102,"column":24},"end":{"line":102,"column":92}},"57":{"start":{"line":103,"column":26},"end":{"line":103,"column":100}},"58":{"start":{"line":105,"column":4},"end":{"line":105,"column":57}},"59":{"start":{"line":109,"column":26},"end":{"line":116,"column":3}},"60":{"start":{"line":110,"column":4},"end":{"line":114,"column":5}},"61":{"start":{"line":111,"column":6},"end":{"line":111,"column":27}},"62":{"start":{"line":113,"column":6},"end":{"line":113,"column":59}},"63":{"start":{"line":113,"column":49},"end":{"line":113,"column":56}},"64":{"start":{"line":115,"column":4},"end":{"line":115,"column":29}},"65":{"start":{"line":118,"column":27},"end":{"line":126,"column":3}},"66":{"start":{"line":119,"column":4},"end":{"line":125,"column":7}},"67":{"start":{"line":120,"column":6},"end":{"line":124,"column":7}},"68":{"start":{"line":121,"column":8},"end":{"line":121,"column":48}},"69":{"start":{"line":121,"column":33},"end":{"line":121,"column":46}},"70":{"start":{"line":123,"column":8},"end":{"line":123,"column":33}},"71":{"start":{"line":128,"column":28},"end":{"line":136,"column":3}},"72":{"start":{"line":129,"column":4},"end":{"line":132,"column":5}},"73":{"start":{"line":130,"column":6},"end":{"line":130,"column":26}},"74":{"start":{"line":131,"column":6},"end":{"line":131,"column":13}},"75":{"start":{"line":134,"column":4},"end":{"line":134,"column":35}},"76":{"start":{"line":135,"column":4},"end":{"line":135,"column":28}},"77":{"start":{"line":138,"column":29},"end":{"line":173,"column":3}},"78":{"start":{"line":139,"column":4},"end":{"line":172,"column":5}},"79":{"start":{"line":140,"column":6},"end":{"line":140,"column":25}},"80":{"start":{"line":142,"column":6},"end":{"line":160,"column":7}},"81":{"start":{"line":144,"column":10},"end":{"line":146,"column":13}},"82":{"start":{"line":145,"column":12},"end":{"line":145,"column":55}},"83":{"start":{"line":147,"column":10},"end":{"line":147,"column":16}},"84":{"start":{"line":149,"column":10},"end":{"line":151,"column":13}},"85":{"start":{"line":150,"column":12},"end":{"line":150,"column":55}},"86":{"start":{"line":152,"column":10},"end":{"line":152,"column":16}},"87":{"start":{"line":154,"column":10},"end":{"line":156,"column":13}},"88":{"start":{"line":155,"column":12},"end":{"line":155,"column":39}},"89":{"start":{"line":157,"column":10},"end":{"line":157,"column":16}},"90":{"start":{"line":159,"column":10},"end":{"line":159,"column":16}},"91":{"start":{"line":162,"column":6},"end":{"line":162,"column":27}},"92":{"start":{"line":163,"column":6},"end":{"line":163,"column":26}},"93":{"start":{"line":164,"column":6},"end":{"line":164,"column":31}},"94":{"start":{"line":165,"column":6},"end":{"line":165,"column":18}},"95":{"start":{"line":168,"column":6},"end":{"line":168,"column":38}},"96":{"start":{"line":169,"column":6},"end":{"line":169,"column":40}},"97":{"start":{"line":171,"column":6},"end":{"line":171,"column":26}},"98":{"start":{"line":176,"column":27},"end":{"line":195,"column":3}},"99":{"start":{"line":177,"column":4},"end":{"line":194,"column":5}},"100":{"start":{"line":178,"column":6},"end":{"line":178,"column":25}},"101":{"start":{"line":179,"column":19},"end":{"line":179,"column":51}},"102":{"start":{"line":179,"column":35},"end":{"line":179,"column":50}},"103":{"start":{"line":180,"column":24},"end":{"line":180,"column":70}},"104":{"start":{"line":182,"column":6},"end":{"line":182,"column":57}},"105":{"start":{"line":184,"column":6},"end":{"line":188,"column":9}},"106":{"start":{"line":184,"column":23},"end":{"line":188,"column":7}},"107":{"start":{"line":185,"column":8},"end":{"line":187,"column":16}},"108":{"start":{"line":190,"column":6},"end":{"line":190,"column":40}},"109":{"start":{"line":191,"column":6},"end":{"line":191,"column":24}},"110":{"start":{"line":193,"column":6},"end":{"line":193,"column":26}},"111":{"start":{"line":198,"column":27},"end":{"line":242,"column":3}},"112":{"start":{"line":199,"column":4},"end":{"line":241,"column":5}},"113":{"start":{"line":200,"column":6},"end":{"line":200,"column":25}},"114":{"start":{"line":201,"column":19},"end":{"line":201,"column":51}},"115":{"start":{"line":201,"column":35},"end":{"line":201,"column":50}},"116":{"start":{"line":202,"column":33},"end":{"line":202,"column":61}},"117":{"start":{"line":203,"column":29},"end":{"line":206,"column":7}},"118":{"start":{"line":208,"column":6},"end":{"line":208,"column":100}},"119":{"start":{"line":210,"column":6},"end":{"line":210,"column":67}},"120":{"start":{"line":213,"column":6},"end":{"line":217,"column":9}},"121":{"start":{"line":213,"column":23},"end":{"line":217,"column":7}},"122":{"start":{"line":214,"column":8},"end":{"line":216,"column":16}},"123":{"start":{"line":219,"column":6},"end":{"line":219,"column":28}},"124":{"start":{"line":221,"column":6},"end":{"line":221,"column":40}},"125":{"start":{"line":223,"column":25},"end":{"line":223,"column":35}},"126":{"start":{"line":224,"column":6},"end":{"line":236,"column":7}},"127":{"start":{"line":225,"column":26},"end":{"line":225,"column":45}},"128":{"start":{"line":226,"column":8},"end":{"line":233,"column":9}},"129":{"start":{"line":227,"column":10},"end":{"line":227,"column":41}},"130":{"start":{"line":228,"column":10},"end":{"line":230,"column":11}},"131":{"start":{"line":229,"column":12},"end":{"line":229,"column":77}},"132":{"start":{"line":231,"column":15},"end":{"line":233,"column":9}},"133":{"start":{"line":232,"column":10},"end":{"line":232,"column":35}},"134":{"start":{"line":234,"column":13},"end":{"line":236,"column":7}},"135":{"start":{"line":235,"column":8},"end":{"line":235,"column":45}},"136":{"start":{"line":238,"column":6},"end":{"line":238,"column":26}},"137":{"start":{"line":240,"column":6},"end":{"line":240,"column":26}},"138":{"start":{"line":245,"column":36},"end":{"line":252,"column":3}},"139":{"start":{"line":246,"column":4},"end":{"line":250,"column":5}},"140":{"start":{"line":247,"column":6},"end":{"line":247,"column":37}},"141":{"start":{"line":249,"column":6},"end":{"line":249,"column":79}},"142":{"start":{"line":249,"column":69},"end":{"line":249,"column":76}},"143":{"start":{"line":251,"column":4},"end":{"line":251,"column":51}},"144":{"start":{"line":254,"column":37},"end":{"line":262,"column":3}},"145":{"start":{"line":255,"column":4},"end":{"line":261,"column":7}},"146":{"start":{"line":256,"column":6},"end":{"line":260,"column":7}},"147":{"start":{"line":257,"column":8},"end":{"line":257,"column":48}},"148":{"start":{"line":257,"column":33},"end":{"line":257,"column":46}},"149":{"start":{"line":259,"column":8},"end":{"line":259,"column":33}},"150":{"start":{"line":264,"column":38},"end":{"line":310,"column":3}},"151":{"start":{"line":265,"column":4},"end":{"line":268,"column":5}},"152":{"start":{"line":266,"column":6},"end":{"line":266,"column":26}},"153":{"start":{"line":267,"column":6},"end":{"line":267,"column":13}},"154":{"start":{"line":270,"column":4},"end":{"line":309,"column":5}},"155":{"start":{"line":271,"column":6},"end":{"line":271,"column":25}},"156":{"start":{"line":273,"column":29},"end":{"line":282,"column":8}},"157":{"start":{"line":274,"column":21},"end":{"line":274,"column":53}},"158":{"start":{"line":274,"column":37},"end":{"line":274,"column":52}},"159":{"start":{"line":275,"column":35},"end":{"line":275,"column":63}},"160":{"start":{"line":276,"column":31},"end":{"line":279,"column":9}},"161":{"start":{"line":281,"column":8},"end":{"line":281,"column":70}},"162":{"start":{"line":284,"column":6},"end":{"line":284,"column":40}},"163":{"start":{"line":287,"column":6},"end":{"line":297,"column":10}},"164":{"start":{"line":287,"column":23},"end":{"line":297,"column":8}},"165":{"start":{"line":288,"column":8},"end":{"line":295,"column":9}},"166":{"start":{"line":289,"column":37},"end":{"line":289,"column":65}},"167":{"start":{"line":290,"column":33},"end":{"line":293,"column":11}},"168":{"start":{"line":294,"column":10},"end":{"line":294,"column":74}},"169":{"start":{"line":296,"column":8},"end":{"line":296,"column":20}},"170":{"start":{"line":299,"column":6},"end":{"line":299,"column":37}},"171":{"start":{"line":300,"column":6},"end":{"line":300,"column":37}},"172":{"start":{"line":302,"column":6},"end":{"line":302,"column":64}},"173":{"start":{"line":305,"column":6},"end":{"line":305,"column":40}},"174":{"start":{"line":306,"column":6},"end":{"line":306,"column":42}},"175":{"start":{"line":308,"column":6},"end":{"line":308,"column":26}},"176":{"start":{"line":313,"column":28},"end":{"line":333,"column":3}},"177":{"start":{"line":314,"column":4},"end":{"line":314,"column":53}},"178":{"start":{"line":314,"column":46},"end":{"line":314,"column":53}},"179":{"start":{"line":316,"column":4},"end":{"line":332,"column":5}},"180":{"start":{"line":317,"column":6},"end":{"line":317,"column":25}},"181":{"start":{"line":319,"column":6},"end":{"line":322,"column":9}},"182":{"start":{"line":324,"column":6},"end":{"line":324,"column":47}},"183":{"start":{"line":325,"column":6},"end":{"line":325,"column":25}},"184":{"start":{"line":326,"column":6},"end":{"line":326,"column":28}},"185":{"start":{"line":328,"column":6},"end":{"line":328,"column":38}},"186":{"start":{"line":329,"column":6},"end":{"line":329,"column":40}},"187":{"start":{"line":331,"column":6},"end":{"line":331,"column":26}},"188":{"start":{"line":336,"column":24},"end":{"line":341,"column":3}},"189":{"start":{"line":337,"column":4},"end":{"line":337,"column":28}},"190":{"start":{"line":338,"column":4},"end":{"line":338,"column":26}},"191":{"start":{"line":339,"column":4},"end":{"line":339,"column":28}},"192":{"start":{"line":340,"column":4},"end":{"line":340,"column":27}},"193":{"start":{"line":344,"column":25},"end":{"line":374,"column":3}},"194":{"start":{"line":345,"column":4},"end":{"line":348,"column":5}},"195":{"start":{"line":346,"column":6},"end":{"line":346,"column":31}},"196":{"start":{"line":347,"column":6},"end":{"line":347,"column":13}},"197":{"start":{"line":350,"column":4},"end":{"line":373,"column":5}},"198":{"start":{"line":351,"column":6},"end":{"line":351,"column":25}},"199":{"start":{"line":353,"column":26},"end":{"line":356,"column":8}},"200":{"start":{"line":359,"column":6},"end":{"line":361,"column":9}},"201":{"start":{"line":359,"column":23},"end":{"line":361,"column":7}},"202":{"start":{"line":360,"column":8},"end":{"line":360,"column":58}},"203":{"start":{"line":363,"column":6},"end":{"line":363,"column":77}},"204":{"start":{"line":364,"column":6},"end":{"line":364,"column":30}},"205":{"start":{"line":365,"column":6},"end":{"line":365,"column":30}},"206":{"start":{"line":366,"column":6},"end":{"line":366,"column":21}},"207":{"start":{"line":367,"column":6},"end":{"line":367,"column":30}},"208":{"start":{"line":369,"column":6},"end":{"line":369,"column":40}},"209":{"start":{"line":370,"column":6},"end":{"line":370,"column":42}},"210":{"start":{"line":372,"column":6},"end":{"line":372,"column":26}},"211":{"start":{"line":377,"column":22},"end":{"line":384,"column":3}},"212":{"start":{"line":378,"column":22},"end":{"line":382,"column":5}},"213":{"start":{"line":383,"column":4},"end":{"line":383,"column":35}},"214":{"start":{"line":387,"column":22},"end":{"line":393,"column":3}},"215":{"start":{"line":388,"column":4},"end":{"line":392,"column":5}},"216":{"start":{"line":389,"column":20},"end":{"line":389,"column":47}},"217":{"start":{"line":390,"column":22},"end":{"line":390,"column":57}},"218":{"start":{"line":391,"column":15},"end":{"line":391,"column":42}},"219":{"start":{"line":396,"column":25},"end":{"line":398,"column":3}},"220":{"start":{"line":397,"column":4},"end":{"line":397,"column":55}},"221":{"start":{"line":401,"column":28},"end":{"line":412,"column":3}},"222":{"start":{"line":402,"column":18},"end":{"line":410,"column":5}},"223":{"start":{"line":411,"column":4},"end":{"line":411,"column":29}},"224":{"start":{"line":415,"column":33},"end":{"line":462,"column":3}},"225":{"start":{"line":417,"column":4},"end":{"line":419,"column":5}},"226":{"start":{"line":418,"column":6},"end":{"line":418,"column":30}},"227":{"start":{"line":422,"column":4},"end":{"line":428,"column":5}},"228":{"start":{"line":423,"column":6},"end":{"line":427,"column":7}},"229":{"start":{"line":424,"column":8},"end":{"line":424,"column":44}},"230":{"start":{"line":426,"column":8},"end":{"line":426,"column":56}},"231":{"start":{"line":431,"column":28},"end":{"line":459,"column":5}},"232":{"start":{"line":461,"column":4},"end":{"line":461,"column":62}},"233":{"start":{"line":465,"column":2},"end":{"line":471,"column":20}},"234":{"start":{"line":466,"column":26},"end":{"line":468,"column":11}},"235":{"start":{"line":467,"column":6},"end":{"line":467,"column":18}},"236":{"start":{"line":470,"column":4},"end":{"line":470,"column":45}},"237":{"start":{"line":470,"column":17},"end":{"line":470,"column":44}},"238":{"start":{"line":474,"column":2},"end":{"line":480,"column":37}},"239":{"start":{"line":475,"column":4},"end":{"line":479,"column":5}},"240":{"start":{"line":476,"column":6},"end":{"line":476,"column":66}},"241":{"start":{"line":478,"column":6},"end":{"line":478,"column":26}},"242":{"start":{"line":483,"column":2},"end":{"line":489,"column":57}},"243":{"start":{"line":484,"column":4},"end":{"line":488,"column":5}},"244":{"start":{"line":485,"column":6},"end":{"line":485,"column":97}},"245":{"start":{"line":487,"column":6},"end":{"line":487,"column":37}},"246":{"start":{"line":491,"column":2},"end":{"line":1139,"column":4}},"247":{"start":{"line":502,"column":25},"end":{"line":502,"column":46}},"248":{"start":{"line":509,"column":25},"end":{"line":509,"column":52}},"249":{"start":{"line":532,"column":31},"end":{"line":532,"column":59}},"250":{"start":{"line":545,"column":35},"end":{"line":545,"column":65}},"251":{"start":{"line":556,"column":60},"end":{"line":556,"column":89}},"252":{"start":{"line":565,"column":62},"end":{"line":565,"column":93}},"253":{"start":{"line":583,"column":33},"end":{"line":583,"column":62}},"254":{"start":{"line":591,"column":33},"end":{"line":591,"column":57}},"255":{"start":{"line":599,"column":33},"end":{"line":599,"column":60}},"256":{"start":{"line":633,"column":18},"end":{"line":696,"column":24}},"257":{"start":{"line":638,"column":40},"end":{"line":638,"column":65}},"258":{"start":{"line":674,"column":39},"end":{"line":674,"column":64}},"259":{"start":{"line":682,"column":39},"end":{"line":682,"column":58}},"260":{"start":{"line":690,"column":39},"end":{"line":690,"column":60}},"261":{"start":{"line":705,"column":18},"end":{"line":782,"column":24}},"262":{"start":{"line":710,"column":40},"end":{"line":710,"column":65}},"263":{"start":{"line":760,"column":39},"end":{"line":760,"column":64}},"264":{"start":{"line":768,"column":39},"end":{"line":768,"column":58}},"265":{"start":{"line":776,"column":39},"end":{"line":776,"column":60}},"266":{"start":{"line":815,"column":31},"end":{"line":815,"column":79}},"267":{"start":{"line":828,"column":35},"end":{"line":828,"column":75}},"268":{"start":{"line":839,"column":70},"end":{"line":839,"column":109}},"269":{"start":{"line":848,"column":72},"end":{"line":848,"column":113}},"270":{"start":{"line":867,"column":20},"end":{"line":887,"column":26}},"271":{"start":{"line":872,"column":41},"end":{"line":872,"column":86}},"272":{"start":{"line":880,"column":41},"end":{"line":880,"column":87}},"273":{"start":{"line":913,"column":14},"end":{"line":954,"column":20}},"274":{"start":{"line":919,"column":38},"end":{"line":919,"column":73}},"275":{"start":{"line":939,"column":20},"end":{"line":951,"column":26}},"276":{"start":{"line":945,"column":39},"end":{"line":945,"column":69}},"277":{"start":{"line":977,"column":31},"end":{"line":977,"column":55}},"278":{"start":{"line":1000,"column":31},"end":{"line":1000,"column":55}},"279":{"start":{"line":1025,"column":31},"end":{"line":1025,"column":54}},"280":{"start":{"line":1051,"column":35},"end":{"line":1051,"column":61}},"281":{"start":{"line":1065,"column":35},"end":{"line":1065,"column":70}},"282":{"start":{"line":1074,"column":31},"end":{"line":1074,"column":54}},"283":{"start":{"line":1099,"column":31},"end":{"line":1099,"column":52}},"284":{"start":{"line":1108,"column":33},"end":{"line":1108,"column":63}},"285":{"start":{"line":1115,"column":31},"end":{"line":1115,"column":52}}},"fnMap":{"0":{"name":"(anonymous_0)","decl":{"start":{"line":11,"column":19},"end":{"line":11,"column":20}},"loc":{"start":{"line":11,"column":25},"end":{"line":1140,"column":1}},"line":11},"1":{"name":"(anonymous_1)","decl":{"start":{"line":46,"column":12},"end":{"line":46,"column":13}},"loc":{"start":{"line":46,"column":18},"end":{"line":56,"column":3}},"line":46},"2":{"name":"(anonymous_2)","decl":{"start":{"line":47,"column":28},"end":{"line":47,"column":29}},"loc":{"start":{"line":47,"column":34},"end":{"line":50,"column":5}},"line":47},"3":{"name":"(anonymous_3)","decl":{"start":{"line":55,"column":11},"end":{"line":55,"column":12}},"loc":{"start":{"line":55,"column":17},"end":{"line":55,"column":70}},"line":55},"4":{"name":"(anonymous_4)","decl":{"start":{"line":59,"column":12},"end":{"line":59,"column":13}},"loc":{"start":{"line":59,"column":18},"end":{"line":61,"column":3}},"line":59},"5":{"name":"(anonymous_5)","decl":{"start":{"line":63,"column":20},"end":{"line":63,"column":21}},"loc":{"start":{"line":63,"column":32},"end":{"line":84,"column":3}},"line":63},"6":{"name":"(anonymous_6)","decl":{"start":{"line":89,"column":37},"end":{"line":89,"column":38}},"loc":{"start":{"line":89,"column":45},"end":{"line":96,"column":3}},"line":89},"7":{"name":"(anonymous_7)","decl":{"start":{"line":99,"column":47},"end":{"line":99,"column":48}},"loc":{"start":{"line":99,"column":55},"end":{"line":106,"column":3}},"line":99},"8":{"name":"(anonymous_8)","decl":{"start":{"line":109,"column":26},"end":{"line":109,"column":27}},"loc":{"start":{"line":109,"column":32},"end":{"line":116,"column":3}},"line":109},"9":{"name":"(anonymous_9)","decl":{"start":{"line":113,"column":41},"end":{"line":113,"column":42}},"loc":{"start":{"line":113,"column":49},"end":{"line":113,"column":56}},"line":113},"10":{"name":"(anonymous_10)","decl":{"start":{"line":118,"column":27},"end":{"line":118,"column":28}},"loc":{"start":{"line":118,"column":39},"end":{"line":126,"column":3}},"line":118},"11":{"name":"(anonymous_11)","decl":{"start":{"line":119,"column":21},"end":{"line":119,"column":22}},"loc":{"start":{"line":119,"column":29},"end":{"line":125,"column":5}},"line":119},"12":{"name":"(anonymous_12)","decl":{"start":{"line":121,"column":27},"end":{"line":121,"column":28}},"loc":{"start":{"line":121,"column":33},"end":{"line":121,"column":46}},"line":121},"13":{"name":"(anonymous_13)","decl":{"start":{"line":128,"column":28},"end":{"line":128,"column":29}},"loc":{"start":{"line":128,"column":50},"end":{"line":136,"column":3}},"line":128},"14":{"name":"(anonymous_14)","decl":{"start":{"line":138,"column":29},"end":{"line":138,"column":30}},"loc":{"start":{"line":138,"column":41},"end":{"line":173,"column":3}},"line":138},"15":{"name":"(anonymous_15)","decl":{"start":{"line":144,"column":46},"end":{"line":144,"column":47}},"loc":{"start":{"line":145,"column":12},"end":{"line":145,"column":55}},"line":145},"16":{"name":"(anonymous_16)","decl":{"start":{"line":149,"column":46},"end":{"line":149,"column":47}},"loc":{"start":{"line":150,"column":12},"end":{"line":150,"column":55}},"line":150},"17":{"name":"(anonymous_17)","decl":{"start":{"line":154,"column":46},"end":{"line":154,"column":47}},"loc":{"start":{"line":155,"column":12},"end":{"line":155,"column":39}},"line":155},"18":{"name":"(anonymous_18)","decl":{"start":{"line":176,"column":27},"end":{"line":176,"column":28}},"loc":{"start":{"line":176,"column":45},"end":{"line":195,"column":3}},"line":176},"19":{"name":"(anonymous_19)","decl":{"start":{"line":179,"column":30},"end":{"line":179,"column":31}},"loc":{"start":{"line":179,"column":35},"end":{"line":179,"column":50}},"line":179},"20":{"name":"(anonymous_20)","decl":{"start":{"line":184,"column":15},"end":{"line":184,"column":16}},"loc":{"start":{"line":184,"column":23},"end":{"line":188,"column":7}},"line":184},"21":{"name":"(anonymous_21)","decl":{"start":{"line":184,"column":32},"end":{"line":184,"column":33}},"loc":{"start":{"line":185,"column":8},"end":{"line":187,"column":16}},"line":185},"22":{"name":"(anonymous_22)","decl":{"start":{"line":198,"column":27},"end":{"line":198,"column":28}},"loc":{"start":{"line":198,"column":57},"end":{"line":242,"column":3}},"line":198},"23":{"name":"(anonymous_23)","decl":{"start":{"line":201,"column":30},"end":{"line":201,"column":31}},"loc":{"start":{"line":201,"column":35},"end":{"line":201,"column":50}},"line":201},"24":{"name":"(anonymous_24)","decl":{"start":{"line":213,"column":15},"end":{"line":213,"column":16}},"loc":{"start":{"line":213,"column":23},"end":{"line":217,"column":7}},"line":213},"25":{"name":"(anonymous_25)","decl":{"start":{"line":213,"column":32},"end":{"line":213,"column":33}},"loc":{"start":{"line":214,"column":8},"end":{"line":216,"column":16}},"line":214},"26":{"name":"(anonymous_26)","decl":{"start":{"line":245,"column":36},"end":{"line":245,"column":37}},"loc":{"start":{"line":245,"column":42},"end":{"line":252,"column":3}},"line":245},"27":{"name":"(anonymous_27)","decl":{"start":{"line":249,"column":61},"end":{"line":249,"column":62}},"loc":{"start":{"line":249,"column":69},"end":{"line":249,"column":76}},"line":249},"28":{"name":"(anonymous_28)","decl":{"start":{"line":254,"column":37},"end":{"line":254,"column":38}},"loc":{"start":{"line":254,"column":49},"end":{"line":262,"column":3}},"line":254},"29":{"name":"(anonymous_29)","decl":{"start":{"line":255,"column":31},"end":{"line":255,"column":32}},"loc":{"start":{"line":255,"column":39},"end":{"line":261,"column":5}},"line":255},"30":{"name":"(anonymous_30)","decl":{"start":{"line":257,"column":27},"end":{"line":257,"column":28}},"loc":{"start":{"line":257,"column":33},"end":{"line":257,"column":46}},"line":257},"31":{"name":"(anonymous_31)","decl":{"start":{"line":264,"column":38},"end":{"line":264,"column":39}},"loc":{"start":{"line":264,"column":68},"end":{"line":310,"column":3}},"line":264},"32":{"name":"(anonymous_32)","decl":{"start":{"line":273,"column":57},"end":{"line":273,"column":58}},"loc":{"start":{"line":273,"column":75},"end":{"line":282,"column":7}},"line":273},"33":{"name":"(anonymous_33)","decl":{"start":{"line":274,"column":32},"end":{"line":274,"column":33}},"loc":{"start":{"line":274,"column":37},"end":{"line":274,"column":52}},"line":274},"34":{"name":"(anonymous_34)","decl":{"start":{"line":287,"column":15},"end":{"line":287,"column":16}},"loc":{"start":{"line":287,"column":23},"end":{"line":297,"column":8}},"line":287},"35":{"name":"(anonymous_35)","decl":{"start":{"line":287,"column":32},"end":{"line":287,"column":33}},"loc":{"start":{"line":287,"column":40},"end":{"line":297,"column":7}},"line":287},"36":{"name":"(anonymous_36)","decl":{"start":{"line":313,"column":28},"end":{"line":313,"column":29}},"loc":{"start":{"line":313,"column":40},"end":{"line":333,"column":3}},"line":313},"37":{"name":"(anonymous_37)","decl":{"start":{"line":336,"column":24},"end":{"line":336,"column":25}},"loc":{"start":{"line":336,"column":34},"end":{"line":341,"column":3}},"line":336},"38":{"name":"(anonymous_38)","decl":{"start":{"line":344,"column":25},"end":{"line":344,"column":26}},"loc":{"start":{"line":344,"column":37},"end":{"line":374,"column":3}},"line":344},"39":{"name":"(anonymous_39)","decl":{"start":{"line":359,"column":15},"end":{"line":359,"column":16}},"loc":{"start":{"line":359,"column":23},"end":{"line":361,"column":7}},"line":359},"40":{"name":"(anonymous_40)","decl":{"start":{"line":359,"column":32},"end":{"line":359,"column":33}},"loc":{"start":{"line":360,"column":8},"end":{"line":360,"column":58}},"line":360},"41":{"name":"(anonymous_41)","decl":{"start":{"line":377,"column":22},"end":{"line":377,"column":23}},"loc":{"start":{"line":377,"column":32},"end":{"line":384,"column":3}},"line":377},"42":{"name":"(anonymous_42)","decl":{"start":{"line":387,"column":22},"end":{"line":387,"column":23}},"loc":{"start":{"line":387,"column":32},"end":{"line":393,"column":3}},"line":387},"43":{"name":"(anonymous_43)","decl":{"start":{"line":396,"column":25},"end":{"line":396,"column":26}},"loc":{"start":{"line":396,"column":37},"end":{"line":398,"column":3}},"line":396},"44":{"name":"(anonymous_44)","decl":{"start":{"line":401,"column":28},"end":{"line":401,"column":29}},"loc":{"start":{"line":401,"column":37},"end":{"line":412,"column":3}},"line":401},"45":{"name":"(anonymous_45)","decl":{"start":{"line":415,"column":33},"end":{"line":415,"column":34}},"loc":{"start":{"line":415,"column":43},"end":{"line":462,"column":3}},"line":415},"46":{"name":"(anonymous_46)","decl":{"start":{"line":465,"column":12},"end":{"line":465,"column":13}},"loc":{"start":{"line":465,"column":18},"end":{"line":471,"column":3}},"line":465},"47":{"name":"(anonymous_47)","decl":{"start":{"line":466,"column":37},"end":{"line":466,"column":38}},"loc":{"start":{"line":466,"column":43},"end":{"line":468,"column":5}},"line":466},"48":{"name":"(anonymous_48)","decl":{"start":{"line":470,"column":11},"end":{"line":470,"column":12}},"loc":{"start":{"line":470,"column":17},"end":{"line":470,"column":44}},"line":470},"49":{"name":"(anonymous_49)","decl":{"start":{"line":474,"column":12},"end":{"line":474,"column":13}},"loc":{"start":{"line":474,"column":18},"end":{"line":480,"column":3}},"line":474},"50":{"name":"(anonymous_50)","decl":{"start":{"line":483,"column":12},"end":{"line":483,"column":13}},"loc":{"start":{"line":483,"column":18},"end":{"line":489,"column":3}},"line":483},"51":{"name":"(anonymous_51)","decl":{"start":{"line":502,"column":19},"end":{"line":502,"column":20}},"loc":{"start":{"line":502,"column":25},"end":{"line":502,"column":46}},"line":502},"52":{"name":"(anonymous_52)","decl":{"start":{"line":509,"column":19},"end":{"line":509,"column":20}},"loc":{"start":{"line":509,"column":25},"end":{"line":509,"column":52}},"line":509},"53":{"name":"(anonymous_53)","decl":{"start":{"line":532,"column":25},"end":{"line":532,"column":26}},"loc":{"start":{"line":532,"column":31},"end":{"line":532,"column":59}},"line":532},"54":{"name":"(anonymous_54)","decl":{"start":{"line":545,"column":28},"end":{"line":545,"column":29}},"loc":{"start":{"line":545,"column":35},"end":{"line":545,"column":65}},"line":545},"55":{"name":"(anonymous_55)","decl":{"start":{"line":556,"column":53},"end":{"line":556,"column":54}},"loc":{"start":{"line":556,"column":60},"end":{"line":556,"column":89}},"line":556},"56":{"name":"(anonymous_56)","decl":{"start":{"line":565,"column":55},"end":{"line":565,"column":56}},"loc":{"start":{"line":565,"column":62},"end":{"line":565,"column":93}},"line":565},"57":{"name":"(anonymous_57)","decl":{"start":{"line":583,"column":27},"end":{"line":583,"column":28}},"loc":{"start":{"line":583,"column":33},"end":{"line":583,"column":62}},"line":583},"58":{"name":"(anonymous_58)","decl":{"start":{"line":591,"column":27},"end":{"line":591,"column":28}},"loc":{"start":{"line":591,"column":33},"end":{"line":591,"column":57}},"line":591},"59":{"name":"(anonymous_59)","decl":{"start":{"line":599,"column":27},"end":{"line":599,"column":28}},"loc":{"start":{"line":599,"column":33},"end":{"line":599,"column":60}},"line":599},"60":{"name":"(anonymous_60)","decl":{"start":{"line":632,"column":35},"end":{"line":632,"column":36}},"loc":{"start":{"line":633,"column":18},"end":{"line":696,"column":24}},"line":633},"61":{"name":"(anonymous_61)","decl":{"start":{"line":638,"column":34},"end":{"line":638,"column":35}},"loc":{"start":{"line":638,"column":40},"end":{"line":638,"column":65}},"line":638},"62":{"name":"(anonymous_62)","decl":{"start":{"line":674,"column":33},"end":{"line":674,"column":34}},"loc":{"start":{"line":674,"column":39},"end":{"line":674,"column":64}},"line":674},"63":{"name":"(anonymous_63)","decl":{"start":{"line":682,"column":33},"end":{"line":682,"column":34}},"loc":{"start":{"line":682,"column":39},"end":{"line":682,"column":58}},"line":682},"64":{"name":"(anonymous_64)","decl":{"start":{"line":690,"column":33},"end":{"line":690,"column":34}},"loc":{"start":{"line":690,"column":39},"end":{"line":690,"column":60}},"line":690},"65":{"name":"(anonymous_65)","decl":{"start":{"line":704,"column":35},"end":{"line":704,"column":36}},"loc":{"start":{"line":705,"column":18},"end":{"line":782,"column":24}},"line":705},"66":{"name":"(anonymous_66)","decl":{"start":{"line":710,"column":34},"end":{"line":710,"column":35}},"loc":{"start":{"line":710,"column":40},"end":{"line":710,"column":65}},"line":710},"67":{"name":"(anonymous_67)","decl":{"start":{"line":760,"column":33},"end":{"line":760,"column":34}},"loc":{"start":{"line":760,"column":39},"end":{"line":760,"column":64}},"line":760},"68":{"name":"(anonymous_68)","decl":{"start":{"line":768,"column":33},"end":{"line":768,"column":34}},"loc":{"start":{"line":768,"column":39},"end":{"line":768,"column":58}},"line":768},"69":{"name":"(anonymous_69)","decl":{"start":{"line":776,"column":33},"end":{"line":776,"column":34}},"loc":{"start":{"line":776,"column":39},"end":{"line":776,"column":60}},"line":776},"70":{"name":"(anonymous_70)","decl":{"start":{"line":815,"column":25},"end":{"line":815,"column":26}},"loc":{"start":{"line":815,"column":31},"end":{"line":815,"column":79}},"line":815},"71":{"name":"(anonymous_71)","decl":{"start":{"line":828,"column":28},"end":{"line":828,"column":29}},"loc":{"start":{"line":828,"column":35},"end":{"line":828,"column":75}},"line":828},"72":{"name":"(anonymous_72)","decl":{"start":{"line":839,"column":63},"end":{"line":839,"column":64}},"loc":{"start":{"line":839,"column":70},"end":{"line":839,"column":109}},"line":839},"73":{"name":"(anonymous_73)","decl":{"start":{"line":848,"column":65},"end":{"line":848,"column":66}},"loc":{"start":{"line":848,"column":72},"end":{"line":848,"column":113}},"line":848},"74":{"name":"(anonymous_74)","decl":{"start":{"line":866,"column":145},"end":{"line":866,"column":146}},"loc":{"start":{"line":867,"column":20},"end":{"line":887,"column":26}},"line":867},"75":{"name":"(anonymous_75)","decl":{"start":{"line":872,"column":35},"end":{"line":872,"column":36}},"loc":{"start":{"line":872,"column":41},"end":{"line":872,"column":86}},"line":872},"76":{"name":"(anonymous_76)","decl":{"start":{"line":880,"column":35},"end":{"line":880,"column":36}},"loc":{"start":{"line":880,"column":41},"end":{"line":880,"column":87}},"line":880},"77":{"name":"(anonymous_77)","decl":{"start":{"line":912,"column":41},"end":{"line":912,"column":42}},"loc":{"start":{"line":913,"column":14},"end":{"line":954,"column":20}},"line":913},"78":{"name":"(anonymous_78)","decl":{"start":{"line":919,"column":32},"end":{"line":919,"column":33}},"loc":{"start":{"line":919,"column":38},"end":{"line":919,"column":73}},"line":919},"79":{"name":"(anonymous_79)","decl":{"start":{"line":938,"column":68},"end":{"line":938,"column":69}},"loc":{"start":{"line":939,"column":20},"end":{"line":951,"column":26}},"line":939},"80":{"name":"(anonymous_80)","decl":{"start":{"line":945,"column":33},"end":{"line":945,"column":34}},"loc":{"start":{"line":945,"column":39},"end":{"line":945,"column":69}},"line":945},"81":{"name":"(anonymous_81)","decl":{"start":{"line":977,"column":25},"end":{"line":977,"column":26}},"loc":{"start":{"line":977,"column":31},"end":{"line":977,"column":55}},"line":977},"82":{"name":"(anonymous_82)","decl":{"start":{"line":1000,"column":25},"end":{"line":1000,"column":26}},"loc":{"start":{"line":1000,"column":31},"end":{"line":1000,"column":55}},"line":1000},"83":{"name":"(anonymous_83)","decl":{"start":{"line":1025,"column":25},"end":{"line":1025,"column":26}},"loc":{"start":{"line":1025,"column":31},"end":{"line":1025,"column":54}},"line":1025},"84":{"name":"(anonymous_84)","decl":{"start":{"line":1051,"column":28},"end":{"line":1051,"column":29}},"loc":{"start":{"line":1051,"column":35},"end":{"line":1051,"column":61}},"line":1051},"85":{"name":"(anonymous_85)","decl":{"start":{"line":1065,"column":28},"end":{"line":1065,"column":29}},"loc":{"start":{"line":1065,"column":35},"end":{"line":1065,"column":70}},"line":1065},"86":{"name":"(anonymous_86)","decl":{"start":{"line":1074,"column":25},"end":{"line":1074,"column":26}},"loc":{"start":{"line":1074,"column":31},"end":{"line":1074,"column":54}},"line":1074},"87":{"name":"(anonymous_87)","decl":{"start":{"line":1099,"column":25},"end":{"line":1099,"column":26}},"loc":{"start":{"line":1099,"column":31},"end":{"line":1099,"column":52}},"line":1099},"88":{"name":"(anonymous_88)","decl":{"start":{"line":1108,"column":26},"end":{"line":1108,"column":27}},"loc":{"start":{"line":1108,"column":33},"end":{"line":1108,"column":63}},"line":1108},"89":{"name":"(anonymous_89)","decl":{"start":{"line":1115,"column":25},"end":{"line":1115,"column":26}},"loc":{"start":{"line":1115,"column":31},"end":{"line":1115,"column":52}},"line":1115}},"branchMap":{"0":{"loc":{"start":{"line":75,"column":23},"end":{"line":75,"column":45}},"type":"binary-expr","locations":[{"start":{"line":75,"column":23},"end":{"line":75,"column":39}},{"start":{"line":75,"column":43},"end":{"line":75,"column":45}}],"line":75},"1":{"loc":{"start":{"line":90,"column":26},"end":{"line":91,"column":85}},"type":"binary-expr","locations":[{"start":{"line":90,"column":26},"end":{"line":90,"column":89}},{"start":{"line":91,"column":25},"end":{"line":91,"column":85}}],"line":90},"2":{"loc":{"start":{"line":92,"column":24},"end":{"line":92,"column":72}},"type":"binary-expr","locations":[{"start":{"line":92,"column":24},"end":{"line":92,"column":44}},{"start":{"line":92,"column":48},"end":{"line":92,"column":72}}],"line":92},"3":{"loc":{"start":{"line":93,"column":26},"end":{"line":93,"column":80}},"type":"binary-expr","locations":[{"start":{"line":93,"column":26},"end":{"line":93,"column":48}},{"start":{"line":93,"column":52},"end":{"line":93,"column":80}}],"line":93},"4":{"loc":{"start":{"line":95,"column":11},"end":{"line":95,"column":56}},"type":"binary-expr","locations":[{"start":{"line":95,"column":11},"end":{"line":95,"column":24}},{"start":{"line":95,"column":28},"end":{"line":95,"column":39}},{"start":{"line":95,"column":43},"end":{"line":95,"column":56}}],"line":95},"5":{"loc":{"start":{"line":100,"column":26},"end":{"line":101,"column":95}},"type":"binary-expr","locations":[{"start":{"line":100,"column":26},"end":{"line":100,"column":99}},{"start":{"line":101,"column":25},"end":{"line":101,"column":95}}],"line":100},"6":{"loc":{"start":{"line":102,"column":24},"end":{"line":102,"column":92}},"type":"binary-expr","locations":[{"start":{"line":102,"column":24},"end":{"line":102,"column":54}},{"start":{"line":102,"column":58},"end":{"line":102,"column":92}}],"line":102},"7":{"loc":{"start":{"line":103,"column":26},"end":{"line":103,"column":100}},"type":"binary-expr","locations":[{"start":{"line":103,"column":26},"end":{"line":103,"column":58}},{"start":{"line":103,"column":62},"end":{"line":103,"column":100}}],"line":103},"8":{"loc":{"start":{"line":105,"column":11},"end":{"line":105,"column":56}},"type":"binary-expr","locations":[{"start":{"line":105,"column":11},"end":{"line":105,"column":24}},{"start":{"line":105,"column":28},"end":{"line":105,"column":39}},{"start":{"line":105,"column":43},"end":{"line":105,"column":56}}],"line":105},"9":{"loc":{"start":{"line":110,"column":4},"end":{"line":114,"column":5}},"type":"if","locations":[{"start":{"line":110,"column":4},"end":{"line":114,"column":5}},{"start":{"line":112,"column":11},"end":{"line":114,"column":5}}],"line":110},"10":{"loc":{"start":{"line":120,"column":6},"end":{"line":124,"column":7}},"type":"if","locations":[{"start":{"line":120,"column":6},"end":{"line":124,"column":7}},{"start":{"line":122,"column":13},"end":{"line":124,"column":7}}],"line":120},"11":{"loc":{"start":{"line":129,"column":4},"end":{"line":132,"column":5}},"type":"if","locations":[{"start":{"line":129,"column":4},"end":{"line":132,"column":5}},{"start":{},"end":{}}],"line":129},"12":{"loc":{"start":{"line":142,"column":6},"end":{"line":160,"column":7}},"type":"switch","locations":[{"start":{"line":143,"column":8},"end":{"line":147,"column":16}},{"start":{"line":148,"column":8},"end":{"line":152,"column":16}},{"start":{"line":153,"column":8},"end":{"line":157,"column":16}},{"start":{"line":158,"column":8},"end":{"line":159,"column":16}}],"line":142},"13":{"loc":{"start":{"line":180,"column":24},"end":{"line":180,"column":70}},"type":"cond-expr","locations":[{"start":{"line":180,"column":51},"end":{"line":180,"column":59}},{"start":{"line":180,"column":62},"end":{"line":180,"column":70}}],"line":180},"14":{"loc":{"start":{"line":185,"column":8},"end":{"line":187,"column":16}},"type":"cond-expr","locations":[{"start":{"line":186,"column":12},"end":{"line":186,"column":42}},{"start":{"line":187,"column":12},"end":{"line":187,"column":16}}],"line":185},"15":{"loc":{"start":{"line":214,"column":8},"end":{"line":216,"column":16}},"type":"cond-expr","locations":[{"start":{"line":215,"column":12},"end":{"line":215,"column":68}},{"start":{"line":216,"column":12},"end":{"line":216,"column":16}}],"line":214},"16":{"loc":{"start":{"line":224,"column":6},"end":{"line":236,"column":7}},"type":"if","locations":[{"start":{"line":224,"column":6},"end":{"line":236,"column":7}},{"start":{"line":234,"column":13},"end":{"line":236,"column":7}}],"line":224},"17":{"loc":{"start":{"line":226,"column":8},"end":{"line":233,"column":9}},"type":"if","locations":[{"start":{"line":226,"column":8},"end":{"line":233,"column":9}},{"start":{"line":231,"column":15},"end":{"line":233,"column":9}}],"line":226},"18":{"loc":{"start":{"line":226,"column":12},"end":{"line":226,"column":60}},"type":"binary-expr","locations":[{"start":{"line":226,"column":12},"end":{"line":226,"column":41}},{"start":{"line":226,"column":45},"end":{"line":226,"column":60}}],"line":226},"19":{"loc":{"start":{"line":228,"column":10},"end":{"line":230,"column":11}},"type":"if","locations":[{"start":{"line":228,"column":10},"end":{"line":230,"column":11}},{"start":{},"end":{}}],"line":228},"20":{"loc":{"start":{"line":231,"column":15},"end":{"line":233,"column":9}},"type":"if","locations":[{"start":{"line":231,"column":15},"end":{"line":233,"column":9}},{"start":{},"end":{}}],"line":231},"21":{"loc":{"start":{"line":234,"column":13},"end":{"line":236,"column":7}},"type":"if","locations":[{"start":{"line":234,"column":13},"end":{"line":236,"column":7}},{"start":{},"end":{}}],"line":234},"22":{"loc":{"start":{"line":246,"column":4},"end":{"line":250,"column":5}},"type":"if","locations":[{"start":{"line":246,"column":4},"end":{"line":250,"column":5}},{"start":{"line":248,"column":11},"end":{"line":250,"column":5}}],"line":246},"23":{"loc":{"start":{"line":256,"column":6},"end":{"line":260,"column":7}},"type":"if","locations":[{"start":{"line":256,"column":6},"end":{"line":260,"column":7}},{"start":{"line":258,"column":13},"end":{"line":260,"column":7}}],"line":256},"24":{"loc":{"start":{"line":265,"column":4},"end":{"line":268,"column":5}},"type":"if","locations":[{"start":{"line":265,"column":4},"end":{"line":268,"column":5}},{"start":{},"end":{}}],"line":265},"25":{"loc":{"start":{"line":288,"column":8},"end":{"line":295,"column":9}},"type":"if","locations":[{"start":{"line":288,"column":8},"end":{"line":295,"column":9}},{"start":{},"end":{}}],"line":288},"26":{"loc":{"start":{"line":302,"column":23},"end":{"line":302,"column":43}},"type":"cond-expr","locations":[{"start":{"line":302,"column":32},"end":{"line":302,"column":36}},{"start":{"line":302,"column":39},"end":{"line":302,"column":43}}],"line":302},"27":{"loc":{"start":{"line":314,"column":4},"end":{"line":314,"column":53}},"type":"if","locations":[{"start":{"line":314,"column":4},"end":{"line":314,"column":53}},{"start":{},"end":{}}],"line":314},"28":{"loc":{"start":{"line":314,"column":8},"end":{"line":314,"column":44}},"type":"binary-expr","locations":[{"start":{"line":314,"column":8},"end":{"line":314,"column":21}},{"start":{"line":314,"column":25},"end":{"line":314,"column":44}}],"line":314},"29":{"loc":{"start":{"line":345,"column":4},"end":{"line":348,"column":5}},"type":"if","locations":[{"start":{"line":345,"column":4},"end":{"line":348,"column":5}},{"start":{},"end":{}}],"line":345},"30":{"loc":{"start":{"line":345,"column":8},"end":{"line":345,"column":63}},"type":"binary-expr","locations":[{"start":{"line":345,"column":8},"end":{"line":345,"column":23}},{"start":{"line":345,"column":27},"end":{"line":345,"column":35}},{"start":{"line":345,"column":39},"end":{"line":345,"column":63}}],"line":345},"31":{"loc":{"start":{"line":360,"column":8},"end":{"line":360,"column":58}},"type":"cond-expr","locations":[{"start":{"line":360,"column":40},"end":{"line":360,"column":51}},{"start":{"line":360,"column":54},"end":{"line":360,"column":58}}],"line":360},"32":{"loc":{"start":{"line":383,"column":11},"end":{"line":383,"column":34}},"type":"binary-expr","locations":[{"start":{"line":383,"column":11},"end":{"line":383,"column":26}},{"start":{"line":383,"column":30},"end":{"line":383,"column":34}}],"line":383},"33":{"loc":{"start":{"line":388,"column":4},"end":{"line":392,"column":5}},"type":"switch","locations":[{"start":{"line":389,"column":6},"end":{"line":389,"column":47}},{"start":{"line":390,"column":6},"end":{"line":390,"column":57}},{"start":{"line":391,"column":6},"end":{"line":391,"column":42}}],"line":388},"34":{"loc":{"start":{"line":397,"column":11},"end":{"line":397,"column":54}},"type":"cond-expr","locations":[{"start":{"line":397,"column":33},"end":{"line":397,"column":42}},{"start":{"line":397,"column":45},"end":{"line":397,"column":54}}],"line":397},"35":{"loc":{"start":{"line":411,"column":11},"end":{"line":411,"column":28}},"type":"binary-expr","locations":[{"start":{"line":411,"column":11},"end":{"line":411,"column":21}},{"start":{"line":411,"column":25},"end":{"line":411,"column":28}}],"line":411},"36":{"loc":{"start":{"line":417,"column":4},"end":{"line":419,"column":5}},"type":"if","locations":[{"start":{"line":417,"column":4},"end":{"line":419,"column":5}},{"start":{},"end":{}}],"line":417},"37":{"loc":{"start":{"line":417,"column":8},"end":{"line":417,"column":73}},"type":"binary-expr","locations":[{"start":{"line":417,"column":8},"end":{"line":417,"column":44}},{"start":{"line":417,"column":48},"end":{"line":417,"column":73}}],"line":417},"38":{"loc":{"start":{"line":422,"column":4},"end":{"line":428,"column":5}},"type":"if","locations":[{"start":{"line":422,"column":4},"end":{"line":428,"column":5}},{"start":{},"end":{}}],"line":422},"39":{"loc":{"start":{"line":422,"column":8},"end":{"line":422,"column":87}},"type":"binary-expr","locations":[{"start":{"line":422,"column":8},"end":{"line":422,"column":44}},{"start":{"line":422,"column":48},"end":{"line":422,"column":87}}],"line":422},"40":{"loc":{"start":{"line":461,"column":11},"end":{"line":461,"column":61}},"type":"binary-expr","locations":[{"start":{"line":461,"column":11},"end":{"line":461,"column":37}},{"start":{"line":461,"column":41},"end":{"line":461,"column":61}}],"line":461},"41":{"loc":{"start":{"line":475,"column":4},"end":{"line":479,"column":5}},"type":"if","locations":[{"start":{"line":475,"column":4},"end":{"line":479,"column":5}},{"start":{"line":477,"column":11},"end":{"line":479,"column":5}}],"line":475},"42":{"loc":{"start":{"line":484,"column":4},"end":{"line":488,"column":5}},"type":"if","locations":[{"start":{"line":484,"column":4},"end":{"line":488,"column":5}},{"start":{"line":486,"column":11},"end":{"line":488,"column":5}}],"line":484},"43":{"loc":{"start":{"line":501,"column":34},"end":{"line":501,"column":71}},"type":"cond-expr","locations":[{"start":{"line":501,"column":58},"end":{"line":501,"column":66}},{"start":{"line":501,"column":69},"end":{"line":501,"column":71}}],"line":501},"44":{"loc":{"start":{"line":508,"column":34},"end":{"line":508,"column":77}},"type":"cond-expr","locations":[{"start":{"line":508,"column":64},"end":{"line":508,"column":72}},{"start":{"line":508,"column":75},"end":{"line":508,"column":77}}],"line":508},"45":{"loc":{"start":{"line":517,"column":7},"end":{"line":797,"column":7}},"type":"binary-expr","locations":[{"start":{"line":517,"column":7},"end":{"line":517,"column":28}},{"start":{"line":518,"column":8},"end":{"line":796,"column":14}}],"line":517},"46":{"loc":{"start":{"line":522,"column":15},"end":{"line":526,"column":15}},"type":"binary-expr","locations":[{"start":{"line":522,"column":15},"end":{"line":522,"column":39}},{"start":{"line":523,"column":16},"end":{"line":525,"column":23}}],"line":522},"47":{"loc":{"start":{"line":531,"column":41},"end":{"line":531,"column":68}},"type":"cond-expr","locations":[{"start":{"line":531,"column":55},"end":{"line":531,"column":63}},{"start":{"line":531,"column":66},"end":{"line":531,"column":68}}],"line":531},"48":{"loc":{"start":{"line":552,"column":11},"end":{"line":572,"column":11}},"type":"binary-expr","locations":[{"start":{"line":552,"column":11},"end":{"line":552,"column":22}},{"start":{"line":553,"column":12},"end":{"line":571,"column":18}}],"line":552},"49":{"loc":{"start":{"line":575,"column":11},"end":{"line":607,"column":11}},"type":"binary-expr","locations":[{"start":{"line":575,"column":11},"end":{"line":575,"column":35}},{"start":{"line":576,"column":12},"end":{"line":606,"column":18}}],"line":575},"50":{"loc":{"start":{"line":609,"column":45},"end":{"line":609,"column":94}},"type":"cond-expr","locations":[{"start":{"line":609,"column":68},"end":{"line":609,"column":79}},{"start":{"line":609,"column":82},"end":{"line":609,"column":94}}],"line":609},"51":{"loc":{"start":{"line":609,"column":45},"end":{"line":609,"column":65}},"type":"binary-expr","locations":[{"start":{"line":609,"column":45},"end":{"line":609,"column":53}},{"start":{"line":609,"column":57},"end":{"line":609,"column":65}}],"line":609},"52":{"loc":{"start":{"line":611,"column":13},"end":{"line":699,"column":13}},"type":"binary-expr","locations":[{"start":{"line":611,"column":13},"end":{"line":611,"column":22}},{"start":{"line":611,"column":26},"end":{"line":611,"column":35}},{"start":{"line":612,"column":14},"end":{"line":698,"column":20}}],"line":611},"53":{"loc":{"start":{"line":613,"column":17},"end":{"line":630,"column":17}},"type":"binary-expr","locations":[{"start":{"line":613,"column":17},"end":{"line":613,"column":41}},{"start":{"line":614,"column":18},"end":{"line":629,"column":24}}],"line":613},"54":{"loc":{"start":{"line":664,"column":25},"end":{"line":664,"column":63}},"type":"cond-expr","locations":[{"start":{"line":664,"column":52},"end":{"line":664,"column":56}},{"start":{"line":664,"column":59},"end":{"line":664,"column":63}}],"line":664},"55":{"loc":{"start":{"line":673,"column":49},"end":{"line":673,"column":91}},"type":"cond-expr","locations":[{"start":{"line":673,"column":76},"end":{"line":673,"column":81}},{"start":{"line":673,"column":84},"end":{"line":673,"column":91}}],"line":673},"56":{"loc":{"start":{"line":677,"column":25},"end":{"line":677,"column":97}},"type":"cond-expr","locations":[{"start":{"line":677,"column":52},"end":{"line":677,"column":69}},{"start":{"line":677,"column":72},"end":{"line":677,"column":97}}],"line":677},"57":{"loc":{"start":{"line":678,"column":25},"end":{"line":678,"column":63}},"type":"cond-expr","locations":[{"start":{"line":678,"column":52},"end":{"line":678,"column":56}},{"start":{"line":678,"column":59},"end":{"line":678,"column":63}}],"line":678},"58":{"loc":{"start":{"line":702,"column":13},"end":{"line":785,"column":13}},"type":"binary-expr","locations":[{"start":{"line":702,"column":14},"end":{"line":702,"column":22}},{"start":{"line":702,"column":26},"end":{"line":702,"column":34}},{"start":{"line":703,"column":14},"end":{"line":784,"column":20}}],"line":702},"59":{"loc":{"start":{"line":742,"column":27},"end":{"line":742,"column":65}},"type":"cond-expr","locations":[{"start":{"line":742,"column":54},"end":{"line":742,"column":58}},{"start":{"line":742,"column":61},"end":{"line":742,"column":65}}],"line":742},"60":{"loc":{"start":{"line":759,"column":49},"end":{"line":759,"column":91}},"type":"cond-expr","locations":[{"start":{"line":759,"column":76},"end":{"line":759,"column":81}},{"start":{"line":759,"column":84},"end":{"line":759,"column":91}}],"line":759},"61":{"loc":{"start":{"line":763,"column":25},"end":{"line":763,"column":97}},"type":"cond-expr","locations":[{"start":{"line":763,"column":52},"end":{"line":763,"column":69}},{"start":{"line":763,"column":72},"end":{"line":763,"column":97}}],"line":763},"62":{"loc":{"start":{"line":764,"column":25},"end":{"line":764,"column":63}},"type":"cond-expr","locations":[{"start":{"line":764,"column":52},"end":{"line":764,"column":56}},{"start":{"line":764,"column":59},"end":{"line":764,"column":63}}],"line":764},"63":{"loc":{"start":{"line":788,"column":13},"end":{"line":794,"column":13}},"type":"binary-expr","locations":[{"start":{"line":788,"column":13},"end":{"line":788,"column":31}},{"start":{"line":788,"column":35},"end":{"line":788,"column":45}},{"start":{"line":789,"column":14},"end":{"line":793,"column":20}}],"line":788},"64":{"loc":{"start":{"line":800,"column":7},"end":{"line":967,"column":7}},"type":"binary-expr","locations":[{"start":{"line":800,"column":7},"end":{"line":800,"column":34}},{"start":{"line":801,"column":8},"end":{"line":966,"column":14}}],"line":800},"65":{"loc":{"start":{"line":805,"column":15},"end":{"line":809,"column":15}},"type":"binary-expr","locations":[{"start":{"line":805,"column":15},"end":{"line":805,"column":49}},{"start":{"line":806,"column":16},"end":{"line":808,"column":23}}],"line":805},"66":{"loc":{"start":{"line":814,"column":41},"end":{"line":814,"column":78}},"type":"cond-expr","locations":[{"start":{"line":814,"column":65},"end":{"line":814,"column":73}},{"start":{"line":814,"column":76},"end":{"line":814,"column":78}}],"line":814},"67":{"loc":{"start":{"line":835,"column":11},"end":{"line":855,"column":11}},"type":"binary-expr","locations":[{"start":{"line":835,"column":11},"end":{"line":835,"column":32}},{"start":{"line":836,"column":12},"end":{"line":854,"column":18}}],"line":835},"68":{"loc":{"start":{"line":858,"column":11},"end":{"line":892,"column":11}},"type":"binary-expr","locations":[{"start":{"line":858,"column":11},"end":{"line":858,"column":45}},{"start":{"line":859,"column":12},"end":{"line":891,"column":18}}],"line":858},"69":{"loc":{"start":{"line":895,"column":13},"end":{"line":910,"column":13}},"type":"binary-expr","locations":[{"start":{"line":895,"column":13},"end":{"line":895,"column":47}},{"start":{"line":896,"column":14},"end":{"line":909,"column":20}}],"line":895},"70":{"loc":{"start":{"line":913,"column":63},"end":{"line":913,"column":122}},"type":"cond-expr","locations":[{"start":{"line":913,"column":107},"end":{"line":913,"column":117}},{"start":{"line":913,"column":120},"end":{"line":913,"column":122}}],"line":913},"71":{"loc":{"start":{"line":933,"column":21},"end":{"line":933,"column":59}},"type":"cond-expr","locations":[{"start":{"line":933,"column":48},"end":{"line":933,"column":52}},{"start":{"line":933,"column":55},"end":{"line":933,"column":59}}],"line":933},"72":{"loc":{"start":{"line":944,"column":56},"end":{"line":944,"column":88}},"type":"cond-expr","locations":[{"start":{"line":944,"column":66},"end":{"line":944,"column":75}},{"start":{"line":944,"column":78},"end":{"line":944,"column":88}}],"line":944},"73":{"loc":{"start":{"line":946,"column":34},"end":{"line":946,"column":71}},"type":"binary-expr","locations":[{"start":{"line":946,"column":34},"end":{"line":946,"column":43}},{"start":{"line":946,"column":47},"end":{"line":946,"column":71}}],"line":946},"74":{"loc":{"start":{"line":948,"column":25},"end":{"line":948,"column":84}},"type":"cond-expr","locations":[{"start":{"line":948,"column":35},"end":{"line":948,"column":60}},{"start":{"line":948,"column":63},"end":{"line":948,"column":84}}],"line":948},"75":{"loc":{"start":{"line":949,"column":25},"end":{"line":949,"column":48}},"type":"cond-expr","locations":[{"start":{"line":949,"column":35},"end":{"line":949,"column":40}},{"start":{"line":949,"column":43},"end":{"line":949,"column":48}}],"line":949},"76":{"loc":{"start":{"line":958,"column":13},"end":{"line":964,"column":13}},"type":"binary-expr","locations":[{"start":{"line":958,"column":13},"end":{"line":958,"column":49}},{"start":{"line":958,"column":53},"end":{"line":958,"column":63}},{"start":{"line":959,"column":14},"end":{"line":963,"column":20}}],"line":958},"77":{"loc":{"start":{"line":970,"column":7},"end":{"line":1015,"column":7}},"type":"binary-expr","locations":[{"start":{"line":970,"column":7},"end":{"line":970,"column":21}},{"start":{"line":971,"column":8},"end":{"line":1014,"column":14}}],"line":970},"78":{"loc":{"start":{"line":985,"column":17},"end":{"line":985,"column":50}},"type":"binary-expr","locations":[{"start":{"line":985,"column":17},"end":{"line":985,"column":42}},{"start":{"line":985,"column":46},"end":{"line":985,"column":50}}],"line":985},"79":{"loc":{"start":{"line":986,"column":17},"end":{"line":986,"column":55}},"type":"binary-expr","locations":[{"start":{"line":986,"column":17},"end":{"line":986,"column":47}},{"start":{"line":986,"column":51},"end":{"line":986,"column":55}}],"line":986},"80":{"loc":{"start":{"line":987,"column":17},"end":{"line":987,"column":53}},"type":"binary-expr","locations":[{"start":{"line":987,"column":17},"end":{"line":987,"column":45}},{"start":{"line":987,"column":49},"end":{"line":987,"column":53}}],"line":987},"81":{"loc":{"start":{"line":990,"column":15},"end":{"line":995,"column":15}},"type":"binary-expr","locations":[{"start":{"line":990,"column":15},"end":{"line":990,"column":43}},{"start":{"line":991,"column":16},"end":{"line":994,"column":22}}],"line":990},"82":{"loc":{"start":{"line":1006,"column":42},"end":{"line":1006,"column":90}},"type":"cond-expr","locations":[{"start":{"line":1006,"column":73},"end":{"line":1006,"column":85}},{"start":{"line":1006,"column":88},"end":{"line":1006,"column":90}}],"line":1006},"83":{"loc":{"start":{"line":1010,"column":17},"end":{"line":1010,"column":44}},"type":"cond-expr","locations":[{"start":{"line":1010,"column":29},"end":{"line":1010,"column":37}},{"start":{"line":1010,"column":40},"end":{"line":1010,"column":44}}],"line":1010},"84":{"loc":{"start":{"line":1018,"column":7},"end":{"line":1089,"column":7}},"type":"binary-expr","locations":[{"start":{"line":1018,"column":7},"end":{"line":1018,"column":20}},{"start":{"line":1018,"column":24},"end":{"line":1018,"column":38}},{"start":{"line":1019,"column":8},"end":{"line":1088,"column":14}}],"line":1018},"85":{"loc":{"start":{"line":1081,"column":26},"end":{"line":1081,"column":75}},"type":"binary-expr","locations":[{"start":{"line":1081,"column":26},"end":{"line":1081,"column":34}},{"start":{"line":1081,"column":38},"end":{"line":1081,"column":62}},{"start":{"line":1081,"column":66},"end":{"line":1081,"column":75}}],"line":1081},"86":{"loc":{"start":{"line":1092,"column":7},"end":{"line":1130,"column":7}},"type":"binary-expr","locations":[{"start":{"line":1092,"column":7},"end":{"line":1092,"column":19}},{"start":{"line":1093,"column":8},"end":{"line":1129,"column":14}}],"line":1092},"87":{"loc":{"start":{"line":1122,"column":26},"end":{"line":1122,"column":58}},"type":"binary-expr","locations":[{"start":{"line":1122,"column":26},"end":{"line":1122,"column":45}},{"start":{"line":1122,"column":49},"end":{"line":1122,"column":58}}],"line":1122},"88":{"loc":{"start":{"line":1133,"column":7},"end":{"line":1137,"column":7}},"type":"binary-expr","locations":[{"start":{"line":1133,"column":7},"end":{"line":1133,"column":16}},{"start":{"line":1134,"column":8},"end":{"line":1136,"column":14}}],"line":1133}},"s":{"0":0,"1":0,"2":0,"3":0,"4":0,"5":0,"6":0,"7":0,"8":0,"9":0,"10":0,"11":0,"12":0,"13":0,"14":0,"15":0,"16":0,"17":0,"18":0,"19":0,"20":0,"21":0,"22":0,"23":0,"24":0,"25":0,"26":0,"27":0,"28":0,"29":0,"30":0,"31":0,"32":0,"33":0,"34":0,"35":0,"36":0,"37":0,"38":0,"39":0,"40":0,"41":0,"42":0,"43":0,"44":0,"45":0,"46":0,"47":0,"48":0,"49":0,"50":0,"51":0,"52":0,"53":0,"54":0,"55":0,"56":0,"57":0,"58":0,"59":0,"60":0,"61":0,"62":0,"63":0,"64":0,"65":0,"66":0,"67":0,"68":0,"69":0,"70":0,"71":0,"72":0,"73":0,"74":0,"75":0,"76":0,"77":0,"78":0,"79":0,"80":0,"81":0,"82":0,"83":0,"84":0,"85":0,"86":0,"87":0,"88":0,"89":0,"90":0,"91":0,"92":0,"93":0,"94":0,"95":0,"96":0,"97":0,"98":0,"99":0,"100":0,"101":0,"102":0,"103":0,"104":0,"105":0,"106":0,"107":0,"108":0,"109":0,"110":0,"111":0,"112":0,"113":0,"114":0,"115":0,"116":0,"117":0,"118":0,"119":0,"120":0,"121":0,"122":0,"123":0,"124":0,"125":0,"126":0,"127":0,"128":0,"129":0,"130":0,"131":0,"132":0,"133":0,"134":0,"135":0,"136":0,"137":0,"138":0,"139":0,"140":0,"141":0,"142":0,"143":0,"144":0,"145":0,"146":0,"147":0,"148":0,"149":0,"150":0,"151":0,"152":0,"153":0,"154":0,"155":0,"156":0,"157":0,"158":0,"159":0,"160":0,"161":0,"162":0,"163":0,"164":0,"165":0,"166":0,"167":0,"168":0,"169":0,"170":0,"171":0,"172":0,"173":0,"174":0,"175":0,"176":0,"177":0,"178":0,"179":0,"180":0,"181":0,"182":0,"183":0,"184":0,"185":0,"186":0,"187":0,"188":0,"189":0,"190":0,"191":0,"192":0,"193":0,"194":0,"195":0,"196":0,"197":0,"198":0,"199":0,"200":0,"201":0,"202":0,"203":0,"204":0,"205":0,"206":0,"207":0,"208":0,"209":0,"210":0,"211":0,"212":0,"213":0,"214":0,"215":0,"216":0,"217":0,"218":0,"219":0,"220":0,"221":0,"222":0,"223":0,"224":0,"225":0,"226":0,"227":0,"228":0,"229":0,"230":0,"231":0,"232":0,"233":0,"234":0,"235":0,"236":0,"237":0,"238":0,"239":0,"240":0,"241":0,"242":0,"243":0,"244":0,"245":0,"246":0,"247":0,"248":0,"249":0,"250":0,"251":0,"252":0,"253":0,"254":0,"255":0,"256":0,"257":0,"258":0,"259":0,"260":0,"261":0,"262":0,"263":0,"264":0,"265":0,"266":0,"267":0,"268":0,"269":0,"270":0,"271":0,"272":0,"273":0,"274":0,"275":0,"276":0,"277":0,"278":0,"279":0,"280":0,"281":0,"282":0,"283":0,"284":0,"285":0},"f":{"0":0,"1":0,"2":0,"3":0,"4":0,"5":0,"6":0,"7":0,"8":0,"9":0,"10":0,"11":0,"12":0,"13":0,"14":0,"15":0,"16":0,"17":0,"18":0,"19":0,"20":0,"21":0,"22":0,"23":0,"24":0,"25":0,"26":0,"27":0,"28":0,"29":0,"30":0,"31":0,"32":0,"33":0,"34":0,"35":0,"36":0,"37":0,"38":0,"39":0,"40":0,"41":0,"42":0,"43":0,"44":0,"45":0,"46":0,"47":0,"48":0,"49":0,"50":0,"51":0,"52":0,"53":0,"54":0,"55":0,"56":0,"57":0,"58":0,"59":0,"60":0,"61":0,"62":0,"63":0,"64":0,"65":0,"66":0,"67":0,"68":0,"69":0,"70":0,"71":0,"72":0,"73":0,"74":0,"75":0,"76":0,"77":0,"78":0,"79":0,"80":0,"81":0,"82":0,"83":0,"84":0,"85":0,"86":0,"87":0,"88":0,"89":0},"b":{"0":[0,0],"1":[0,0],"2":[0,0],"3":[0,0],"4":[0,0,0],"5":[0,0],"6":[0,0],"7":[0,0],"8":[0,0,0],"9":[0,0],"10":[0,0],"11":[0,0],"12":[0,0,0,0],"13":[0,0],"14":[0,0],"15":[0,0],"16":[0,0],"17":[0,0],"18":[0,0],"19":[0,0],"20":[0,0],"21":[0,0],"22":[0,0],"23":[0,0],"24":[0,0],"25":[0,0],"26":[0,0],"27":[0,0],"28":[0,0],"29":[0,0],"30":[0,0,0],"31":[0,0],"32":[0,0],"33":[0,0,0],"34":[0,0],"35":[0,0],"36":[0,0],"37":[0,0],"38":[0,0],"39":[0,0],"40":[0,0],"41":[0,0],"42":[0,0],"43":[0,0],"44":[0,0],"45":[0,0],"46":[0,0],"47":[0,0],"48":[0,0],"49":[0,0],"50":[0,0],"51":[0,0],"52":[0,0,0],"53":[0,0],"54":[0,0],"55":[0,0],"56":[0,0],"57":[0,0],"58":[0,0,0],"59":[0,0],"60":[0,0],"61":[0,0],"62":[0,0],"63":[0,0,0],"64":[0,0],"65":[0,0],"66":[0,0],"67":[0,0],"68":[0,0],"69":[0,0],"70":[0,0],"71":[0,0],"72":[0,0],"73":[0,0],"74":[0,0],"75":[0,0],"76":[0,0,0],"77":[0,0],"78":[0,0],"79":[0,0],"80":[0,0],"81":[0,0],"82":[0,0],"83":[0,0],"84":[0,0,0],"85":[0,0,0],"86":[0,0],"87":[0,0],"88":[0,0]}}
[...]
chMap":{"0":{"loc":{"start":{"line":5,"column":11},"end":{"line":5,"column":71}},"type":"binary-expr","locations":[{"start":{"line":5,"column":11},"end":{"line":5,"column":40}},{"start":{"line":5,"column":44},"end":{"line":5,"column":71}}],"line":5},"1":{"loc":{"start":{"line":17,"column":4},"end":{"line":19,"column":5}},"type":"if","locations":[{"start":{"line":17,"column":4},"end":{"line":19,"column":5}},{"start":{},"end":{}}],"line":17},"2":{"loc":{"start":{"line":71,"column":4},"end":{"line":73,"column":5}},"type":"if","locations":[{"start":{"line":71,"column":4},"end":{"line":73,"column":5}},{"start":{},"end":{}}],"line":71},"3":{"loc":{"start":{"line":90,"column":4},"end":{"line":94,"column":5}},"type":"if","locations":[{"start":{"line":90,"column":4},"end":{"line":94,"column":5}},{"start":{},"end":{}}],"line":90},"4":{"loc":{"start":{"line":97,"column":4},"end":{"line":111,"column":5}},"type":"if","locations":[{"start":{"line":97,"column":4},"end":{"line":111,"column":5}},{"start":{},"end":{}}],"line":97},"5":{"loc":{"start":{"line":98,"column":23},"end":{"line":98,"column":89}},"type":"binary-expr","locations":[{"start":{"line":98,"column":23},"end":{"line":98,"column":52}},{"start":{"line":98,"column":56},"end":{"line":98,"column":83}},{"start":{"line":98,"column":87},"end":{"line":98,"column":89}}],"line":98},"6":{"loc":{"start":{"line":101,"column":6},"end":{"line":106,"column":7}},"type":"if","locations":[{"start":{"line":101,"column":6},"end":{"line":106,"column":7}},{"start":{},"end":{}}],"line":101},"7":{"loc":{"start":{"line":101,"column":10},"end":{"line":103,"column":38}},"type":"binary-expr","locations":[{"start":{"line":101,"column":10},"end":{"line":101,"column":38}},{"start":{"line":101,"column":42},"end":{"line":101,"column":65}},{"start":{"line":102,"column":10},"end":{"line":102,"column":36}},{"start":{"line":102,"column":40},"end":{"line":102,"column":64}},{"start":{"line":103,"column":10},"end":{"line":103,"column":38}}],"line":101},"8":{"loc":{"start":{"line":109,"column":22},"end":{"line":109,"column":48}},"type":"binary-expr","locations":[{"start":{"line":109,"column":22},"end":{"line":109,"column":30}},{"start":{"line":109,"column":34},"end":{"line":109,"column":48}}],"line":109},"9":{"loc":{"start":{"line":114,"column":20},"end":{"line":114,"column":107}},"type":"binary-expr","locations":[{"start":{"line":114,"column":20},"end":{"line":114,"column":49}},{"start":{"line":114,"column":53},"end":{"line":114,"column":80}},{"start":{"line":114,"column":84},"end":{"line":114,"column":97}},{"start":{"line":114,"column":101},"end":{"line":114,"column":107}}],"line":114},"10":{"loc":{"start":{"line":146,"column":24},"end":{"line":146,"column":35}},"type":"default-arg","locations":[{"start":{"line":146,"column":33},"end":{"line":146,"column":35}}],"line":146},"11":{"loc":{"start":{"line":167,"column":13},"end":{"line":167,"column":24}},"type":"default-arg","locations":[{"start":{"line":167,"column":22},"end":{"line":167,"column":24}}],"line":167},"12":{"loc":{"start":{"line":218,"column":20},"end":{"line":218,"column":31}},"type":"default-arg","locations":[{"start":{"line":218,"column":29},"end":{"line":218,"column":31}}],"line":218},"13":{"loc":{"start":{"line":236,"column":13},"end":{"line":236,"column":24}},"type":"default-arg","locations":[{"start":{"line":236,"column":22},"end":{"line":236,"column":24}}],"line":236},"14":{"loc":{"start":{"line":251,"column":20},"end":{"line":251,"column":31}},"type":"default-arg","locations":[{"start":{"line":251,"column":29},"end":{"line":251,"column":31}}],"line":251},"15":{"loc":{"start":{"line":257,"column":12},"end":{"line":257,"column":23}},"type":"default-arg","locations":[{"start":{"line":257,"column":21},"end":{"line":257,"column":23}}],"line":257},"16":{"loc":{"start":{"line":270,"column":11},"end":{"line":270,"column":25}},"type":"default-arg","locations":[{"start":{"line":270,"column":21},"end":{"line":270,"column":25}}],"line":270},"17":{"loc":{"start":{"line":300,"column":8},"end":{"line":303,"column":9}},"type":"if","locations":[{"start":{"line":300,"column":8},"end":{"line":303,"column":9}},{"start":{},"end":{}}],"line":300},"18":{"loc":{"start":{"line":344,"column":11},"end":{"line":344,"column":47}},"type":"cond-expr","locations":[{"start":{"line":344,"column":21},"end":{"line":344,"column":40}},{"start":{"line":344,"column":43},"end":{"line":344,"column":47}}],"line":344},"19":{"loc":{"start":{"line":371,"column":17},"end":{"line":371,"column":28}},"type":"default-arg","locations":[{"start":{"line":371,"column":26},"end":{"line":371,"column":28}}],"line":371},"20":{"loc":{"start":{"line":404,"column":29},"end":{"line":404,"column":46}},"type":"default-arg","locations":[{"start":{"line":404,"column":42},"end":{"line":404,"column":46}}],"line":404},"21":{"loc":{"start":{"line":404,"column":48},"end":{"line":404,"column":56}},"type":"default-arg","locations":[{"start":{"line":404,"column":55},"end":{"line":404,"column":56}}],"line":404},"22":{"loc":{"start":{"line":404,"column":58},"end":{"line":404,"column":67}},"type":"default-arg","locations":[{"start":{"line":404,"column":65},"end":{"line":404,"column":67}}],"line":404},"23":{"loc":{"start":{"line":406,"column":4},"end":{"line":406,"column":51}},"type":"if","locations":[{"start":{"line":406,"column":4},"end":{"line":406,"column":51}},{"start":{},"end":{}}],"line":406}},"s":{"0":0,"1":0,"2":0,"3":0,"4":0,"5":0,"6":0,"7":0,"8":0,"9":0,"10":0,"11":0,"12":0,"13":0,"14":0,"15":0,"16":0,"17":0,"18":0,"19":0,"20":0,"21":0,"22":0,"23":0,"24":0,"25":0,"26":0,"27":0,"28":0,"29":0,"30":0,"31":0,"32":0,"33":0,"34":0,"35":0,"36":0,"37":0,"38":0,"39":0,"40":0,"41":0,"42":0,"43":0,"44":0,"45":0,"46":0,"47":0,"48":0,"49":0,"50":0,"51":0,"52":0,"53":0,"54":0,"55":0,"56":0,"57":0,"58":0,"59":0,"60":0,"61":0,"62":0,"63":0,"64":0,"65":0,"66":0,"67":0,"68":0,"69":0,"70":0,"71":0,"72":0,"73":0,"74":0,"75":0,"76":0,"77":0,"78":0,"79":0,"80":0,"81":0,"82":0,"83":0,"84":0,"85":0,"86":0,"87":0,"88":0,"89":0,"90":0,"91":0,"92":0,"93":0,"94":0,"95":0,"96":0,"97":0,"98":0,"99":0,"100":0,"101":0,"102":0,"103":0,"104":0,"105":0,"106":0,"107":0,"108":0,"109":0,"110":0,"111":0,"112":0,"113":0,"114":0,"115":0,"116":0,"117":0,"118":0,"119":0,"120":0,"121":0,"122":0,"123":0,"124":0,"125":0,"126":0,"127":0,"128":0,"129":0,"130":0,"131":0,"132":0,"133":0,"134":0,"135":0,"136":0,"137":0,"138":0,"139":0},"f":{"0":0,"1":0,"2":0,"3":0,"4":0,"5":0,"6":0,"7":0,"8":0,"9":0,"10":0,"11":0,"12":0,"13":0,"14":0,"15":0,"16":0,"17":0,"18":0,"19":0,"20":0,"21":0,"22":0,"23":0,"24":0,"25":0,"26":0,"27":0,"28":0,"29":0,"30":0,"31":0,"32":0,"33":0,"34":0,"35":0,"36":0,"37":0,"38":0,"39":0,"40":0,"41":0,"42":0,"43":0,"44":0,"45":0,"46":0,"47":0,"48":0,"49":0,"50":0,"51":0,"52":0,"53":0,"54":0,"55":0,"56":0,"57":0,"58":0,"59":0,"60":0,"61":0,"62":0,"63":0,"64":0,"65":0,"66":0,"67":0,"68":0,"69":0,"70":0,"71":0,"72":0,"73":0,"74":0,"75":0,"76":0,"77":0,"78":0,"79":0,"80":0,"81":0,"82":0,"83":0,"84":0,"85":0,"86":0,"87":0},"b":{"0":[0,0],"1":[0,0],"2":[0,0],"3":[0,0],"4":[0,0],"5":[0,0,0],"6":[0,0],"7":[0,0,0,0,0],"8":[0,0],"9":[0,0,0,0],"10":[0],"11":[0],"12":[0],"13":[0],"14":[0],"15":[0],"16":[0],"17":[0,0],"18":[0,0],"19":[0],"20":[0],"21":[0],"22":[0],"23":[0,0]}}
,"C:\\myProject\\UIPrototype\\SE25Project-05\\TechPrototype\\src\\services\\promptTemplateAPI.js": {"path":"C:\\myProject\\UIPrototype\\SE25Project-05\\TechPrototype\\src\\services\\promptTemplateAPI.js","statementMap":{"0":{"start":{"line":1,"column":21},"end":{"line":1,"column":44}},"1":{"start":{"line":4,"column":21},"end":{"line":6,"column":1}},"2":{"start":{"line":5,"column":2},"end":{"line":5,"column":43}},"3":{"start":{"line":9,"column":19},"end":{"line":29,"column":1}},"4":{"start":{"line":10,"column":16},"end":{"line":10,"column":30}},"5":{"start":{"line":11,"column":25},"end":{"line":17,"column":3}},"6":{"start":{"line":19,"column":19},"end":{"line":22,"column":4}},"7":{"start":{"line":24,"column":2},"end":{"line":26,"column":3}},"8":{"start":{"line":25,"column":4},"end":{"line":25,"column":62}},"9":{"start":{"line":28,"column":2},"end":{"line":28,"column":31}},"10":{"start":{"line":31,"column":33},"end":{"line":183,"column":1}},"11":{"start":{"line":34,"column":4},"end":{"line":39,"column":5}},"12":{"start":{"line":35,"column":6},"end":{"line":35,"column":62}},"13":{"start":{"line":37,"column":6},"end":{"line":37,"column":40}},"14":{"start":{"line":38,"column":6},"end":{"line":38,"column":18}},"15":{"start":{"line":44,"column":4},"end":{"line":68,"column":5}},"16":{"start":{"line":45,"column":26},"end":{"line":45,"column":47}},"17":{"start":{"line":47,"column":6},"end":{"line":49,"column":7}},"18":{"start":{"line":48,"column":8},"end":{"line":48,"column":60}},"19":{"start":{"line":50,"column":6},"end":{"line":52,"column":7}},"20":{"start":{"line":51,"column":8},"end":{"line":51,"column":54}},"21":{"start":{"line":53,"column":6},"end":{"line":55,"column":7}},"22":{"start":{"line":54,"column":8},"end":{"line":54,"column":48}},"23":{"start":{"line":56,"column":6},"end":{"line":58,"column":7}},"24":{"start":{"line":57,"column":8},"end":{"line":57,"column":48}},"25":{"start":{"line":59,"column":6},"end":{"line":61,"column":7}},"26":{"start":{"line":60,"column":8},"end":{"line":60,"column":48}},"27":{"start":{"line":63,"column":18},"end":{"line":63,"column":98}},"28":{"start":{"line":64,"column":6},"end":{"line":64,"column":35}},"29":{"start":{"line":66,"column":6},"end":{"line":66,"column":40}},"30":{"start":{"line":67,"column":6},"end":{"line":67,"column":18}},"31":{"start":{"line":73,"column":4},"end":{"line":78,"column":5}},"32":{"start":{"line":74,"column":6},"end":{"line":74,"column":60}},"33":{"start":{"line":76,"column":6},"end":{"line":76,"column":40}},"34":{"start":{"line":77,"column":6},"end":{"line":77,"column":18}},"35":{"start":{"line":83,"column":4},"end":{"line":88,"column":5}},"36":{"start":{"line":84,"column":6},"end":{"line":84,"column":59}},"37":{"start":{"line":86,"column":6},"end":{"line":86,"column":40}},"38":{"start":{"line":87,"column":6},"end":{"line":87,"column":18}},"39":{"start":{"line":93,"column":4},"end":{"line":98,"column":5}},"40":{"start":{"line":94,"column":6},"end":{"line":94,"column":58}},"41":{"start":{"line":96,"column":6},"end":{"line":96,"column":40}},"42":{"start":{"line":97,"column":6},"end":{"line":97,"column":18}},"43":{"start":{"line":103,"column":4},"end":{"line":108,"column":5}},"44":{"start":{"line":104,"column":6},"end":{"line":104,"column":102}},"45":{"start":{"line":106,"column":6},"end":{"line":106,"column":40}},"46":{"start":{"line":107,"column":6},"end":{"line":107,"column":18}},"47":{"start":{"line":113,"column":4},"end":{"line":118,"column":5}},"48":{"start":{"line":114,"column":6},"end":{"line":114,"column":57}},"49":{"start":{"line":116,"column":6},"end":{"line":116,"column":40}},"50":{"start":{"line":117,"column":6},"end":{"line":117,"column":18}},"51":{"start":{"line":123,"column":4},"end":{"line":131,"column":5}},"52":{"start":{"line":124,"column":6},"end":{"line":127,"column":9}},"53":{"start":{"line":129,"column":6},"end":{"line":129,"column":38}},"54":{"start":{"line":130,"column":6},"end":{"line":130,"column":18}},"55":{"start":{"line":136,"column":4},"end":{"line":144,"column":5}},"56":{"start":{"line":137,"column":6},"end":{"line":140,"column":9}},"57":{"start":{"line":142,"column":6},"end":{"line":142,"column":38}},"58":{"start":{"line":143,"column":6},"end":{"line":143,"column":18}},"59":{"start":{"line":149,"column":4},"end":{"line":156,"column":5}},"60":{"start":{"line":150,"column":6},"end":{"line":152,"column":9}},"61":{"start":{"line":154,"column":6},"end":{"line":154,"column":38}},"62":{"start":{"line":155,"column":6},"end":{"line":155,"column":18}},"63":{"start":{"line":161,"column":4},"end":{"line":168,"column":5}},"64":{"start":{"line":162,"column":6},"end":{"line":164,"column":9}},"65":{"start":{"line":166,"column":6},"end":{"line":166,"column":38}},"66":{"start":{"line":167,"column":6},"end":{"line":167,"column":18}},"67":{"start":{"line":173,"column":4},"end":{"line":181,"column":5}},"68":{"start":{"line":174,"column":6},"end":{"line":177,"column":9}},"69":{"start":{"line":179,"column":6},"end":{"line":179,"column":38}},"70":{"start":{"line":180,"column":6},"end":{"line":180,"column":18}}},"fnMap":{"0":{"name":"(anonymous_0)","decl":{"start":{"line":4,"column":21},"end":{"line":4,"column":22}},"loc":{"start":{"line":4,"column":27},"end":{"line":6,"column":1}},"line":4},"1":{"name":"(anonymous_1)","decl":{"start":{"line":9,"column":19},"end":{"line":9,"column":20}},"loc":{"start":{"line":9,"column":48},"end":{"line":29,"column":1}},"line":9},"2":{"name":"(anonymous_2)","decl":{"start":{"line":33,"column":17},"end":{"line":33,"column":18}},"loc":{"start":{"line":33,"column":29},"end":{"line":40,"column":3}},"line":33},"3":{"name":"(anonymous_3)","decl":{"start":{"line":43,"column":16},"end":{"line":43,"column":17}},"loc":{"start":{"line":43,"column":39},"end":{"line":69,"column":3}},"line":43},"4":{"name":"(anonymous_4)","decl":{"start":{"line":72,"column":24},"end":{"line":72,"column":25}},"loc":{"start":{"line":72,"column":36},"end":{"line":79,"column":3}},"line":72},"5":{"name":"(anonymous_5)","decl":{"start":{"line":82,"column":23},"end":{"line":82,"column":24}},"loc":{"start":{"line":82,"column":35},"end":{"line":89,"column":3}},"line":82},"6":{"name":"(anonymous_6)","decl":{"start":{"line":92,"column":22},"end":{"line":92,"column":23}},"loc":{"start":{"line":92,"column":34},"end":{"line":99,"column":3}},"line":92},"7":{"name":"(anonymous_7)","decl":{"start":{"line":102,"column":27},"end":{"line":102,"column":28}},"loc":{"start":{"line":102,"column":46},"end":{"line":109,"column":3}},"line":102},"8":{"name":"(anonymous_8)","decl":{"start":{"line":112,"column":19},"end":{"line":112,"column":20}},"loc":{"start":{"line":112,"column":33},"end":{"line":119,"column":3}},"line":112},"9":{"name":"(anonymous_9)","decl":{"start":{"line":122,"column":18},"end":{"line":122,"column":19}},"loc":{"start":{"line":122,"column":42},"end":{"line":132,"column":3}},"line":122},"10":{"name":"(anonymous_10)","decl":{"start":{"line":135,"column":18},"end":{"line":135,"column":19}},"loc":{"start":{"line":135,"column":46},"end":{"line":145,"column":3}},"line":135},"11":{"name":"(anonymous_11)","decl":{"start":{"line":148,"column":18},"end":{"line":148,"column":19}},"loc":{"start":{"line":148,"column":40},"end":{"line":157,"column":3}},"line":148},"12":{"name":"(anonymous_12)","decl":{"start":{"line":160,"column":14},"end":{"line":160,"column":15}},"loc":{"start":{"line":160,"column":28},"end":{"line":169,"column":3}},"line":160},"13":{"name":"(anonymous_13)","decl":{"start":{"line":172,"column":15},"end":{"line":172,"column":16}},"loc":{"start":{"line":172,"column":38},"end":{"line":182,"column":3}},"line":172}},"branchMap":{"0":{"loc":{"start":{"line":9,"column":31},"end":{"line":9,"column":43}},"type":"default-arg","locations":[{"start":{"line":9,"column":41},"end":{"line":9,"column":43}}],"line":9},"1":{"loc":{"start":{"line":14,"column":10},"end":{"line":14,"column":57}},"type":"binary-expr","locations":[{"start":{"line":14,"column":10},"end":{"line":14,"column":15}},{"start":{"line":14,"column":19},"end":{"line":14,"column":57}}],"line":14},"2":{"loc":{"start":{"line":24,"column":2},"end":{"line":26,"column":3}},"type":"if","locations":[{"start":{"line":24,"column":2},"end":{"line":26,"column":3}},{"start":{},"end":{}}],"line":24},"3":{"loc":{"start":{"line":43,"column":23},"end":{"line":43,"column":34}},"type":"default-arg","locations":[{"start":{"line":43,"column":32},"end":{"line":43,"column":34}}],"line":43},"4":{"loc":{"start":{"line":47,"column":6},"end":{"line":49,"column":7}},"type":"if","locations":[{"start":{"line":47,"column":6},"end":{"line":49,"column":7}},{"start":{},"end":{}}],"line":47},"5":{"loc":{"start":{"line":47,"column":10},"end":{"line":47,"column":71}},"type":"binary-expr","locations":[{"start":{"line":47,"column":10},"end":{"line":47,"column":36}},{"start":{"line":47,"column":40},"end":{"line":47,"column":71}}],"line":47},"6":{"loc":{"start":{"line":50,"column":6},"end":{"line":52,"column":7}},"type":"if","locations":[{"start":{"line":50,"column":6},"end":{"line":52,"column":7}},{"start":{},"end":{}}],"line":50},"7":{"loc":{"start":{"line":53,"column":6},"end":{"line":55,"column":7}},"type":"if","locations":[{"start":{"line":53,"column":6},"end":{"line":55,"column":7}},{"start":{},"end":{}}],"line":53},"8":{"loc":{"start":{"line":56,"column":6},"end":{"line":58,"column":7}},"type":"if","locations":[{"start":{"line":56,"column":6},"end":{"line":58,"column":7}},{"start":{},"end":{}}],"line":56},"9":{"loc":{"start":{"line":59,"column":6},"end":{"line":61,"column":7}},"type":"if","locations":[{"start":{"line":59,"column":6},"end":{"line":61,"column":7}},{"start":{},"end":{}}],"line":59},"10":{"loc":{"start":{"line":63,"column":38},"end":{"line":63,"column":96}},"type":"cond-expr","locations":[{"start":{"line":63,"column":63},"end":{"line":63,"column":91}},{"start":{"line":63,"column":94},"end":{"line":63,"column":96}}],"line":63}},"s":{"0":0,"1":0,"2":0,"3":0,"4":0,"5":0,"6":0,"7":0,"8":0,"9":0,"10":0,"11":0,"12":0,"13":0,"14":0,"15":0,"16":0,"17":0,"18":0,"19":0,"20":0,"21":0,"22":0,"23":0,"24":0,"25":0,"26":0,"27":0,"28":0,"29":0,"30":0,"31":0,"32":0,"33":0,"34":0,"35":0,"36":0,"37":0,"38":0,"39":0,"40":0,"41":0,"42":0,"43":0,"44":0,"45":0,"46":0,"47":0,"48":0,"49":0,"50":0,"51":0,"52":0,"53":0,"54":0,"55":0,"56":0,"57":0,"58":0,"59":0,"60":0,"61":0,"62":0,"63":0,"64":0,"65":0,"66":0,"67":0,"68":0,"69":0,"70":0},"f":{"0":0,"1":0,"2":0,"3":0,"4":0,"5":0,"6":0,"7":0,"8":0,"9":0,"10":0,"11":0,"12":0,"13":0},"b":{"0":[0],"1":[0,0],"2":[0,0],"3":[0],"4":[0,0],"5":[0,0],"6":[0,0],"7":[0,0],"8":[0,0],"9":[0,0],"10":[0,0]}}
,"C:\\myProject\\UIPrototype\\SE25Project-05\\TechPrototype\\src\\utils\\formatTime.js": {"path":"C:\\myProject\\UIPrototype\\SE25Project-05\\TechPrototype\\src\\utils\\formatTime.js","statementMap":{"0":{"start":{"line":2,"column":19},"end":{"line":18,"column":1}},"1":{"start":{"line":3,"column":17},"end":{"line":3,"column":36}},"2":{"start":{"line":4,"column":16},"end":{"line":4,"column":26}},"3":{"start":{"line":5,"column":19},"end":{"line":5,"column":29}},"4":{"start":{"line":6,"column":22},"end":{"line":6,"column":47}},"5":{"start":{"line":7,"column":21},"end":{"line":7,"column":35}},"6":{"start":{"line":9,"column":4},"end":{"line":17,"column":5}},"7":{"start":{"line":10,"column":8},"end":{"line":10,"column":20}},"8":{"start":{"line":11,"column":11},"end":{"line":17,"column":5}},"9":{"start":{"line":12,"column":8},"end":{"line":12,"column":45}},"10":{"start":{"line":13,"column":11},"end":{"line":17,"column":5}},"11":{"start":{"line":14,"column":8},"end":{"line":14,"column":43}},"12":{"start":{"line":16,"column":8},"end":{"line":16,"column":41}}},"fnMap":{"0":{"name":"(anonymous_0)","decl":{"start":{"line":2,"column":19},"end":{"line":2,"column":20}},"loc":{"start":{"line":2,"column":34},"end":{"line":18,"column":1}},"line":2}},"branchMap":{"0":{"loc":{"start":{"line":9,"column":4},"end":{"line":17,"column":5}},"type":"if","locations":[{"start":{"line":9,"column":4},"end":{"line":17,"column":5}},{"start":{"line":11,"column":11},"end":{"line":17,"column":5}}],"line":9},"1":{"loc":{"start":{"line":11,"column":11},"end":{"line":17,"column":5}},"type":"if","locations":[{"start":{"line":11,"column":11},"end":{"line":17,"column":5}},{"start":{"line":13,"column":11},"end":{"line":17,"column":5}}],"line":11},"2":{"loc":{"start":{"line":13,"column":11},"end":{"line":17,"column":5}},"type":"if","locations":[{"start":{"line":13,"column":11},"end":{"line":17,"column":5}},{"start":{"line":15,"column":11},"end":{"line":17,"column":5}}],"line":13}},"s":{"0":0,"1":0,"2":0,"3":0,"4":0,"5":0,"6":0,"7":0,"8":0,"9":0,"10":0,"11":0,"12":0},"f":{"0":0},"b":{"0":[0,0],"1":[0,0],"2":[0,0]}}
}
